<?xml version="1.0" encoding="UTF-8"?>
<testsuites name="OTM" time="271.629" tests="4" failures="4" skips="0" errors="0">
   <testsuite name="OTM" tests="4" failures="4" errors="0" time="271.629" skips="0" timestamp="2021-02-24 13:53:40" hostname="Katesopon - LAPTOP-PAE3MHPM" id="Test Suites/OTM">
      <properties>
         <property name="deviceName" value=""/>
         <property name="devicePlatform" value=""/>
         <property name="logFolder" value="C:\\Users\\Katesopon\\git\\Katalon-GitTestRepo\\Reports\\20210224_135337\\OTM\\20210224_135337"/>
         <property name="logFiles" value="C:\\Users\\Katesopon\\git\\Katalon-GitTestRepo\\Reports\\20210224_135337\\OTM\\20210224_135337\\execution0.log"/>
         <property name="attachments" value="C:\\Users\\Katesopon\\git\\Katalon-GitTestRepo\\Reports\\20210224_135337\\OTM\\20210224_135337\\1614149686345.png, C:\\Users\\Katesopon\\git\\Katalon-GitTestRepo\\Reports\\20210224_135337\\OTM\\20210224_135337\\1614149754251.png, C:\\Users\\Katesopon\\git\\Katalon-GitTestRepo\\Reports\\20210224_135337\\OTM\\20210224_135337\\1614149819031.png, C:\\Users\\Katesopon\\git\\Katalon-GitTestRepo\\Reports\\20210224_135337\\OTM\\20210224_135337\\1614149890513.png"/>
         <property name="hostName" value="Katesopon - LAPTOP-PAE3MHPM"/>
         <property name="os" value="Windows 10 64bit"/>
         <property name="katalonVersion" value="7.9.1.208"/>
         <property name="browser" value="Chrome 88.0.4324.182"/>
         <property name="hostAddress" value="192.168.1.139"/>
         <property name="sessionId" value="8c1c5886490b45d9afbcd6dc62aaa78f"/>
         <property name="seleniumVersion" value="3.141.59"/>
         <property name="proxyInformation" value="ProxyInformation { proxyOption=NO_PROXY, proxyServerType=HTTP, username=, password=********, proxyServerAddress=, proxyServerPort=0, executionList=&quot;&quot;, isApplyToDesiredCapabilities=true }"/>
         <property name="platform" value="Windows 10"/>
      </properties>
      <testcase name="Test Cases/Login before use a service/11_Normal OTM (login before)" time="64.776" classname="Test Cases/Login before use a service/11_Normal OTM (login before)" status="FAILED">
         <failure type="FAILED" message="Test Cases/Login before use a service/11_Normal OTM (login before) FAILED.
Reason:
com.kms.katalon.core.exception.StepFailedException: Unable to click on object 'Object Repository/Used/zElement-Bluuu/svg_NextMonth'
	at com.kms.katalon.core.webui.keyword.internal.WebUIKeywordMain.stepFailed(WebUIKeywordMain.groovy:64)
	at com.kms.katalon.core.webui.keyword.internal.WebUIKeywordMain.runKeyword(WebUIKeywordMain.groovy:26)
	at com.kms.katalon.core.webui.keyword.builtin.ClickKeyword.click(ClickKeyword.groovy:75)
	at com.kms.katalon.core.webui.keyword.builtin.ClickKeyword.execute(ClickKeyword.groovy:42)
	at com.kms.katalon.core.keyword.internal.KeywordExecutor.executeKeywordForPlatform(KeywordExecutor.groovy:73)
	at com.kms.katalon.core.webui.keyword.WebUiBuiltInKeywords.click(WebUiBuiltInKeywords.groovy:619)
	at com.kms.katalon.core.webui.keyword.WebUiBuiltInKeywords$click$2.call(Unknown Source)
	at 11_Normal OTM (login before).run(11_Normal OTM (login before):83)
	at com.kms.katalon.core.main.ScriptEngine.run(ScriptEngine.java:194)
	at com.kms.katalon.core.main.ScriptEngine.runScriptAsRawText(ScriptEngine.java:119)
	at com.kms.katalon.core.main.TestCaseExecutor.runScript(TestCaseExecutor.java:398)
	at com.kms.katalon.core.main.TestCaseExecutor.doExecute(TestCaseExecutor.java:389)
	at com.kms.katalon.core.main.TestCaseExecutor.processExecutionPhase(TestCaseExecutor.java:368)
	at com.kms.katalon.core.main.TestCaseExecutor.accessMainPhase(TestCaseExecutor.java:360)
	at com.kms.katalon.core.main.TestCaseExecutor.execute(TestCaseExecutor.java:255)
	at com.kms.katalon.core.main.TestSuiteExecutor.accessTestCaseMainPhase(TestSuiteExecutor.java:203)
	at com.kms.katalon.core.main.TestSuiteExecutor.accessTestSuiteMainPhase(TestSuiteExecutor.java:152)
	at com.kms.katalon.core.main.TestSuiteExecutor.execute(TestSuiteExecutor.java:95)
	at com.kms.katalon.core.main.TestCaseMain.startTestSuite(TestCaseMain.java:157)
	at com.kms.katalon.core.main.TestCaseMain$startTestSuite$0.call(Unknown Source)
	at TempTestSuite1614149617286.run(TempTestSuite1614149617286.groovy:39)
Caused by: com.kms.katalon.core.webui.exception.WebElementNotFoundException: Web element with id: 'Object Repository/Used/zElement-Bluuu/svg_NextMonth' located by '(.//*[normalize-space(text()) and normalize-space(.)='ส'])[1]/following::*[name()='svg'][2]' not found
	at com.kms.katalon.core.webui.common.WebUiCommonHelper.findWebElement(WebUiCommonHelper.java:1368)
	at com.kms.katalon.core.webui.keyword.internal.WebUIAbstractKeyword.findWebElement(WebUIAbstractKeyword.groovy:27)
	at com.kms.katalon.core.webui.keyword.internal.WebUIAbstractKeyword.findWebElement(WebUIAbstractKeyword.groovy:26)
	at com.kms.katalon.core.webui.keyword.builtin.ClickKeyword$_click_closure1.doCall(ClickKeyword.groovy:66)
	at com.kms.katalon.core.webui.keyword.builtin.ClickKeyword$_click_closure1.call(ClickKeyword.groovy)
	at com.kms.katalon.core.webui.keyword.internal.WebUIKeywordMain.runKeyword(WebUIKeywordMain.groovy:20)
	... 19 more
"/>
         <system-out><![CDATA[2021-02-24 13:53:42 - [TEST_CASE][FAILED] - Test Cases/Login before use a service/11_Normal OTM (login before): Test Cases/Login before use a service/11_Normal OTM (login before) FAILED.
Reason:
com.kms.katalon.core.exception.StepFailedException: Unable to click on object 'Object Repository/Used/zElement-Bluuu/svg_NextMonth'
	at com.kms.katalon.core.webui.keyword.internal.WebUIKeywordMain.stepFailed(WebUIKeywordMain.groovy:64)
	at com.kms.katalon.core.webui.keyword.internal.WebUIKeywordMain.runKeyword(WebUIKeywordMain.groovy:26)
	at com.kms.katalon.core.webui.keyword.builtin.ClickKeyword.click(ClickKeyword.groovy:75)
	at com.kms.katalon.core.webui.keyword.builtin.ClickKeyword.execute(ClickKeyword.groovy:42)
	at com.kms.katalon.core.keyword.internal.KeywordExecutor.executeKeywordForPlatform(KeywordExecutor.groovy:73)
	at com.kms.katalon.core.webui.keyword.WebUiBuiltInKeywords.click(WebUiBuiltInKeywords.groovy:619)
	at com.kms.katalon.core.webui.keyword.WebUiBuiltInKeywords$click$2.call(Unknown Source)
	at 11_Normal OTM (login before).run(11_Normal OTM (login before):83)
	at com.kms.katalon.core.main.ScriptEngine.run(ScriptEngine.java:194)
	at com.kms.katalon.core.main.ScriptEngine.runScriptAsRawText(ScriptEngine.java:119)
	at com.kms.katalon.core.main.TestCaseExecutor.runScript(TestCaseExecutor.java:398)
	at com.kms.katalon.core.main.TestCaseExecutor.doExecute(TestCaseExecutor.java:389)
	at com.kms.katalon.core.main.TestCaseExecutor.processExecutionPhase(TestCaseExecutor.java:368)
	at com.kms.katalon.core.main.TestCaseExecutor.accessMainPhase(TestCaseExecutor.java:360)
	at com.kms.katalon.core.main.TestCaseExecutor.execute(TestCaseExecutor.java:255)
	at com.kms.katalon.core.main.TestSuiteExecutor.accessTestCaseMainPhase(TestSuiteExecutor.java:203)
	at com.kms.katalon.core.main.TestSuiteExecutor.accessTestSuiteMainPhase(TestSuiteExecutor.java:152)
	at com.kms.katalon.core.main.TestSuiteExecutor.execute(TestSuiteExecutor.java:95)
	at com.kms.katalon.core.main.TestCaseMain.startTestSuite(TestCaseMain.java:157)
	at com.kms.katalon.core.main.TestCaseMain$startTestSuite$0.call(Unknown Source)
	at TempTestSuite1614149617286.run(TempTestSuite1614149617286.groovy:39)
Caused by: com.kms.katalon.core.webui.exception.WebElementNotFoundException: Web element with id: 'Object Repository/Used/zElement-Bluuu/svg_NextMonth' located by '(.//*[normalize-space(text()) and normalize-space(.)='ส'])[1]/following::*[name()='svg'][2]' not found
	at com.kms.katalon.core.webui.common.WebUiCommonHelper.findWebElement(WebUiCommonHelper.java:1368)
	at com.kms.katalon.core.webui.keyword.internal.WebUIAbstractKeyword.findWebElement(WebUIAbstractKeyword.groovy:27)
	at com.kms.katalon.core.webui.keyword.internal.WebUIAbstractKeyword.findWebElement(WebUIAbstractKeyword.groovy:26)
	at com.kms.katalon.core.webui.keyword.builtin.ClickKeyword$_click_closure1.doCall(ClickKeyword.groovy:66)
	at com.kms.katalon.core.webui.keyword.builtin.ClickKeyword$_click_closure1.call(ClickKeyword.groovy)
	at com.kms.katalon.core.webui.keyword.internal.WebUIKeywordMain.runKeyword(WebUIKeywordMain.groovy:20)
	... 19 more


2021-02-24 13:53:42 - [TEST_STEP][PASSED] - openBrowser(""): Browser is opened with url: ''

2021-02-24 13:53:43 - [MESSAGE][INFO] - Starting 'Chrome' driver

2021-02-24 13:53:43 - [MESSAGE][INFO] - Action delay is set to 0 milliseconds

2021-02-24 13:53:45 - [MESSAGE][PASSED] - Browser is opened with url: ''

2021-02-24 13:53:45 - [TEST_STEP][PASSED] - navigateToUrl("https://uat.bluuu.co/"): Navigate to 'https://uat.bluuu.co/' successfully

2021-02-24 13:53:47 - [MESSAGE][PASSED] - Navigate to 'https://uat.bluuu.co/' successfully

2021-02-24 13:53:47 - [TEST_STEP][PASSED] - maximizeWindow(): Current window maximized

2021-02-24 13:53:48 - [MESSAGE][PASSED] - Current window maximized

2021-02-24 13:53:48 - [TEST_STEP][PASSED] - click(findTestObject("Used/zElement-Bluuu/img_TH_avatar_Not-Login")): Object: 'Object Repository/Used/zElement-Bluuu/img_TH_avatar_Not-Login' is clicked on

2021-02-24 13:53:48 - [MESSAGE][PASSED] - Object: 'Object Repository/Used/zElement-Bluuu/img_TH_avatar_Not-Login' is clicked on

2021-02-24 13:53:48 - [TEST_STEP][PASSED] - click(findTestObject("Used/zElement-Bluuu/button_ Facebook_Login")): Object: 'Object Repository/Used/zElement-Bluuu/button_ Facebook_Login' is clicked on

2021-02-24 13:53:49 - [MESSAGE][PASSED] - Object: 'Object Repository/Used/zElement-Bluuu/button_ Facebook_Login' is clicked on

2021-02-24 13:53:49 - [TEST_STEP][PASSED] - switchToWindowTitle("Facebook"): Switched to window with title: 'Facebook'

2021-02-24 13:53:51 - [MESSAGE][PASSED] - Switched to window with title: 'Facebook'

2021-02-24 13:53:51 - [TEST_STEP][PASSED] - setText(findTestObject("Used/Page-Facebook/input__email"), "qmkecjunto_1612852822@tfbnw.net"): Text 'qmkecjunto_1612852822@tfbnw.net' is set on object 'Object Repository/Used/Page-Facebook/input__email'

2021-02-24 13:53:51 - [MESSAGE][PASSED] - Text 'qmkecjunto_1612852822@tfbnw.net' is set on object 'Object Repository/Used/Page-Facebook/input__email'

2021-02-24 13:53:51 - [TEST_STEP][PASSED] - setEncryptedText(findTestObject("Used/Page-Facebook/input__pass"), "gOP7IdE590r7JITAEPMRJQ=="): Text ****** has been set on object 'Object Repository/Used/Page-Facebook/input__pass'

2021-02-24 13:53:52 - [MESSAGE][PASSED] - Text ****** has been set on object 'Object Repository/Used/Page-Facebook/input__pass'

2021-02-24 13:53:52 - [TEST_STEP][PASSED] - click(findTestObject("Used/Page-Facebook/label__loginbutton")): Object: 'Object Repository/Used/Page-Facebook/label__loginbutton' is clicked on

2021-02-24 13:53:52 - [MESSAGE][PASSED] - Object: 'Object Repository/Used/Page-Facebook/label__loginbutton' is clicked on

2021-02-24 13:53:52 - [TEST_STEP][PASSED] - delay(7): Delayed 7 second(s)

2021-02-24 13:54:00 - [MESSAGE][PASSED] - Delayed 7 second(s)

2021-02-24 13:54:00 - [TEST_STEP][PASSED] - switchToWindowTitle("Bluuu - จ้างแม่บ้าน ผู้เชี่ยวชาญเรื่องบ้านที่คุณไว้วางใจได้มากที่สุด"): Switched to window with title: 'Bluuu - จ้างแม่บ้าน ผู้เชี่ยวชาญเรื่องบ้านที่คุณไว้วางใจได้มากที่สุด'

2021-02-24 13:54:00 - [MESSAGE][PASSED] - Switched to window with title: 'Bluuu - จ้างแม่บ้าน ผู้เชี่ยวชาญเรื่องบ้านที่คุณไว้วางใจได้มากที่สุด'

2021-02-24 13:54:00 - [TEST_STEP][PASSED] - click(findTestObject("Used/zElement-Bluuu/a_OneTimeService")): Object: 'Object Repository/Used/zElement-Bluuu/a_OneTimeService' is clicked on

2021-02-24 13:54:00 - [MESSAGE][PASSED] - Object: 'Object Repository/Used/zElement-Bluuu/a_OneTimeService' is clicked on

2021-02-24 13:54:00 - [TEST_STEP][PASSED] - click(findTestObject("Used/zElement-Bluuu/div_RoomType")): Object: 'Object Repository/Used/zElement-Bluuu/div_RoomType' is clicked on

2021-02-24 13:54:03 - [MESSAGE][INFO] - Unable to find the element located by 'By.xpath: //fieldset[@id='__BVID__244']/div/div/button/div[2]'. Please recheck the objects properties to make sure the desired element is located. 

2021-02-24 13:54:03 - [MESSAGE][WARNING] - [SELF-HEALING] Failed to find element with id 'Object Repository/Used/zElement-Bluuu/div_RoomType'. Try using Self-healing.

2021-02-24 13:54:03 - [MESSAGE][ERROR] - [SELF-HEALING] com.google.gson.stream.MalformedJsonException: Expected ':' at line 135 column 10 path $.brokenTestObjects[13].<<<<<<<

2021-02-24 13:54:03 - [MESSAGE][INFO] - [SELF-HEALING] Failed Locator: '//fieldset[@id='__BVID__244']/div/div/button/div[2]'.

2021-02-24 13:54:03 - [MESSAGE][INFO] - [SELF-HEALING] Working Locator: '//div[3]/div[2]/fieldset/div/div/button/div[2]'.

2021-02-24 13:54:04 - [MESSAGE][INFO] - [SELF-HEALING] Screenshot: C:/Users/Katesopon/git/Katalon-GitTestRepo/Reports/Self-healing/Object Repository/Used/zElement-Bluuu/div_RoomType_position.png

2021-02-24 13:54:04 - [MESSAGE][ERROR] - [SELF-HEALING] com.google.gson.stream.MalformedJsonException: Expected ':' at line 135 column 10 path $.brokenTestObjects[13].<<<<<<<

2021-02-24 13:54:04 - [MESSAGE][ERROR] - [SELF-HEALING] C:\Users\Katesopon\git\Katalon-GitTestRepo\Reports\Self-healing\broken-test-objects.json does not exist or is provided by Self-healing Plugin!

2021-02-24 13:54:04 - [MESSAGE][WARNING] - [SELF-HEALING] The current locator of test object 'Object Repository/Used/zElement-Bluuu/div_RoomType' was broken. Propose an alternative one: '//div[3]/div[2]/fieldset/div/div/button/div[2]'.

2021-02-24 13:54:04 - [MESSAGE][PASSED] - Object: 'Object Repository/Used/zElement-Bluuu/div_RoomType' is clicked on

2021-02-24 13:54:04 - [TEST_STEP][PASSED] - click(findTestObject("Used/zElement-Bluuu/li_Condo2Bedroom")): Object: 'Object Repository/Used/zElement-Bluuu/li_Condo2Bedroom' is clicked on

2021-02-24 13:54:06 - [MESSAGE][INFO] - Unable to find the element located by 'By.xpath: //fieldset[@id='__BVID__244']/div/div/div/ul/li[3]'. Please recheck the objects properties to make sure the desired element is located. 

2021-02-24 13:54:06 - [MESSAGE][WARNING] - [SELF-HEALING] Failed to find element with id 'Object Repository/Used/zElement-Bluuu/li_Condo2Bedroom'. Try using Self-healing.

2021-02-24 13:54:06 - [MESSAGE][ERROR] - [SELF-HEALING] com.google.gson.stream.MalformedJsonException: Expected ':' at line 135 column 10 path $.brokenTestObjects[13].<<<<<<<

2021-02-24 13:54:06 - [MESSAGE][INFO] - [SELF-HEALING] Failed Locator: '//fieldset[@id='__BVID__244']/div/div/div/ul/li[3]'.

2021-02-24 13:54:06 - [MESSAGE][INFO] - [SELF-HEALING] Working Locator: '(.//*[normalize-space(text()) and normalize-space(.)='คอนโด 1 ห้องนอน'])[1]/following::li[1]'.

2021-02-24 13:54:07 - [MESSAGE][INFO] - [SELF-HEALING] Screenshot: C:/Users/Katesopon/git/Katalon-GitTestRepo/Reports/Self-healing/Object Repository/Used/zElement-Bluuu/li_Condo2Bedroom_neighbor.png

2021-02-24 13:54:07 - [MESSAGE][ERROR] - [SELF-HEALING] com.google.gson.stream.MalformedJsonException: Expected ':' at line 135 column 10 path $.brokenTestObjects[13].<<<<<<<

2021-02-24 13:54:07 - [MESSAGE][ERROR] - [SELF-HEALING] C:\Users\Katesopon\git\Katalon-GitTestRepo\Reports\Self-healing\broken-test-objects.json does not exist or is provided by Self-healing Plugin!

2021-02-24 13:54:07 - [MESSAGE][WARNING] - [SELF-HEALING] The current locator of test object 'Object Repository/Used/zElement-Bluuu/li_Condo2Bedroom' was broken. Propose an alternative one: '(.//*[normalize-space(text()) and normalize-space(.)='คอนโด 1 ห้องนอน'])[1]/following::li[1]'.

2021-02-24 13:54:07 - [MESSAGE][PASSED] - Object: 'Object Repository/Used/zElement-Bluuu/li_Condo2Bedroom' is clicked on

2021-02-24 13:54:07 - [TEST_STEP][PASSED] - setText(findTestObject("Used/zElement-Bluuu/input_Location"), "paragon"): Text 'paragon' is set on object 'Object Repository/Used/zElement-Bluuu/input_Location'

2021-02-24 13:54:09 - [MESSAGE][INFO] - Unable to find the element located by 'By.xpath: //input[@id='__BVID__233']'. Please recheck the objects properties to make sure the desired element is located. 

2021-02-24 13:54:09 - [MESSAGE][WARNING] - [SELF-HEALING] Failed to find element with id 'Object Repository/Used/zElement-Bluuu/input_Location'. Try using Self-healing.

2021-02-24 13:54:09 - [MESSAGE][ERROR] - [SELF-HEALING] com.google.gson.stream.MalformedJsonException: Expected ':' at line 135 column 10 path $.brokenTestObjects[13].<<<<<<<

2021-02-24 13:54:09 - [MESSAGE][INFO] - [SELF-HEALING] Failed Locator: '//input[@id='__BVID__233']'.

2021-02-24 13:54:09 - [MESSAGE][INFO] - [SELF-HEALING] Failed Locator: '//fieldset[@id='__BVID__232']/div/div/div/input'.

2021-02-24 13:54:10 - [MESSAGE][INFO] - [SELF-HEALING] Working Locator: '//fieldset/div/div/div/input'.

2021-02-24 13:54:10 - [MESSAGE][INFO] - [SELF-HEALING] Screenshot: C:/Users/Katesopon/git/Katalon-GitTestRepo/Reports/Self-healing/Object Repository/Used/zElement-Bluuu/input_Location_position.png

2021-02-24 13:54:10 - [MESSAGE][ERROR] - [SELF-HEALING] com.google.gson.stream.MalformedJsonException: Expected ':' at line 135 column 10 path $.brokenTestObjects[13].<<<<<<<

2021-02-24 13:54:10 - [MESSAGE][ERROR] - [SELF-HEALING] C:\Users\Katesopon\git\Katalon-GitTestRepo\Reports\Self-healing\broken-test-objects.json does not exist or is provided by Self-healing Plugin!

2021-02-24 13:54:10 - [MESSAGE][WARNING] - [SELF-HEALING] The current locator of test object 'Object Repository/Used/zElement-Bluuu/input_Location' was broken. Propose an alternative one: '//fieldset/div/div/div/input'.

2021-02-24 13:54:12 - [MESSAGE][INFO] - Unable to find the element located by 'By.xpath: //input[@id='__BVID__233']'. Please recheck the objects properties to make sure the desired element is located. 

2021-02-24 13:54:12 - [MESSAGE][WARNING] - [SELF-HEALING] Failed to find element with id 'Object Repository/Used/zElement-Bluuu/input_Location'. Try using Self-healing.

2021-02-24 13:54:12 - [MESSAGE][ERROR] - [SELF-HEALING] com.google.gson.stream.MalformedJsonException: Expected ':' at line 135 column 10 path $.brokenTestObjects[13].<<<<<<<

2021-02-24 13:54:13 - [MESSAGE][INFO] - [SELF-HEALING] Failed Locator: '//input[@id='__BVID__233']'.

2021-02-24 13:54:13 - [MESSAGE][INFO] - [SELF-HEALING] Failed Locator: '//fieldset[@id='__BVID__232']/div/div/div/input'.

2021-02-24 13:54:13 - [MESSAGE][INFO] - [SELF-HEALING] Working Locator: '//fieldset/div/div/div/input'.

2021-02-24 13:54:13 - [MESSAGE][INFO] - [SELF-HEALING] Screenshot: C:/Users/Katesopon/git/Katalon-GitTestRepo/Reports/Self-healing/Object Repository/Used/zElement-Bluuu/input_Location_position.png

2021-02-24 13:54:13 - [MESSAGE][ERROR] - [SELF-HEALING] com.google.gson.stream.MalformedJsonException: Expected ':' at line 135 column 10 path $.brokenTestObjects[13].<<<<<<<

2021-02-24 13:54:13 - [MESSAGE][ERROR] - [SELF-HEALING] C:\Users\Katesopon\git\Katalon-GitTestRepo\Reports\Self-healing\broken-test-objects.json does not exist or is provided by Self-healing Plugin!

2021-02-24 13:54:13 - [MESSAGE][WARNING] - [SELF-HEALING] The current locator of test object 'Object Repository/Used/zElement-Bluuu/input_Location' was broken. Propose an alternative one: '//fieldset/div/div/div/input'.

2021-02-24 13:54:13 - [MESSAGE][PASSED] - Text 'paragon' is set on object 'Object Repository/Used/zElement-Bluuu/input_Location'

2021-02-24 13:54:13 - [TEST_STEP][PASSED] - click(findTestObject("Used/zElement-Bluuu/div_Paragon Cineplex")): Object: 'Object Repository/Used/zElement-Bluuu/div_Paragon Cineplex' is clicked on

2021-02-24 13:54:16 - [MESSAGE][INFO] - Unable to find the element located by 'By.xpath: //fieldset[@id='__BVID__232']/div/div[2]/div/div/div'. Please recheck the objects properties to make sure the desired element is located. 

2021-02-24 13:54:16 - [MESSAGE][WARNING] - [SELF-HEALING] Failed to find element with id 'Object Repository/Used/zElement-Bluuu/div_Paragon Cineplex'. Try using Self-healing.

2021-02-24 13:54:16 - [MESSAGE][ERROR] - [SELF-HEALING] com.google.gson.stream.MalformedJsonException: Expected ':' at line 135 column 10 path $.brokenTestObjects[13].<<<<<<<

2021-02-24 13:54:16 - [MESSAGE][INFO] - [SELF-HEALING] Failed Locator: '//fieldset[@id='__BVID__232']/div/div[2]/div/div/div'.

2021-02-24 13:54:16 - [MESSAGE][INFO] - [SELF-HEALING] Working Locator: '(.//*[normalize-space(text()) and normalize-space(.)='ระบุสถานที่ทำงาน'])[1]/following::div[9]'.

2021-02-24 13:54:16 - [MESSAGE][INFO] - [SELF-HEALING] Screenshot: C:/Users/Katesopon/git/Katalon-GitTestRepo/Reports/Self-healing/Object Repository/Used/zElement-Bluuu/div_Paragon Cineplex_neighbor.png

2021-02-24 13:54:16 - [MESSAGE][ERROR] - [SELF-HEALING] com.google.gson.stream.MalformedJsonException: Expected ':' at line 135 column 10 path $.brokenTestObjects[13].<<<<<<<

2021-02-24 13:54:16 - [MESSAGE][ERROR] - [SELF-HEALING] C:\Users\Katesopon\git\Katalon-GitTestRepo\Reports\Self-healing\broken-test-objects.json does not exist or is provided by Self-healing Plugin!

2021-02-24 13:54:16 - [MESSAGE][WARNING] - [SELF-HEALING] The current locator of test object 'Object Repository/Used/zElement-Bluuu/div_Paragon Cineplex' was broken. Propose an alternative one: '(.//*[normalize-space(text()) and normalize-space(.)='ระบุสถานที่ทำงาน'])[1]/following::div[9]'.

2021-02-24 13:54:17 - [MESSAGE][PASSED] - Object: 'Object Repository/Used/zElement-Bluuu/div_Paragon Cineplex' is clicked on

2021-02-24 13:54:17 - [TEST_STEP][PASSED] - click(findTestObject("Used/zElement-Bluuu/div_arrow-down_CleanType")): Object: 'Object Repository/Used/zElement-Bluuu/div_arrow-down_CleanType' is clicked on

2021-02-24 13:54:19 - [MESSAGE][INFO] - Unable to find the element located by 'By.xpath: //fieldset[@id='__BVID__248']/div/div/button/div[2]'. Please recheck the objects properties to make sure the desired element is located. 

2021-02-24 13:54:19 - [MESSAGE][WARNING] - [SELF-HEALING] Failed to find element with id 'Object Repository/Used/zElement-Bluuu/div_arrow-down_CleanType'. Try using Self-healing.

2021-02-24 13:54:19 - [MESSAGE][ERROR] - [SELF-HEALING] com.google.gson.stream.MalformedJsonException: Expected ':' at line 135 column 10 path $.brokenTestObjects[13].<<<<<<<

2021-02-24 13:54:19 - [MESSAGE][INFO] - [SELF-HEALING] Failed Locator: '//fieldset[@id='__BVID__248']/div/div/button/div[2]'.

2021-02-24 13:54:19 - [MESSAGE][INFO] - [SELF-HEALING] Working Locator: '//div[4]/fieldset/div/div/button/div[2]'.

2021-02-24 13:54:20 - [MESSAGE][INFO] - [SELF-HEALING] Screenshot: C:/Users/Katesopon/git/Katalon-GitTestRepo/Reports/Self-healing/Object Repository/Used/zElement-Bluuu/div_arrow-down_CleanType_position.png

2021-02-24 13:54:20 - [MESSAGE][ERROR] - [SELF-HEALING] com.google.gson.stream.MalformedJsonException: Expected ':' at line 135 column 10 path $.brokenTestObjects[13].<<<<<<<

2021-02-24 13:54:20 - [MESSAGE][ERROR] - [SELF-HEALING] C:\Users\Katesopon\git\Katalon-GitTestRepo\Reports\Self-healing\broken-test-objects.json does not exist or is provided by Self-healing Plugin!

2021-02-24 13:54:20 - [MESSAGE][WARNING] - [SELF-HEALING] The current locator of test object 'Object Repository/Used/zElement-Bluuu/div_arrow-down_CleanType' was broken. Propose an alternative one: '//div[4]/fieldset/div/div/button/div[2]'.

2021-02-24 13:54:20 - [MESSAGE][PASSED] - Object: 'Object Repository/Used/zElement-Bluuu/div_arrow-down_CleanType' is clicked on

2021-02-24 13:54:20 - [TEST_STEP][PASSED] - click(findTestObject("Used/zElement-Bluuu/li_Clean-and-Laundry")): Object: 'Object Repository/Used/zElement-Bluuu/li_Clean-and-Laundry' is clicked on

2021-02-24 13:54:22 - [MESSAGE][INFO] - Unable to find the element located by 'By.xpath: //fieldset[@id='__BVID__248']/div/div/div/ul/li[3]'. Please recheck the objects properties to make sure the desired element is located. 

2021-02-24 13:54:22 - [MESSAGE][WARNING] - [SELF-HEALING] Failed to find element with id 'Object Repository/Used/zElement-Bluuu/li_Clean-and-Laundry'. Try using Self-healing.

2021-02-24 13:54:22 - [MESSAGE][ERROR] - [SELF-HEALING] com.google.gson.stream.MalformedJsonException: Expected ':' at line 135 column 10 path $.brokenTestObjects[13].<<<<<<<

2021-02-24 13:54:22 - [MESSAGE][INFO] - [SELF-HEALING] Failed Locator: '//fieldset[@id='__BVID__248']/div/div/div/ul/li[3]'.

2021-02-24 13:54:22 - [MESSAGE][INFO] - [SELF-HEALING] Working Locator: '(.//*[normalize-space(text()) and normalize-space(.)='ทำความสะอาด'])[1]/following::li[1]'.

2021-02-24 13:54:23 - [MESSAGE][INFO] - [SELF-HEALING] Screenshot: C:/Users/Katesopon/git/Katalon-GitTestRepo/Reports/Self-healing/Object Repository/Used/zElement-Bluuu/li_Clean-and-Laundry_neighbor.png

2021-02-24 13:54:23 - [MESSAGE][ERROR] - [SELF-HEALING] com.google.gson.stream.MalformedJsonException: Expected ':' at line 135 column 10 path $.brokenTestObjects[13].<<<<<<<

2021-02-24 13:54:23 - [MESSAGE][ERROR] - [SELF-HEALING] C:\Users\Katesopon\git\Katalon-GitTestRepo\Reports\Self-healing\broken-test-objects.json does not exist or is provided by Self-healing Plugin!

2021-02-24 13:54:23 - [MESSAGE][WARNING] - [SELF-HEALING] The current locator of test object 'Object Repository/Used/zElement-Bluuu/li_Clean-and-Laundry' was broken. Propose an alternative one: '(.//*[normalize-space(text()) and normalize-space(.)='ทำความสะอาด'])[1]/following::li[1]'.

2021-02-24 13:54:23 - [MESSAGE][PASSED] - Object: 'Object Repository/Used/zElement-Bluuu/li_Clean-and-Laundry' is clicked on

2021-02-24 13:54:23 - [TEST_STEP][PASSED] - click(findTestObject("Used/zElement-Bluuu/label_IgotCat")): Object: 'Object Repository/Used/zElement-Bluuu/label_IgotCat' is clicked on

2021-02-24 13:54:25 - [MESSAGE][INFO] - Unable to find the element located by 'By.xpath: //div[@id='__BVID__251']/div/label'. Please recheck the objects properties to make sure the desired element is located. 

2021-02-24 13:54:25 - [MESSAGE][WARNING] - [SELF-HEALING] Failed to find element with id 'Object Repository/Used/zElement-Bluuu/label_IgotCat'. Try using Self-healing.

2021-02-24 13:54:25 - [MESSAGE][ERROR] - [SELF-HEALING] com.google.gson.stream.MalformedJsonException: Expected ':' at line 135 column 10 path $.brokenTestObjects[13].<<<<<<<

2021-02-24 13:54:25 - [MESSAGE][INFO] - [SELF-HEALING] Failed Locator: '//div[@id='__BVID__251']/div/label'.

2021-02-24 13:54:26 - [MESSAGE][INFO] - [SELF-HEALING] Working Locator: '(.//*[normalize-space(text()) and normalize-space(.)='ข้อมูลเพิ่มเติม'])[1]/following::label[1]'.

2021-02-24 13:54:26 - [MESSAGE][INFO] - [SELF-HEALING] Screenshot: C:/Users/Katesopon/git/Katalon-GitTestRepo/Reports/Self-healing/Object Repository/Used/zElement-Bluuu/label_IgotCat_neighbor.png

2021-02-24 13:54:26 - [MESSAGE][ERROR] - [SELF-HEALING] com.google.gson.stream.MalformedJsonException: Expected ':' at line 135 column 10 path $.brokenTestObjects[13].<<<<<<<

2021-02-24 13:54:26 - [MESSAGE][ERROR] - [SELF-HEALING] C:\Users\Katesopon\git\Katalon-GitTestRepo\Reports\Self-healing\broken-test-objects.json does not exist or is provided by Self-healing Plugin!

2021-02-24 13:54:26 - [MESSAGE][WARNING] - [SELF-HEALING] The current locator of test object 'Object Repository/Used/zElement-Bluuu/label_IgotCat' was broken. Propose an alternative one: '(.//*[normalize-space(text()) and normalize-space(.)='ข้อมูลเพิ่มเติม'])[1]/following::label[1]'.

2021-02-24 13:54:26 - [MESSAGE][PASSED] - Object: 'Object Repository/Used/zElement-Bluuu/label_IgotCat' is clicked on

2021-02-24 13:54:26 - [TEST_STEP][PASSED] - click(findTestObject("Used/zElement-Bluuu/label_IgotDog")): Object: 'Object Repository/Used/zElement-Bluuu/label_IgotDog' is clicked on

2021-02-24 13:54:28 - [MESSAGE][INFO] - Unable to find the element located by 'By.xpath: //div[@id='__BVID__251']/div[2]/label'. Please recheck the objects properties to make sure the desired element is located. 

2021-02-24 13:54:28 - [MESSAGE][WARNING] - [SELF-HEALING] Failed to find element with id 'Object Repository/Used/zElement-Bluuu/label_IgotDog'. Try using Self-healing.

2021-02-24 13:54:28 - [MESSAGE][ERROR] - [SELF-HEALING] com.google.gson.stream.MalformedJsonException: Expected ':' at line 135 column 10 path $.brokenTestObjects[13].<<<<<<<

2021-02-24 13:54:28 - [MESSAGE][INFO] - [SELF-HEALING] Failed Locator: '//div[@id='__BVID__251']/div[2]/label'.

2021-02-24 13:54:29 - [MESSAGE][INFO] - [SELF-HEALING] Working Locator: '(.//*[normalize-space(text()) and normalize-space(.)='ฉันมีแมว'])[1]/following::label[1]'.

2021-02-24 13:54:29 - [MESSAGE][INFO] - [SELF-HEALING] Screenshot: C:/Users/Katesopon/git/Katalon-GitTestRepo/Reports/Self-healing/Object Repository/Used/zElement-Bluuu/label_IgotDog_neighbor.png

2021-02-24 13:54:29 - [MESSAGE][ERROR] - [SELF-HEALING] com.google.gson.stream.MalformedJsonException: Expected ':' at line 135 column 10 path $.brokenTestObjects[13].<<<<<<<

2021-02-24 13:54:29 - [MESSAGE][ERROR] - [SELF-HEALING] C:\Users\Katesopon\git\Katalon-GitTestRepo\Reports\Self-healing\broken-test-objects.json does not exist or is provided by Self-healing Plugin!

2021-02-24 13:54:29 - [MESSAGE][WARNING] - [SELF-HEALING] The current locator of test object 'Object Repository/Used/zElement-Bluuu/label_IgotDog' was broken. Propose an alternative one: '(.//*[normalize-space(text()) and normalize-space(.)='ฉันมีแมว'])[1]/following::label[1]'.

2021-02-24 13:54:29 - [MESSAGE][PASSED] - Object: 'Object Repository/Used/zElement-Bluuu/label_IgotDog' is clicked on

2021-02-24 13:54:29 - [TEST_STEP][PASSED] - click(findTestObject("Used/Picking-Maid/a_Pick-OneTimeManual")): Object: 'Object Repository/Used/Picking-Maid/a_Pick-OneTimeManual' is clicked on

2021-02-24 13:54:31 - [MESSAGE][INFO] - Unable to find the element located by 'By.xpath: //a[@id='__BVID__168___BV_tab_button__']'. Please recheck the objects properties to make sure the desired element is located. 

2021-02-24 13:54:31 - [MESSAGE][WARNING] - [SELF-HEALING] Failed to find element with id 'Object Repository/Used/Picking-Maid/a_Pick-OneTimeManual'. Try using Self-healing.

2021-02-24 13:54:31 - [MESSAGE][ERROR] - [SELF-HEALING] com.google.gson.stream.MalformedJsonException: Expected ':' at line 135 column 10 path $.brokenTestObjects[13].<<<<<<<

2021-02-24 13:54:31 - [MESSAGE][INFO] - [SELF-HEALING] Failed Locator: '//a[@id='__BVID__168___BV_tab_button__']'.

2021-02-24 13:54:32 - [MESSAGE][INFO] - [SELF-HEALING] Failed Locator: '//ul[@id='__BVID__165__BV_tab_controls_']/li[2]/a'.

2021-02-24 13:54:32 - [MESSAGE][INFO] - [SELF-HEALING] Working Locator: '//a[contains(text(),'เลือกแม่บ้านด้วยตนเอง')]'.

2021-02-24 13:54:32 - [MESSAGE][INFO] - [SELF-HEALING] Screenshot: C:/Users/Katesopon/git/Katalon-GitTestRepo/Reports/Self-healing/Object Repository/Used/Picking-Maid/a_Pick-OneTimeManual_link.png

2021-02-24 13:54:32 - [MESSAGE][ERROR] - [SELF-HEALING] com.google.gson.stream.MalformedJsonException: Expected ':' at line 135 column 10 path $.brokenTestObjects[13].<<<<<<<

2021-02-24 13:54:32 - [MESSAGE][ERROR] - [SELF-HEALING] C:\Users\Katesopon\git\Katalon-GitTestRepo\Reports\Self-healing\broken-test-objects.json does not exist or is provided by Self-healing Plugin!

2021-02-24 13:54:32 - [MESSAGE][WARNING] - [SELF-HEALING] The current locator of test object 'Object Repository/Used/Picking-Maid/a_Pick-OneTimeManual' was broken. Propose an alternative one: '//a[contains(text(),'เลือกแม่บ้านด้วยตนเอง')]'.

2021-02-24 13:54:32 - [MESSAGE][PASSED] - Object: 'Object Repository/Used/Picking-Maid/a_Pick-OneTimeManual' is clicked on

2021-02-24 13:54:32 - [TEST_STEP][PASSED] - click(findTestObject("Used/Picking-Maid/button_Picking-maid")): Object: 'Object Repository/Used/Picking-Maid/button_Picking-maid' is clicked on

2021-02-24 13:54:33 - [MESSAGE][PASSED] - Object: 'Object Repository/Used/Picking-Maid/button_Picking-maid' is clicked on

2021-02-24 13:54:33 - [TEST_STEP][PASSED] - click(findTestObject("Used/Picking-Maid/img_PMark-Avatar")): Object: 'Object Repository/Used/Picking-Maid/img_PMark-Avatar' is clicked on

2021-02-24 13:54:35 - [MESSAGE][PASSED] - Object: 'Object Repository/Used/Picking-Maid/img_PMark-Avatar' is clicked on

2021-02-24 13:54:35 - [TEST_STEP][PASSED] - waitForElementClickable(findTestObject("Used/Picking-Maid/button_OneTime-PMark"), 60): Object 'Object Repository/Used/Picking-Maid/button_OneTime-PMark' is clickable

2021-02-24 13:54:39 - [MESSAGE][PASSED] - Object 'Object Repository/Used/Picking-Maid/button_OneTime-PMark' is clickable

2021-02-24 13:54:39 - [TEST_STEP][PASSED] - click(findTestObject("Used/Picking-Maid/button_OneTime-PMark")): Object: 'Object Repository/Used/Picking-Maid/button_OneTime-PMark' is clicked on

2021-02-24 13:54:39 - [MESSAGE][PASSED] - Object: 'Object Repository/Used/Picking-Maid/button_OneTime-PMark' is clicked on

2021-02-24 13:54:39 - [TEST_STEP][FAILED] - click(findTestObject("Used/zElement-Bluuu/svg_NextMonth")): Unable to click on object 'Object Repository/Used/zElement-Bluuu/svg_NextMonth' (Root cause: com.kms.katalon.core.exception.StepFailedException: Unable to click on object 'Object Repository/Used/zElement-Bluuu/svg_NextMonth'
	at com.kms.katalon.core.webui.keyword.internal.WebUIKeywordMain.stepFailed(WebUIKeywordMain.groovy:64)
	at com.kms.katalon.core.webui.keyword.internal.WebUIKeywordMain.runKeyword(WebUIKeywordMain.groovy:26)
	at com.kms.katalon.core.webui.keyword.builtin.ClickKeyword.click(ClickKeyword.groovy:75)
	at com.kms.katalon.core.webui.keyword.builtin.ClickKeyword.execute(ClickKeyword.groovy:42)
	at com.kms.katalon.core.keyword.internal.KeywordExecutor.executeKeywordForPlatform(KeywordExecutor.groovy:73)
	at com.kms.katalon.core.webui.keyword.WebUiBuiltInKeywords.click(WebUiBuiltInKeywords.groovy:619)
	at com.kms.katalon.core.webui.keyword.WebUiBuiltInKeywords$click$2.call(Unknown Source)
	at 11_Normal OTM (login before).run(11_Normal OTM (login before):83)
	at com.kms.katalon.core.main.ScriptEngine.run(ScriptEngine.java:194)
	at com.kms.katalon.core.main.ScriptEngine.runScriptAsRawText(ScriptEngine.java:119)
	at com.kms.katalon.core.main.TestCaseExecutor.runScript(TestCaseExecutor.java:398)
	at com.kms.katalon.core.main.TestCaseExecutor.doExecute(TestCaseExecutor.java:389)
	at com.kms.katalon.core.main.TestCaseExecutor.processExecutionPhase(TestCaseExecutor.java:368)
	at com.kms.katalon.core.main.TestCaseExecutor.accessMainPhase(TestCaseExecutor.java:360)
	at com.kms.katalon.core.main.TestCaseExecutor.execute(TestCaseExecutor.java:255)
	at com.kms.katalon.core.main.TestSuiteExecutor.accessTestCaseMainPhase(TestSuiteExecutor.java:203)
	at com.kms.katalon.core.main.TestSuiteExecutor.accessTestSuiteMainPhase(TestSuiteExecutor.java:152)
	at com.kms.katalon.core.main.TestSuiteExecutor.execute(TestSuiteExecutor.java:95)
	at com.kms.katalon.core.main.TestCaseMain.startTestSuite(TestCaseMain.java:157)
	at com.kms.katalon.core.main.TestCaseMain$startTestSuite$0.call(Unknown Source)
	at TempTestSuite1614149617286.run(TempTestSuite1614149617286.groovy:39)
Caused by: com.kms.katalon.core.webui.exception.WebElementNotFoundException: Web element with id: 'Object Repository/Used/zElement-Bluuu/svg_NextMonth' located by '(.//*[normalize-space(text()) and normalize-space(.)='ส'])[1]/following::*[name()='svg'][2]' not found
	at com.kms.katalon.core.webui.common.WebUiCommonHelper.findWebElement(WebUiCommonHelper.java:1368)
	at com.kms.katalon.core.webui.keyword.internal.WebUIAbstractKeyword.findWebElement(WebUIAbstractKeyword.groovy:27)
	at com.kms.katalon.core.webui.keyword.internal.WebUIAbstractKeyword.findWebElement(WebUIAbstractKeyword.groovy:26)
	at com.kms.katalon.core.webui.keyword.builtin.ClickKeyword$_click_closure1.doCall(ClickKeyword.groovy:66)
	at com.kms.katalon.core.webui.keyword.builtin.ClickKeyword$_click_closure1.call(ClickKeyword.groovy)
	at com.kms.katalon.core.webui.keyword.internal.WebUIKeywordMain.runKeyword(WebUIKeywordMain.groovy:20)
	at com.kms.katalon.core.webui.keyword.builtin.ClickKeyword.click(ClickKeyword.groovy:75)
	at com.kms.katalon.core.webui.keyword.builtin.ClickKeyword.execute(ClickKeyword.groovy:42)
	at com.kms.katalon.core.keyword.internal.KeywordExecutor.executeKeywordForPlatform(KeywordExecutor.groovy:73)
	at com.kms.katalon.core.webui.keyword.WebUiBuiltInKeywords.click(WebUiBuiltInKeywords.groovy:619)
	at com.kms.katalon.core.webui.keyword.WebUiBuiltInKeywords$click$2.call(Unknown Source)
	at Script1614017874803.run(Script1614017874803.groovy:83)
	... 13 more
)

2021-02-24 13:54:42 - [MESSAGE][INFO] - Unable to find the element located by 'By.xpath: (.//*[normalize-space(text()) and normalize-space(.)='ส'])[1]/following::*[name()='svg'][2]'. Please recheck the objects properties to make sure the desired element is located. 

2021-02-24 13:54:42 - [MESSAGE][WARNING] - [SELF-HEALING] Failed to find element with id 'Object Repository/Used/zElement-Bluuu/svg_NextMonth'. Try using Self-healing.

2021-02-24 13:54:42 - [MESSAGE][ERROR] - [SELF-HEALING] com.google.gson.stream.MalformedJsonException: Expected ':' at line 135 column 10 path $.brokenTestObjects[13].<<<<<<<

2021-02-24 13:54:42 - [MESSAGE][INFO] - [SELF-HEALING] Failed Locator: '(.//*[normalize-space(text()) and normalize-space(.)='ส'])[1]/following::*[name()='svg'][2]'.

2021-02-24 13:54:42 - [MESSAGE][INFO] - [SELF-HEALING] Failed Locator: '(.//*[normalize-space(text()) and normalize-space(.)='ศ'])[1]/following::*[name()='svg'][2]'.

2021-02-24 13:54:42 - [MESSAGE][INFO] - [SELF-HEALING] Failed Locator: '(.//*[normalize-space(text()) and normalize-space(.)='ระบุสถานที่ทำงาน'])[1]/preceding::*[name()='svg'][1]'.

2021-02-24 13:54:42 - [MESSAGE][INFO] - [SELF-HEALING] Failed Locator: '(.//*[normalize-space(text()) and normalize-space(.)='ไม่พบผลลัพธ์'])[1]/preceding::*[name()='svg'][1]'.

2021-02-24 13:54:43 - [MESSAGE][INFO] - [SELF-HEALING] Failed Locator: '(.//*[normalize-space(text()) and normalize-space(.)='ส'])[1]/following::*[name()='svg'][2]'.

2021-02-24 13:54:43 - [MESSAGE][INFO] - [SELF-HEALING] Failed Locator: '(.//*[normalize-space(text()) and normalize-space(.)='ศ'])[1]/following::*[name()='svg'][2]'.

2021-02-24 13:54:43 - [MESSAGE][INFO] - [SELF-HEALING] Failed Locator: '(.//*[normalize-space(text()) and normalize-space(.)='ระบุสถานที่ทำงาน'])[1]/preceding::*[name()='svg'][1]'.

2021-02-24 13:54:43 - [MESSAGE][INFO] - [SELF-HEALING] Failed Locator: '(.//*[normalize-space(text()) and normalize-space(.)='ไม่พบผลลัพธ์'])[1]/preceding::*[name()='svg'][1]'.

2021-02-24 13:54:45 - [MESSAGE][INFO] - Unable to find the element located by 'By.xpath: id("__BVID__175")/div[@class="bv-no-focus-ring"]/div[@class="v-calendar-custom vc-container vc-reset vc-min-w-full vc-text-gray-900 vc-bg-white vc-border vc-border-gray-400 vc-rounded-lg"]/div[@class="vc-w-full vc-relative"]/div[@class="vc-arrows-container title-center"]/div[@class="vc-flex vc-justify-center vc-items-center vc-cursor-pointer vc-select-none vc-pointer-events-auto vc-text-gray-600 vc-rounded vc-border-2 vc-border-transparent hover:vc-opacity-50 hover:vc-bg-gray-300 focus:vc-border-gray-300"]/svg[@class="vc-svg-icon"]'. Please recheck the objects properties to make sure the desired element is located. 

2021-02-24 13:54:46 - [MESSAGE][INFO] - Unable to find the element located by 'By.cssSelector: '. Please recheck the objects properties to make sure the desired element is located. 

2021-02-24 13:54:46 - [MESSAGE][FAILED] - Unable to click on object 'Object Repository/Used/zElement-Bluuu/svg_NextMonth' (Root cause: com.kms.katalon.core.exception.StepFailedException: Unable to click on object 'Object Repository/Used/zElement-Bluuu/svg_NextMonth'
	at com.kms.katalon.core.webui.keyword.internal.WebUIKeywordMain.stepFailed(WebUIKeywordMain.groovy:64)
	at com.kms.katalon.core.webui.keyword.internal.WebUIKeywordMain.runKeyword(WebUIKeywordMain.groovy:26)
	at com.kms.katalon.core.webui.keyword.builtin.ClickKeyword.click(ClickKeyword.groovy:75)
	at com.kms.katalon.core.webui.keyword.builtin.ClickKeyword.execute(ClickKeyword.groovy:42)
	at com.kms.katalon.core.keyword.internal.KeywordExecutor.executeKeywordForPlatform(KeywordExecutor.groovy:73)
	at com.kms.katalon.core.webui.keyword.WebUiBuiltInKeywords.click(WebUiBuiltInKeywords.groovy:619)
	at com.kms.katalon.core.webui.keyword.WebUiBuiltInKeywords$click$2.call(Unknown Source)
	at 11_Normal OTM (login before).run(11_Normal OTM (login before):83)
	at com.kms.katalon.core.main.ScriptEngine.run(ScriptEngine.java:194)
	at com.kms.katalon.core.main.ScriptEngine.runScriptAsRawText(ScriptEngine.java:119)
	at com.kms.katalon.core.main.TestCaseExecutor.runScript(TestCaseExecutor.java:398)
	at com.kms.katalon.core.main.TestCaseExecutor.doExecute(TestCaseExecutor.java:389)
	at com.kms.katalon.core.main.TestCaseExecutor.processExecutionPhase(TestCaseExecutor.java:368)
	at com.kms.katalon.core.main.TestCaseExecutor.accessMainPhase(TestCaseExecutor.java:360)
	at com.kms.katalon.core.main.TestCaseExecutor.execute(TestCaseExecutor.java:255)
	at com.kms.katalon.core.main.TestSuiteExecutor.accessTestCaseMainPhase(TestSuiteExecutor.java:203)
	at com.kms.katalon.core.main.TestSuiteExecutor.accessTestSuiteMainPhase(TestSuiteExecutor.java:152)
	at com.kms.katalon.core.main.TestSuiteExecutor.execute(TestSuiteExecutor.java:95)
	at com.kms.katalon.core.main.TestCaseMain.startTestSuite(TestCaseMain.java:157)
	at com.kms.katalon.core.main.TestCaseMain$startTestSuite$0.call(Unknown Source)
	at TempTestSuite1614149617286.run(TempTestSuite1614149617286.groovy:39)
Caused by: com.kms.katalon.core.webui.exception.WebElementNotFoundException: Web element with id: 'Object Repository/Used/zElement-Bluuu/svg_NextMonth' located by '(.//*[normalize-space(text()) and normalize-space(.)='ส'])[1]/following::*[name()='svg'][2]' not found
	at com.kms.katalon.core.webui.common.WebUiCommonHelper.findWebElement(WebUiCommonHelper.java:1368)
	at com.kms.katalon.core.webui.keyword.internal.WebUIAbstractKeyword.findWebElement(WebUIAbstractKeyword.groovy:27)
	at com.kms.katalon.core.webui.keyword.internal.WebUIAbstractKeyword.findWebElement(WebUIAbstractKeyword.groovy:26)
	at com.kms.katalon.core.webui.keyword.builtin.ClickKeyword$_click_closure1.doCall(ClickKeyword.groovy:66)
	at com.kms.katalon.core.webui.keyword.builtin.ClickKeyword$_click_closure1.call(ClickKeyword.groovy)
	at com.kms.katalon.core.webui.keyword.internal.WebUIKeywordMain.runKeyword(WebUIKeywordMain.groovy:20)
	at com.kms.katalon.core.webui.keyword.builtin.ClickKeyword.click(ClickKeyword.groovy:75)
	at com.kms.katalon.core.webui.keyword.builtin.ClickKeyword.execute(ClickKeyword.groovy:42)
	at com.kms.katalon.core.keyword.internal.KeywordExecutor.executeKeywordForPlatform(KeywordExecutor.groovy:73)
	at com.kms.katalon.core.webui.keyword.WebUiBuiltInKeywords.click(WebUiBuiltInKeywords.groovy:619)
	at com.kms.katalon.core.webui.keyword.WebUiBuiltInKeywords$click$2.call(Unknown Source)
	at Script1614017874803.run(Script1614017874803.groovy:83)
	... 13 more
)
[[ATTACHMENT|C:\\Users\\Katesopon\\git\\Katalon-GitTestRepo\\Reports\\20210224_135337\\OTM\\20210224_135337\\1614149686345.png]]]]></system-out>
         <system-err><![CDATA[2021-02-24 13:53:42 - [TEST_CASE][FAILED] - Test Cases/Login before use a service/11_Normal OTM (login before): Test Cases/Login before use a service/11_Normal OTM (login before) FAILED.
Reason:
com.kms.katalon.core.exception.StepFailedException: Unable to click on object 'Object Repository/Used/zElement-Bluuu/svg_NextMonth'
	at com.kms.katalon.core.webui.keyword.internal.WebUIKeywordMain.stepFailed(WebUIKeywordMain.groovy:64)
	at com.kms.katalon.core.webui.keyword.internal.WebUIKeywordMain.runKeyword(WebUIKeywordMain.groovy:26)
	at com.kms.katalon.core.webui.keyword.builtin.ClickKeyword.click(ClickKeyword.groovy:75)
	at com.kms.katalon.core.webui.keyword.builtin.ClickKeyword.execute(ClickKeyword.groovy:42)
	at com.kms.katalon.core.keyword.internal.KeywordExecutor.executeKeywordForPlatform(KeywordExecutor.groovy:73)
	at com.kms.katalon.core.webui.keyword.WebUiBuiltInKeywords.click(WebUiBuiltInKeywords.groovy:619)
	at com.kms.katalon.core.webui.keyword.WebUiBuiltInKeywords$click$2.call(Unknown Source)
	at 11_Normal OTM (login before).run(11_Normal OTM (login before):83)
	at com.kms.katalon.core.main.ScriptEngine.run(ScriptEngine.java:194)
	at com.kms.katalon.core.main.ScriptEngine.runScriptAsRawText(ScriptEngine.java:119)
	at com.kms.katalon.core.main.TestCaseExecutor.runScript(TestCaseExecutor.java:398)
	at com.kms.katalon.core.main.TestCaseExecutor.doExecute(TestCaseExecutor.java:389)
	at com.kms.katalon.core.main.TestCaseExecutor.processExecutionPhase(TestCaseExecutor.java:368)
	at com.kms.katalon.core.main.TestCaseExecutor.accessMainPhase(TestCaseExecutor.java:360)
	at com.kms.katalon.core.main.TestCaseExecutor.execute(TestCaseExecutor.java:255)
	at com.kms.katalon.core.main.TestSuiteExecutor.accessTestCaseMainPhase(TestSuiteExecutor.java:203)
	at com.kms.katalon.core.main.TestSuiteExecutor.accessTestSuiteMainPhase(TestSuiteExecutor.java:152)
	at com.kms.katalon.core.main.TestSuiteExecutor.execute(TestSuiteExecutor.java:95)
	at com.kms.katalon.core.main.TestCaseMain.startTestSuite(TestCaseMain.java:157)
	at com.kms.katalon.core.main.TestCaseMain$startTestSuite$0.call(Unknown Source)
	at TempTestSuite1614149617286.run(TempTestSuite1614149617286.groovy:39)
Caused by: com.kms.katalon.core.webui.exception.WebElementNotFoundException: Web element with id: 'Object Repository/Used/zElement-Bluuu/svg_NextMonth' located by '(.//*[normalize-space(text()) and normalize-space(.)='ส'])[1]/following::*[name()='svg'][2]' not found
	at com.kms.katalon.core.webui.common.WebUiCommonHelper.findWebElement(WebUiCommonHelper.java:1368)
	at com.kms.katalon.core.webui.keyword.internal.WebUIAbstractKeyword.findWebElement(WebUIAbstractKeyword.groovy:27)
	at com.kms.katalon.core.webui.keyword.internal.WebUIAbstractKeyword.findWebElement(WebUIAbstractKeyword.groovy:26)
	at com.kms.katalon.core.webui.keyword.builtin.ClickKeyword$_click_closure1.doCall(ClickKeyword.groovy:66)
	at com.kms.katalon.core.webui.keyword.builtin.ClickKeyword$_click_closure1.call(ClickKeyword.groovy)
	at com.kms.katalon.core.webui.keyword.internal.WebUIKeywordMain.runKeyword(WebUIKeywordMain.groovy:20)
	... 19 more]]></system-err>
      </testcase>
      <testcase name="Test Cases/Login before use a service/12_OTM with Promotion (login before)" time="67.849" classname="Test Cases/Login before use a service/12_OTM with Promotion (login before)" status="FAILED">
         <failure type="FAILED" message="Test Cases/Login before use a service/12_OTM with Promotion (login before) FAILED.
Reason:
com.kms.katalon.core.exception.StepFailedException: Unable to click on object 'Object Repository/Used/zElement-Bluuu/svg_NextMonth'
	at com.kms.katalon.core.webui.keyword.internal.WebUIKeywordMain.stepFailed(WebUIKeywordMain.groovy:64)
	at com.kms.katalon.core.webui.keyword.internal.WebUIKeywordMain.runKeyword(WebUIKeywordMain.groovy:26)
	at com.kms.katalon.core.webui.keyword.builtin.ClickKeyword.click(ClickKeyword.groovy:75)
	at com.kms.katalon.core.webui.keyword.builtin.ClickKeyword.execute(ClickKeyword.groovy:42)
	at com.kms.katalon.core.keyword.internal.KeywordExecutor.executeKeywordForPlatform(KeywordExecutor.groovy:73)
	at com.kms.katalon.core.webui.keyword.WebUiBuiltInKeywords.click(WebUiBuiltInKeywords.groovy:619)
	at com.kms.katalon.core.webui.keyword.WebUiBuiltInKeywords$click$2.call(Unknown Source)
	at 12_OTM with Promotion (login before).run(12_OTM with Promotion (login before):83)
	at com.kms.katalon.core.main.ScriptEngine.run(ScriptEngine.java:194)
	at com.kms.katalon.core.main.ScriptEngine.runScriptAsRawText(ScriptEngine.java:119)
	at com.kms.katalon.core.main.TestCaseExecutor.runScript(TestCaseExecutor.java:398)
	at com.kms.katalon.core.main.TestCaseExecutor.doExecute(TestCaseExecutor.java:389)
	at com.kms.katalon.core.main.TestCaseExecutor.processExecutionPhase(TestCaseExecutor.java:368)
	at com.kms.katalon.core.main.TestCaseExecutor.accessMainPhase(TestCaseExecutor.java:360)
	at com.kms.katalon.core.main.TestCaseExecutor.execute(TestCaseExecutor.java:255)
	at com.kms.katalon.core.main.TestSuiteExecutor.accessTestCaseMainPhase(TestSuiteExecutor.java:203)
	at com.kms.katalon.core.main.TestSuiteExecutor.accessTestSuiteMainPhase(TestSuiteExecutor.java:152)
	at com.kms.katalon.core.main.TestSuiteExecutor.execute(TestSuiteExecutor.java:95)
	at com.kms.katalon.core.main.TestCaseMain.startTestSuite(TestCaseMain.java:157)
	at com.kms.katalon.core.main.TestCaseMain$startTestSuite$0.call(Unknown Source)
	at TempTestSuite1614149617286.run(TempTestSuite1614149617286.groovy:39)
Caused by: com.kms.katalon.core.webui.exception.WebElementNotFoundException: Web element with id: 'Object Repository/Used/zElement-Bluuu/svg_NextMonth' located by '(.//*[normalize-space(text()) and normalize-space(.)='ส'])[1]/following::*[name()='svg'][2]' not found
	at com.kms.katalon.core.webui.common.WebUiCommonHelper.findWebElement(WebUiCommonHelper.java:1368)
	at com.kms.katalon.core.webui.keyword.internal.WebUIAbstractKeyword.findWebElement(WebUIAbstractKeyword.groovy:27)
	at com.kms.katalon.core.webui.keyword.internal.WebUIAbstractKeyword.findWebElement(WebUIAbstractKeyword.groovy:26)
	at com.kms.katalon.core.webui.keyword.builtin.ClickKeyword$_click_closure1.doCall(ClickKeyword.groovy:66)
	at com.kms.katalon.core.webui.keyword.builtin.ClickKeyword$_click_closure1.call(ClickKeyword.groovy)
	at com.kms.katalon.core.webui.keyword.internal.WebUIKeywordMain.runKeyword(WebUIKeywordMain.groovy:20)
	... 19 more
"/>
         <system-out><![CDATA[2021-02-24 13:54:46 - [TEST_CASE][FAILED] - Test Cases/Login before use a service/12_OTM with Promotion (login before): Test Cases/Login before use a service/12_OTM with Promotion (login before) FAILED.
Reason:
com.kms.katalon.core.exception.StepFailedException: Unable to click on object 'Object Repository/Used/zElement-Bluuu/svg_NextMonth'
	at com.kms.katalon.core.webui.keyword.internal.WebUIKeywordMain.stepFailed(WebUIKeywordMain.groovy:64)
	at com.kms.katalon.core.webui.keyword.internal.WebUIKeywordMain.runKeyword(WebUIKeywordMain.groovy:26)
	at com.kms.katalon.core.webui.keyword.builtin.ClickKeyword.click(ClickKeyword.groovy:75)
	at com.kms.katalon.core.webui.keyword.builtin.ClickKeyword.execute(ClickKeyword.groovy:42)
	at com.kms.katalon.core.keyword.internal.KeywordExecutor.executeKeywordForPlatform(KeywordExecutor.groovy:73)
	at com.kms.katalon.core.webui.keyword.WebUiBuiltInKeywords.click(WebUiBuiltInKeywords.groovy:619)
	at com.kms.katalon.core.webui.keyword.WebUiBuiltInKeywords$click$2.call(Unknown Source)
	at 12_OTM with Promotion (login before).run(12_OTM with Promotion (login before):83)
	at com.kms.katalon.core.main.ScriptEngine.run(ScriptEngine.java:194)
	at com.kms.katalon.core.main.ScriptEngine.runScriptAsRawText(ScriptEngine.java:119)
	at com.kms.katalon.core.main.TestCaseExecutor.runScript(TestCaseExecutor.java:398)
	at com.kms.katalon.core.main.TestCaseExecutor.doExecute(TestCaseExecutor.java:389)
	at com.kms.katalon.core.main.TestCaseExecutor.processExecutionPhase(TestCaseExecutor.java:368)
	at com.kms.katalon.core.main.TestCaseExecutor.accessMainPhase(TestCaseExecutor.java:360)
	at com.kms.katalon.core.main.TestCaseExecutor.execute(TestCaseExecutor.java:255)
	at com.kms.katalon.core.main.TestSuiteExecutor.accessTestCaseMainPhase(TestSuiteExecutor.java:203)
	at com.kms.katalon.core.main.TestSuiteExecutor.accessTestSuiteMainPhase(TestSuiteExecutor.java:152)
	at com.kms.katalon.core.main.TestSuiteExecutor.execute(TestSuiteExecutor.java:95)
	at com.kms.katalon.core.main.TestCaseMain.startTestSuite(TestCaseMain.java:157)
	at com.kms.katalon.core.main.TestCaseMain$startTestSuite$0.call(Unknown Source)
	at TempTestSuite1614149617286.run(TempTestSuite1614149617286.groovy:39)
Caused by: com.kms.katalon.core.webui.exception.WebElementNotFoundException: Web element with id: 'Object Repository/Used/zElement-Bluuu/svg_NextMonth' located by '(.//*[normalize-space(text()) and normalize-space(.)='ส'])[1]/following::*[name()='svg'][2]' not found
	at com.kms.katalon.core.webui.common.WebUiCommonHelper.findWebElement(WebUiCommonHelper.java:1368)
	at com.kms.katalon.core.webui.keyword.internal.WebUIAbstractKeyword.findWebElement(WebUIAbstractKeyword.groovy:27)
	at com.kms.katalon.core.webui.keyword.internal.WebUIAbstractKeyword.findWebElement(WebUIAbstractKeyword.groovy:26)
	at com.kms.katalon.core.webui.keyword.builtin.ClickKeyword$_click_closure1.doCall(ClickKeyword.groovy:66)
	at com.kms.katalon.core.webui.keyword.builtin.ClickKeyword$_click_closure1.call(ClickKeyword.groovy)
	at com.kms.katalon.core.webui.keyword.internal.WebUIKeywordMain.runKeyword(WebUIKeywordMain.groovy:20)
	... 19 more


2021-02-24 13:54:47 - [TEST_STEP][PASSED] - openBrowser(""): Browser is opened with url: ''

2021-02-24 13:54:47 - [MESSAGE][WARNING] - A browser is already opened. Closing browser and opening a new one

2021-02-24 13:54:48 - [MESSAGE][INFO] - Starting 'Chrome' driver

2021-02-24 13:54:48 - [MESSAGE][INFO] - Action delay is set to 0 milliseconds

2021-02-24 13:54:49 - [MESSAGE][PASSED] - Browser is opened with url: ''

2021-02-24 13:54:49 - [TEST_STEP][PASSED] - navigateToUrl("https://uat.bluuu.co/"): Navigate to 'https://uat.bluuu.co/' successfully

2021-02-24 13:54:52 - [MESSAGE][PASSED] - Navigate to 'https://uat.bluuu.co/' successfully

2021-02-24 13:54:52 - [TEST_STEP][PASSED] - maximizeWindow(): Current window maximized

2021-02-24 13:54:52 - [MESSAGE][PASSED] - Current window maximized

2021-02-24 13:54:52 - [TEST_STEP][PASSED] - click(findTestObject("Used/zElement-Bluuu/img_TH_avatar_Not-Login")): Object: 'Object Repository/Used/zElement-Bluuu/img_TH_avatar_Not-Login' is clicked on

2021-02-24 13:54:53 - [MESSAGE][PASSED] - Object: 'Object Repository/Used/zElement-Bluuu/img_TH_avatar_Not-Login' is clicked on

2021-02-24 13:54:53 - [TEST_STEP][PASSED] - click(findTestObject("Used/zElement-Bluuu/button_ Facebook_Login")): Object: 'Object Repository/Used/zElement-Bluuu/button_ Facebook_Login' is clicked on

2021-02-24 13:54:54 - [MESSAGE][PASSED] - Object: 'Object Repository/Used/zElement-Bluuu/button_ Facebook_Login' is clicked on

2021-02-24 13:54:54 - [TEST_STEP][PASSED] - switchToWindowTitle("Facebook"): Switched to window with title: 'Facebook'

2021-02-24 13:54:56 - [MESSAGE][PASSED] - Switched to window with title: 'Facebook'

2021-02-24 13:54:56 - [TEST_STEP][PASSED] - setText(findTestObject("Object Repository/Used/Page-Facebook/input__email"), "qmkecjunto_1612852822@tfbnw.net"): Text 'qmkecjunto_1612852822@tfbnw.net' is set on object 'Object Repository/Used/Page-Facebook/input__email'

2021-02-24 13:54:56 - [MESSAGE][PASSED] - Text 'qmkecjunto_1612852822@tfbnw.net' is set on object 'Object Repository/Used/Page-Facebook/input__email'

2021-02-24 13:54:56 - [TEST_STEP][PASSED] - setEncryptedText(findTestObject("Object Repository/Used/Page-Facebook/input__pass"), "gOP7IdE590r7JITAEPMRJQ=="): Text ****** has been set on object 'Object Repository/Used/Page-Facebook/input__pass'

2021-02-24 13:54:57 - [MESSAGE][PASSED] - Text ****** has been set on object 'Object Repository/Used/Page-Facebook/input__pass'

2021-02-24 13:54:57 - [TEST_STEP][PASSED] - click(findTestObject("Object Repository/Used/Page-Facebook/label__loginbutton")): Object: 'Object Repository/Used/Page-Facebook/label__loginbutton' is clicked on

2021-02-24 13:54:57 - [MESSAGE][PASSED] - Object: 'Object Repository/Used/Page-Facebook/label__loginbutton' is clicked on

2021-02-24 13:54:57 - [TEST_STEP][PASSED] - delay(7): Delayed 7 second(s)

2021-02-24 13:55:04 - [MESSAGE][PASSED] - Delayed 7 second(s)

2021-02-24 13:55:04 - [TEST_STEP][PASSED] - switchToWindowTitle("Bluuu - จ้างแม่บ้าน ผู้เชี่ยวชาญเรื่องบ้านที่คุณไว้วางใจได้มากที่สุด"): Switched to window with title: 'Bluuu - จ้างแม่บ้าน ผู้เชี่ยวชาญเรื่องบ้านที่คุณไว้วางใจได้มากที่สุด'

2021-02-24 13:55:05 - [MESSAGE][PASSED] - Switched to window with title: 'Bluuu - จ้างแม่บ้าน ผู้เชี่ยวชาญเรื่องบ้านที่คุณไว้วางใจได้มากที่สุด'

2021-02-24 13:55:05 - [TEST_STEP][PASSED] - click(findTestObject("Used/zElement-Bluuu/a_OneTimeService")): Object: 'Object Repository/Used/zElement-Bluuu/a_OneTimeService' is clicked on

2021-02-24 13:55:05 - [MESSAGE][PASSED] - Object: 'Object Repository/Used/zElement-Bluuu/a_OneTimeService' is clicked on

2021-02-24 13:55:05 - [TEST_STEP][PASSED] - click(findTestObject("Used/zElement-Bluuu/div_RoomType")): Object: 'Object Repository/Used/zElement-Bluuu/div_RoomType' is clicked on

2021-02-24 13:55:07 - [MESSAGE][INFO] - Unable to find the element located by 'By.xpath: //fieldset[@id='__BVID__244']/div/div/button/div[2]'. Please recheck the objects properties to make sure the desired element is located. 

2021-02-24 13:55:07 - [MESSAGE][WARNING] - [SELF-HEALING] Failed to find element with id 'Object Repository/Used/zElement-Bluuu/div_RoomType'. Try using Self-healing.

2021-02-24 13:55:07 - [MESSAGE][ERROR] - [SELF-HEALING] com.google.gson.stream.MalformedJsonException: Expected ':' at line 135 column 10 path $.brokenTestObjects[13].<<<<<<<

2021-02-24 13:55:08 - [MESSAGE][INFO] - [SELF-HEALING] Failed Locator: '//fieldset[@id='__BVID__244']/div/div/button/div[2]'.

2021-02-24 13:55:08 - [MESSAGE][INFO] - [SELF-HEALING] Working Locator: '//div[3]/div[2]/fieldset/div/div/button/div[2]'.

2021-02-24 13:55:08 - [MESSAGE][INFO] - [SELF-HEALING] Screenshot: C:/Users/Katesopon/git/Katalon-GitTestRepo/Reports/Self-healing/Object Repository/Used/zElement-Bluuu/div_RoomType_position.png

2021-02-24 13:55:08 - [MESSAGE][ERROR] - [SELF-HEALING] com.google.gson.stream.MalformedJsonException: Expected ':' at line 135 column 10 path $.brokenTestObjects[13].<<<<<<<

2021-02-24 13:55:08 - [MESSAGE][ERROR] - [SELF-HEALING] C:\Users\Katesopon\git\Katalon-GitTestRepo\Reports\Self-healing\broken-test-objects.json does not exist or is provided by Self-healing Plugin!

2021-02-24 13:55:08 - [MESSAGE][WARNING] - [SELF-HEALING] The current locator of test object 'Object Repository/Used/zElement-Bluuu/div_RoomType' was broken. Propose an alternative one: '//div[3]/div[2]/fieldset/div/div/button/div[2]'.

2021-02-24 13:55:08 - [MESSAGE][PASSED] - Object: 'Object Repository/Used/zElement-Bluuu/div_RoomType' is clicked on

2021-02-24 13:55:08 - [TEST_STEP][PASSED] - click(findTestObject("Used/zElement-Bluuu/li_Condo2Bedroom")): Object: 'Object Repository/Used/zElement-Bluuu/li_Condo2Bedroom' is clicked on

2021-02-24 13:55:10 - [MESSAGE][INFO] - Unable to find the element located by 'By.xpath: //fieldset[@id='__BVID__244']/div/div/div/ul/li[3]'. Please recheck the objects properties to make sure the desired element is located. 

2021-02-24 13:55:10 - [MESSAGE][WARNING] - [SELF-HEALING] Failed to find element with id 'Object Repository/Used/zElement-Bluuu/li_Condo2Bedroom'. Try using Self-healing.

2021-02-24 13:55:10 - [MESSAGE][ERROR] - [SELF-HEALING] com.google.gson.stream.MalformedJsonException: Expected ':' at line 135 column 10 path $.brokenTestObjects[13].<<<<<<<

2021-02-24 13:55:11 - [MESSAGE][INFO] - [SELF-HEALING] Failed Locator: '//fieldset[@id='__BVID__244']/div/div/div/ul/li[3]'.

2021-02-24 13:55:11 - [MESSAGE][INFO] - [SELF-HEALING] Working Locator: '(.//*[normalize-space(text()) and normalize-space(.)='คอนโด 1 ห้องนอน'])[1]/following::li[1]'.

2021-02-24 13:55:11 - [MESSAGE][INFO] - [SELF-HEALING] Screenshot: C:/Users/Katesopon/git/Katalon-GitTestRepo/Reports/Self-healing/Object Repository/Used/zElement-Bluuu/li_Condo2Bedroom_neighbor.png

2021-02-24 13:55:11 - [MESSAGE][ERROR] - [SELF-HEALING] com.google.gson.stream.MalformedJsonException: Expected ':' at line 135 column 10 path $.brokenTestObjects[13].<<<<<<<

2021-02-24 13:55:11 - [MESSAGE][ERROR] - [SELF-HEALING] C:\Users\Katesopon\git\Katalon-GitTestRepo\Reports\Self-healing\broken-test-objects.json does not exist or is provided by Self-healing Plugin!

2021-02-24 13:55:11 - [MESSAGE][WARNING] - [SELF-HEALING] The current locator of test object 'Object Repository/Used/zElement-Bluuu/li_Condo2Bedroom' was broken. Propose an alternative one: '(.//*[normalize-space(text()) and normalize-space(.)='คอนโด 1 ห้องนอน'])[1]/following::li[1]'.

2021-02-24 13:55:11 - [MESSAGE][PASSED] - Object: 'Object Repository/Used/zElement-Bluuu/li_Condo2Bedroom' is clicked on

2021-02-24 13:55:11 - [TEST_STEP][PASSED] - setText(findTestObject("Used/zElement-Bluuu/input_Location"), "paragon"): Text 'paragon' is set on object 'Object Repository/Used/zElement-Bluuu/input_Location'

2021-02-24 13:55:14 - [MESSAGE][INFO] - Unable to find the element located by 'By.xpath: //input[@id='__BVID__233']'. Please recheck the objects properties to make sure the desired element is located. 

2021-02-24 13:55:14 - [MESSAGE][WARNING] - [SELF-HEALING] Failed to find element with id 'Object Repository/Used/zElement-Bluuu/input_Location'. Try using Self-healing.

2021-02-24 13:55:14 - [MESSAGE][ERROR] - [SELF-HEALING] com.google.gson.stream.MalformedJsonException: Expected ':' at line 135 column 10 path $.brokenTestObjects[13].<<<<<<<

2021-02-24 13:55:14 - [MESSAGE][INFO] - [SELF-HEALING] Failed Locator: '//input[@id='__BVID__233']'.

2021-02-24 13:55:14 - [MESSAGE][INFO] - [SELF-HEALING] Failed Locator: '//fieldset[@id='__BVID__232']/div/div/div/input'.

2021-02-24 13:55:14 - [MESSAGE][INFO] - [SELF-HEALING] Working Locator: '//fieldset/div/div/div/input'.

2021-02-24 13:55:15 - [MESSAGE][INFO] - [SELF-HEALING] Screenshot: C:/Users/Katesopon/git/Katalon-GitTestRepo/Reports/Self-healing/Object Repository/Used/zElement-Bluuu/input_Location_position.png

2021-02-24 13:55:15 - [MESSAGE][ERROR] - [SELF-HEALING] com.google.gson.stream.MalformedJsonException: Expected ':' at line 135 column 10 path $.brokenTestObjects[13].<<<<<<<

2021-02-24 13:55:15 - [MESSAGE][ERROR] - [SELF-HEALING] C:\Users\Katesopon\git\Katalon-GitTestRepo\Reports\Self-healing\broken-test-objects.json does not exist or is provided by Self-healing Plugin!

2021-02-24 13:55:15 - [MESSAGE][WARNING] - [SELF-HEALING] The current locator of test object 'Object Repository/Used/zElement-Bluuu/input_Location' was broken. Propose an alternative one: '//fieldset/div/div/div/input'.

2021-02-24 13:55:17 - [MESSAGE][INFO] - Unable to find the element located by 'By.xpath: //input[@id='__BVID__233']'. Please recheck the objects properties to make sure the desired element is located. 

2021-02-24 13:55:17 - [MESSAGE][WARNING] - [SELF-HEALING] Failed to find element with id 'Object Repository/Used/zElement-Bluuu/input_Location'. Try using Self-healing.

2021-02-24 13:55:17 - [MESSAGE][ERROR] - [SELF-HEALING] com.google.gson.stream.MalformedJsonException: Expected ':' at line 135 column 10 path $.brokenTestObjects[13].<<<<<<<

2021-02-24 13:55:17 - [MESSAGE][INFO] - [SELF-HEALING] Failed Locator: '//input[@id='__BVID__233']'.

2021-02-24 13:55:17 - [MESSAGE][INFO] - [SELF-HEALING] Failed Locator: '//fieldset[@id='__BVID__232']/div/div/div/input'.

2021-02-24 13:55:18 - [MESSAGE][INFO] - [SELF-HEALING] Working Locator: '//fieldset/div/div/div/input'.

2021-02-24 13:55:18 - [MESSAGE][INFO] - [SELF-HEALING] Screenshot: C:/Users/Katesopon/git/Katalon-GitTestRepo/Reports/Self-healing/Object Repository/Used/zElement-Bluuu/input_Location_position.png

2021-02-24 13:55:18 - [MESSAGE][ERROR] - [SELF-HEALING] com.google.gson.stream.MalformedJsonException: Expected ':' at line 135 column 10 path $.brokenTestObjects[13].<<<<<<<

2021-02-24 13:55:18 - [MESSAGE][ERROR] - [SELF-HEALING] C:\Users\Katesopon\git\Katalon-GitTestRepo\Reports\Self-healing\broken-test-objects.json does not exist or is provided by Self-healing Plugin!

2021-02-24 13:55:18 - [MESSAGE][WARNING] - [SELF-HEALING] The current locator of test object 'Object Repository/Used/zElement-Bluuu/input_Location' was broken. Propose an alternative one: '//fieldset/div/div/div/input'.

2021-02-24 13:55:18 - [MESSAGE][PASSED] - Text 'paragon' is set on object 'Object Repository/Used/zElement-Bluuu/input_Location'

2021-02-24 13:55:18 - [TEST_STEP][PASSED] - delay(5): Delayed 5 second(s)

2021-02-24 13:55:23 - [MESSAGE][PASSED] - Delayed 5 second(s)

2021-02-24 13:55:23 - [TEST_STEP][PASSED] - click(findTestObject("Used/zElement-Bluuu/div_Paragon Cineplex")): Object: 'Object Repository/Used/zElement-Bluuu/div_Paragon Cineplex' is clicked on

2021-02-24 13:55:25 - [MESSAGE][INFO] - Unable to find the element located by 'By.xpath: //fieldset[@id='__BVID__232']/div/div[2]/div/div/div'. Please recheck the objects properties to make sure the desired element is located. 

2021-02-24 13:55:25 - [MESSAGE][WARNING] - [SELF-HEALING] Failed to find element with id 'Object Repository/Used/zElement-Bluuu/div_Paragon Cineplex'. Try using Self-healing.

2021-02-24 13:55:25 - [MESSAGE][ERROR] - [SELF-HEALING] com.google.gson.stream.MalformedJsonException: Expected ':' at line 135 column 10 path $.brokenTestObjects[13].<<<<<<<

2021-02-24 13:55:25 - [MESSAGE][INFO] - [SELF-HEALING] Failed Locator: '//fieldset[@id='__BVID__232']/div/div[2]/div/div/div'.

2021-02-24 13:55:26 - [MESSAGE][INFO] - [SELF-HEALING] Working Locator: '(.//*[normalize-space(text()) and normalize-space(.)='ระบุสถานที่ทำงาน'])[1]/following::div[9]'.

2021-02-24 13:55:26 - [MESSAGE][INFO] - [SELF-HEALING] Screenshot: C:/Users/Katesopon/git/Katalon-GitTestRepo/Reports/Self-healing/Object Repository/Used/zElement-Bluuu/div_Paragon Cineplex_neighbor.png

2021-02-24 13:55:26 - [MESSAGE][ERROR] - [SELF-HEALING] com.google.gson.stream.MalformedJsonException: Expected ':' at line 135 column 10 path $.brokenTestObjects[13].<<<<<<<

2021-02-24 13:55:26 - [MESSAGE][ERROR] - [SELF-HEALING] C:\Users\Katesopon\git\Katalon-GitTestRepo\Reports\Self-healing\broken-test-objects.json does not exist or is provided by Self-healing Plugin!

2021-02-24 13:55:26 - [MESSAGE][WARNING] - [SELF-HEALING] The current locator of test object 'Object Repository/Used/zElement-Bluuu/div_Paragon Cineplex' was broken. Propose an alternative one: '(.//*[normalize-space(text()) and normalize-space(.)='ระบุสถานที่ทำงาน'])[1]/following::div[9]'.

2021-02-24 13:55:26 - [MESSAGE][PASSED] - Object: 'Object Repository/Used/zElement-Bluuu/div_Paragon Cineplex' is clicked on

2021-02-24 13:55:26 - [TEST_STEP][PASSED] - click(findTestObject("Used/zElement-Bluuu/div_arrow-down_CleanType")): Object: 'Object Repository/Used/zElement-Bluuu/div_arrow-down_CleanType' is clicked on

2021-02-24 13:55:28 - [MESSAGE][INFO] - Unable to find the element located by 'By.xpath: //fieldset[@id='__BVID__248']/div/div/button/div[2]'. Please recheck the objects properties to make sure the desired element is located. 

2021-02-24 13:55:28 - [MESSAGE][WARNING] - [SELF-HEALING] Failed to find element with id 'Object Repository/Used/zElement-Bluuu/div_arrow-down_CleanType'. Try using Self-healing.

2021-02-24 13:55:28 - [MESSAGE][ERROR] - [SELF-HEALING] com.google.gson.stream.MalformedJsonException: Expected ':' at line 135 column 10 path $.brokenTestObjects[13].<<<<<<<

2021-02-24 13:55:28 - [MESSAGE][INFO] - [SELF-HEALING] Failed Locator: '//fieldset[@id='__BVID__248']/div/div/button/div[2]'.

2021-02-24 13:55:29 - [MESSAGE][INFO] - [SELF-HEALING] Working Locator: '//div[4]/fieldset/div/div/button/div[2]'.

2021-02-24 13:55:29 - [MESSAGE][INFO] - [SELF-HEALING] Screenshot: C:/Users/Katesopon/git/Katalon-GitTestRepo/Reports/Self-healing/Object Repository/Used/zElement-Bluuu/div_arrow-down_CleanType_position.png

2021-02-24 13:55:29 - [MESSAGE][ERROR] - [SELF-HEALING] com.google.gson.stream.MalformedJsonException: Expected ':' at line 135 column 10 path $.brokenTestObjects[13].<<<<<<<

2021-02-24 13:55:29 - [MESSAGE][ERROR] - [SELF-HEALING] C:\Users\Katesopon\git\Katalon-GitTestRepo\Reports\Self-healing\broken-test-objects.json does not exist or is provided by Self-healing Plugin!

2021-02-24 13:55:29 - [MESSAGE][WARNING] - [SELF-HEALING] The current locator of test object 'Object Repository/Used/zElement-Bluuu/div_arrow-down_CleanType' was broken. Propose an alternative one: '//div[4]/fieldset/div/div/button/div[2]'.

2021-02-24 13:55:29 - [MESSAGE][PASSED] - Object: 'Object Repository/Used/zElement-Bluuu/div_arrow-down_CleanType' is clicked on

2021-02-24 13:55:29 - [TEST_STEP][PASSED] - click(findTestObject("Used/zElement-Bluuu/li_Clean-and-Laundry")): Object: 'Object Repository/Used/zElement-Bluuu/li_Clean-and-Laundry' is clicked on

2021-02-24 13:55:31 - [MESSAGE][INFO] - Unable to find the element located by 'By.xpath: //fieldset[@id='__BVID__248']/div/div/div/ul/li[3]'. Please recheck the objects properties to make sure the desired element is located. 

2021-02-24 13:55:31 - [MESSAGE][WARNING] - [SELF-HEALING] Failed to find element with id 'Object Repository/Used/zElement-Bluuu/li_Clean-and-Laundry'. Try using Self-healing.

2021-02-24 13:55:31 - [MESSAGE][ERROR] - [SELF-HEALING] com.google.gson.stream.MalformedJsonException: Expected ':' at line 135 column 10 path $.brokenTestObjects[13].<<<<<<<

2021-02-24 13:55:31 - [MESSAGE][INFO] - [SELF-HEALING] Failed Locator: '//fieldset[@id='__BVID__248']/div/div/div/ul/li[3]'.

2021-02-24 13:55:32 - [MESSAGE][INFO] - [SELF-HEALING] Working Locator: '(.//*[normalize-space(text()) and normalize-space(.)='ทำความสะอาด'])[1]/following::li[1]'.

2021-02-24 13:55:32 - [MESSAGE][INFO] - [SELF-HEALING] Screenshot: C:/Users/Katesopon/git/Katalon-GitTestRepo/Reports/Self-healing/Object Repository/Used/zElement-Bluuu/li_Clean-and-Laundry_neighbor.png

2021-02-24 13:55:32 - [MESSAGE][ERROR] - [SELF-HEALING] com.google.gson.stream.MalformedJsonException: Expected ':' at line 135 column 10 path $.brokenTestObjects[13].<<<<<<<

2021-02-24 13:55:32 - [MESSAGE][ERROR] - [SELF-HEALING] C:\Users\Katesopon\git\Katalon-GitTestRepo\Reports\Self-healing\broken-test-objects.json does not exist or is provided by Self-healing Plugin!

2021-02-24 13:55:32 - [MESSAGE][WARNING] - [SELF-HEALING] The current locator of test object 'Object Repository/Used/zElement-Bluuu/li_Clean-and-Laundry' was broken. Propose an alternative one: '(.//*[normalize-space(text()) and normalize-space(.)='ทำความสะอาด'])[1]/following::li[1]'.

2021-02-24 13:55:32 - [MESSAGE][PASSED] - Object: 'Object Repository/Used/zElement-Bluuu/li_Clean-and-Laundry' is clicked on

2021-02-24 13:55:32 - [TEST_STEP][PASSED] - click(findTestObject("Used/zElement-Bluuu/label_IgotCat")): Object: 'Object Repository/Used/zElement-Bluuu/label_IgotCat' is clicked on

2021-02-24 13:55:34 - [MESSAGE][INFO] - Unable to find the element located by 'By.xpath: //div[@id='__BVID__251']/div/label'. Please recheck the objects properties to make sure the desired element is located. 

2021-02-24 13:55:34 - [MESSAGE][WARNING] - [SELF-HEALING] Failed to find element with id 'Object Repository/Used/zElement-Bluuu/label_IgotCat'. Try using Self-healing.

2021-02-24 13:55:34 - [MESSAGE][ERROR] - [SELF-HEALING] com.google.gson.stream.MalformedJsonException: Expected ':' at line 135 column 10 path $.brokenTestObjects[13].<<<<<<<

2021-02-24 13:55:34 - [MESSAGE][INFO] - [SELF-HEALING] Failed Locator: '//div[@id='__BVID__251']/div/label'.

2021-02-24 13:55:35 - [MESSAGE][INFO] - [SELF-HEALING] Working Locator: '(.//*[normalize-space(text()) and normalize-space(.)='ข้อมูลเพิ่มเติม'])[1]/following::label[1]'.

2021-02-24 13:55:35 - [MESSAGE][INFO] - [SELF-HEALING] Screenshot: C:/Users/Katesopon/git/Katalon-GitTestRepo/Reports/Self-healing/Object Repository/Used/zElement-Bluuu/label_IgotCat_neighbor.png

2021-02-24 13:55:35 - [MESSAGE][ERROR] - [SELF-HEALING] com.google.gson.stream.MalformedJsonException: Expected ':' at line 135 column 10 path $.brokenTestObjects[13].<<<<<<<

2021-02-24 13:55:35 - [MESSAGE][ERROR] - [SELF-HEALING] C:\Users\Katesopon\git\Katalon-GitTestRepo\Reports\Self-healing\broken-test-objects.json does not exist or is provided by Self-healing Plugin!

2021-02-24 13:55:35 - [MESSAGE][WARNING] - [SELF-HEALING] The current locator of test object 'Object Repository/Used/zElement-Bluuu/label_IgotCat' was broken. Propose an alternative one: '(.//*[normalize-space(text()) and normalize-space(.)='ข้อมูลเพิ่มเติม'])[1]/following::label[1]'.

2021-02-24 13:55:35 - [MESSAGE][PASSED] - Object: 'Object Repository/Used/zElement-Bluuu/label_IgotCat' is clicked on

2021-02-24 13:55:35 - [TEST_STEP][PASSED] - click(findTestObject("Used/zElement-Bluuu/label_IgotDog")): Object: 'Object Repository/Used/zElement-Bluuu/label_IgotDog' is clicked on

2021-02-24 13:55:37 - [MESSAGE][INFO] - Unable to find the element located by 'By.xpath: //div[@id='__BVID__251']/div[2]/label'. Please recheck the objects properties to make sure the desired element is located. 

2021-02-24 13:55:37 - [MESSAGE][WARNING] - [SELF-HEALING] Failed to find element with id 'Object Repository/Used/zElement-Bluuu/label_IgotDog'. Try using Self-healing.

2021-02-24 13:55:37 - [MESSAGE][ERROR] - [SELF-HEALING] com.google.gson.stream.MalformedJsonException: Expected ':' at line 135 column 10 path $.brokenTestObjects[13].<<<<<<<

2021-02-24 13:55:37 - [MESSAGE][INFO] - [SELF-HEALING] Failed Locator: '//div[@id='__BVID__251']/div[2]/label'.

2021-02-24 13:55:38 - [MESSAGE][INFO] - [SELF-HEALING] Working Locator: '(.//*[normalize-space(text()) and normalize-space(.)='ฉันมีแมว'])[1]/following::label[1]'.

2021-02-24 13:55:38 - [MESSAGE][INFO] - [SELF-HEALING] Screenshot: C:/Users/Katesopon/git/Katalon-GitTestRepo/Reports/Self-healing/Object Repository/Used/zElement-Bluuu/label_IgotDog_neighbor.png

2021-02-24 13:55:38 - [MESSAGE][ERROR] - [SELF-HEALING] com.google.gson.stream.MalformedJsonException: Expected ':' at line 135 column 10 path $.brokenTestObjects[13].<<<<<<<

2021-02-24 13:55:38 - [MESSAGE][ERROR] - [SELF-HEALING] C:\Users\Katesopon\git\Katalon-GitTestRepo\Reports\Self-healing\broken-test-objects.json does not exist or is provided by Self-healing Plugin!

2021-02-24 13:55:38 - [MESSAGE][WARNING] - [SELF-HEALING] The current locator of test object 'Object Repository/Used/zElement-Bluuu/label_IgotDog' was broken. Propose an alternative one: '(.//*[normalize-space(text()) and normalize-space(.)='ฉันมีแมว'])[1]/following::label[1]'.

2021-02-24 13:55:38 - [MESSAGE][PASSED] - Object: 'Object Repository/Used/zElement-Bluuu/label_IgotDog' is clicked on

2021-02-24 13:55:38 - [TEST_STEP][PASSED] - click(findTestObject("Used/Picking-Maid/a_Pick-OneTimeManual")): Object: 'Object Repository/Used/Picking-Maid/a_Pick-OneTimeManual' is clicked on

2021-02-24 13:55:40 - [MESSAGE][INFO] - Unable to find the element located by 'By.xpath: //a[@id='__BVID__168___BV_tab_button__']'. Please recheck the objects properties to make sure the desired element is located. 

2021-02-24 13:55:40 - [MESSAGE][WARNING] - [SELF-HEALING] Failed to find element with id 'Object Repository/Used/Picking-Maid/a_Pick-OneTimeManual'. Try using Self-healing.

2021-02-24 13:55:40 - [MESSAGE][ERROR] - [SELF-HEALING] com.google.gson.stream.MalformedJsonException: Expected ':' at line 135 column 10 path $.brokenTestObjects[13].<<<<<<<

2021-02-24 13:55:41 - [MESSAGE][INFO] - [SELF-HEALING] Failed Locator: '//a[@id='__BVID__168___BV_tab_button__']'.

2021-02-24 13:55:41 - [MESSAGE][INFO] - [SELF-HEALING] Failed Locator: '//ul[@id='__BVID__165__BV_tab_controls_']/li[2]/a'.

2021-02-24 13:55:41 - [MESSAGE][INFO] - [SELF-HEALING] Working Locator: '//a[contains(text(),'เลือกแม่บ้านด้วยตนเอง')]'.

2021-02-24 13:55:41 - [MESSAGE][INFO] - [SELF-HEALING] Screenshot: C:/Users/Katesopon/git/Katalon-GitTestRepo/Reports/Self-healing/Object Repository/Used/Picking-Maid/a_Pick-OneTimeManual_link.png

2021-02-24 13:55:41 - [MESSAGE][ERROR] - [SELF-HEALING] com.google.gson.stream.MalformedJsonException: Expected ':' at line 135 column 10 path $.brokenTestObjects[13].<<<<<<<

2021-02-24 13:55:41 - [MESSAGE][ERROR] - [SELF-HEALING] C:\Users\Katesopon\git\Katalon-GitTestRepo\Reports\Self-healing\broken-test-objects.json does not exist or is provided by Self-healing Plugin!

2021-02-24 13:55:41 - [MESSAGE][WARNING] - [SELF-HEALING] The current locator of test object 'Object Repository/Used/Picking-Maid/a_Pick-OneTimeManual' was broken. Propose an alternative one: '//a[contains(text(),'เลือกแม่บ้านด้วยตนเอง')]'.

2021-02-24 13:55:41 - [MESSAGE][PASSED] - Object: 'Object Repository/Used/Picking-Maid/a_Pick-OneTimeManual' is clicked on

2021-02-24 13:55:41 - [TEST_STEP][PASSED] - click(findTestObject("Used/Picking-Maid/button_Picking-maid")): Object: 'Object Repository/Used/Picking-Maid/button_Picking-maid' is clicked on

2021-02-24 13:55:42 - [MESSAGE][PASSED] - Object: 'Object Repository/Used/Picking-Maid/button_Picking-maid' is clicked on

2021-02-24 13:55:42 - [TEST_STEP][PASSED] - click(findTestObject("Used/Picking-Maid/img_PMark-Avatar")): Object: 'Object Repository/Used/Picking-Maid/img_PMark-Avatar' is clicked on

2021-02-24 13:55:44 - [MESSAGE][PASSED] - Object: 'Object Repository/Used/Picking-Maid/img_PMark-Avatar' is clicked on

2021-02-24 13:55:44 - [TEST_STEP][PASSED] - click(findTestObject("Used/Picking-Maid/button_OneTime-PMark")): Object: 'Object Repository/Used/Picking-Maid/button_OneTime-PMark' is clicked on

2021-02-24 13:55:47 - [MESSAGE][PASSED] - Object: 'Object Repository/Used/Picking-Maid/button_OneTime-PMark' is clicked on

2021-02-24 13:55:47 - [TEST_STEP][FAILED] - click(findTestObject("Used/zElement-Bluuu/svg_NextMonth")): Unable to click on object 'Object Repository/Used/zElement-Bluuu/svg_NextMonth' (Root cause: com.kms.katalon.core.exception.StepFailedException: Unable to click on object 'Object Repository/Used/zElement-Bluuu/svg_NextMonth'
	at com.kms.katalon.core.webui.keyword.internal.WebUIKeywordMain.stepFailed(WebUIKeywordMain.groovy:64)
	at com.kms.katalon.core.webui.keyword.internal.WebUIKeywordMain.runKeyword(WebUIKeywordMain.groovy:26)
	at com.kms.katalon.core.webui.keyword.builtin.ClickKeyword.click(ClickKeyword.groovy:75)
	at com.kms.katalon.core.webui.keyword.builtin.ClickKeyword.execute(ClickKeyword.groovy:42)
	at com.kms.katalon.core.keyword.internal.KeywordExecutor.executeKeywordForPlatform(KeywordExecutor.groovy:73)
	at com.kms.katalon.core.webui.keyword.WebUiBuiltInKeywords.click(WebUiBuiltInKeywords.groovy:619)
	at com.kms.katalon.core.webui.keyword.WebUiBuiltInKeywords$click$2.call(Unknown Source)
	at 12_OTM with Promotion (login before).run(12_OTM with Promotion (login before):83)
	at com.kms.katalon.core.main.ScriptEngine.run(ScriptEngine.java:194)
	at com.kms.katalon.core.main.ScriptEngine.runScriptAsRawText(ScriptEngine.java:119)
	at com.kms.katalon.core.main.TestCaseExecutor.runScript(TestCaseExecutor.java:398)
	at com.kms.katalon.core.main.TestCaseExecutor.doExecute(TestCaseExecutor.java:389)
	at com.kms.katalon.core.main.TestCaseExecutor.processExecutionPhase(TestCaseExecutor.java:368)
	at com.kms.katalon.core.main.TestCaseExecutor.accessMainPhase(TestCaseExecutor.java:360)
	at com.kms.katalon.core.main.TestCaseExecutor.execute(TestCaseExecutor.java:255)
	at com.kms.katalon.core.main.TestSuiteExecutor.accessTestCaseMainPhase(TestSuiteExecutor.java:203)
	at com.kms.katalon.core.main.TestSuiteExecutor.accessTestSuiteMainPhase(TestSuiteExecutor.java:152)
	at com.kms.katalon.core.main.TestSuiteExecutor.execute(TestSuiteExecutor.java:95)
	at com.kms.katalon.core.main.TestCaseMain.startTestSuite(TestCaseMain.java:157)
	at com.kms.katalon.core.main.TestCaseMain$startTestSuite$0.call(Unknown Source)
	at TempTestSuite1614149617286.run(TempTestSuite1614149617286.groovy:39)
Caused by: com.kms.katalon.core.webui.exception.WebElementNotFoundException: Web element with id: 'Object Repository/Used/zElement-Bluuu/svg_NextMonth' located by '(.//*[normalize-space(text()) and normalize-space(.)='ส'])[1]/following::*[name()='svg'][2]' not found
	at com.kms.katalon.core.webui.common.WebUiCommonHelper.findWebElement(WebUiCommonHelper.java:1368)
	at com.kms.katalon.core.webui.keyword.internal.WebUIAbstractKeyword.findWebElement(WebUIAbstractKeyword.groovy:27)
	at com.kms.katalon.core.webui.keyword.internal.WebUIAbstractKeyword.findWebElement(WebUIAbstractKeyword.groovy:26)
	at com.kms.katalon.core.webui.keyword.builtin.ClickKeyword$_click_closure1.doCall(ClickKeyword.groovy:66)
	at com.kms.katalon.core.webui.keyword.builtin.ClickKeyword$_click_closure1.call(ClickKeyword.groovy)
	at com.kms.katalon.core.webui.keyword.internal.WebUIKeywordMain.runKeyword(WebUIKeywordMain.groovy:20)
	at com.kms.katalon.core.webui.keyword.builtin.ClickKeyword.click(ClickKeyword.groovy:75)
	at com.kms.katalon.core.webui.keyword.builtin.ClickKeyword.execute(ClickKeyword.groovy:42)
	at com.kms.katalon.core.keyword.internal.KeywordExecutor.executeKeywordForPlatform(KeywordExecutor.groovy:73)
	at com.kms.katalon.core.webui.keyword.WebUiBuiltInKeywords.click(WebUiBuiltInKeywords.groovy:619)
	at com.kms.katalon.core.webui.keyword.WebUiBuiltInKeywords$click$2.call(Unknown Source)
	at Script1614020154123.run(Script1614020154123.groovy:83)
	... 13 more
)

2021-02-24 13:55:50 - [MESSAGE][INFO] - Unable to find the element located by 'By.xpath: (.//*[normalize-space(text()) and normalize-space(.)='ส'])[1]/following::*[name()='svg'][2]'. Please recheck the objects properties to make sure the desired element is located. 

2021-02-24 13:55:50 - [MESSAGE][WARNING] - [SELF-HEALING] Failed to find element with id 'Object Repository/Used/zElement-Bluuu/svg_NextMonth'. Try using Self-healing.

2021-02-24 13:55:50 - [MESSAGE][ERROR] - [SELF-HEALING] com.google.gson.stream.MalformedJsonException: Expected ':' at line 135 column 10 path $.brokenTestObjects[13].<<<<<<<

2021-02-24 13:55:50 - [MESSAGE][INFO] - [SELF-HEALING] Failed Locator: '(.//*[normalize-space(text()) and normalize-space(.)='ส'])[1]/following::*[name()='svg'][2]'.

2021-02-24 13:55:50 - [MESSAGE][INFO] - [SELF-HEALING] Failed Locator: '(.//*[normalize-space(text()) and normalize-space(.)='ศ'])[1]/following::*[name()='svg'][2]'.

2021-02-24 13:55:50 - [MESSAGE][INFO] - [SELF-HEALING] Failed Locator: '(.//*[normalize-space(text()) and normalize-space(.)='ระบุสถานที่ทำงาน'])[1]/preceding::*[name()='svg'][1]'.

2021-02-24 13:55:50 - [MESSAGE][INFO] - [SELF-HEALING] Failed Locator: '(.//*[normalize-space(text()) and normalize-space(.)='ไม่พบผลลัพธ์'])[1]/preceding::*[name()='svg'][1]'.

2021-02-24 13:55:51 - [MESSAGE][INFO] - [SELF-HEALING] Failed Locator: '(.//*[normalize-space(text()) and normalize-space(.)='ส'])[1]/following::*[name()='svg'][2]'.

2021-02-24 13:55:51 - [MESSAGE][INFO] - [SELF-HEALING] Failed Locator: '(.//*[normalize-space(text()) and normalize-space(.)='ศ'])[1]/following::*[name()='svg'][2]'.

2021-02-24 13:55:51 - [MESSAGE][INFO] - [SELF-HEALING] Failed Locator: '(.//*[normalize-space(text()) and normalize-space(.)='ระบุสถานที่ทำงาน'])[1]/preceding::*[name()='svg'][1]'.

2021-02-24 13:55:51 - [MESSAGE][INFO] - [SELF-HEALING] Failed Locator: '(.//*[normalize-space(text()) and normalize-space(.)='ไม่พบผลลัพธ์'])[1]/preceding::*[name()='svg'][1]'.

2021-02-24 13:55:53 - [MESSAGE][INFO] - Unable to find the element located by 'By.xpath: id("__BVID__175")/div[@class="bv-no-focus-ring"]/div[@class="v-calendar-custom vc-container vc-reset vc-min-w-full vc-text-gray-900 vc-bg-white vc-border vc-border-gray-400 vc-rounded-lg"]/div[@class="vc-w-full vc-relative"]/div[@class="vc-arrows-container title-center"]/div[@class="vc-flex vc-justify-center vc-items-center vc-cursor-pointer vc-select-none vc-pointer-events-auto vc-text-gray-600 vc-rounded vc-border-2 vc-border-transparent hover:vc-opacity-50 hover:vc-bg-gray-300 focus:vc-border-gray-300"]/svg[@class="vc-svg-icon"]'. Please recheck the objects properties to make sure the desired element is located. 

2021-02-24 13:55:54 - [MESSAGE][INFO] - Unable to find the element located by 'By.cssSelector: '. Please recheck the objects properties to make sure the desired element is located. 

2021-02-24 13:55:54 - [MESSAGE][FAILED] - Unable to click on object 'Object Repository/Used/zElement-Bluuu/svg_NextMonth' (Root cause: com.kms.katalon.core.exception.StepFailedException: Unable to click on object 'Object Repository/Used/zElement-Bluuu/svg_NextMonth'
	at com.kms.katalon.core.webui.keyword.internal.WebUIKeywordMain.stepFailed(WebUIKeywordMain.groovy:64)
	at com.kms.katalon.core.webui.keyword.internal.WebUIKeywordMain.runKeyword(WebUIKeywordMain.groovy:26)
	at com.kms.katalon.core.webui.keyword.builtin.ClickKeyword.click(ClickKeyword.groovy:75)
	at com.kms.katalon.core.webui.keyword.builtin.ClickKeyword.execute(ClickKeyword.groovy:42)
	at com.kms.katalon.core.keyword.internal.KeywordExecutor.executeKeywordForPlatform(KeywordExecutor.groovy:73)
	at com.kms.katalon.core.webui.keyword.WebUiBuiltInKeywords.click(WebUiBuiltInKeywords.groovy:619)
	at com.kms.katalon.core.webui.keyword.WebUiBuiltInKeywords$click$2.call(Unknown Source)
	at 12_OTM with Promotion (login before).run(12_OTM with Promotion (login before):83)
	at com.kms.katalon.core.main.ScriptEngine.run(ScriptEngine.java:194)
	at com.kms.katalon.core.main.ScriptEngine.runScriptAsRawText(ScriptEngine.java:119)
	at com.kms.katalon.core.main.TestCaseExecutor.runScript(TestCaseExecutor.java:398)
	at com.kms.katalon.core.main.TestCaseExecutor.doExecute(TestCaseExecutor.java:389)
	at com.kms.katalon.core.main.TestCaseExecutor.processExecutionPhase(TestCaseExecutor.java:368)
	at com.kms.katalon.core.main.TestCaseExecutor.accessMainPhase(TestCaseExecutor.java:360)
	at com.kms.katalon.core.main.TestCaseExecutor.execute(TestCaseExecutor.java:255)
	at com.kms.katalon.core.main.TestSuiteExecutor.accessTestCaseMainPhase(TestSuiteExecutor.java:203)
	at com.kms.katalon.core.main.TestSuiteExecutor.accessTestSuiteMainPhase(TestSuiteExecutor.java:152)
	at com.kms.katalon.core.main.TestSuiteExecutor.execute(TestSuiteExecutor.java:95)
	at com.kms.katalon.core.main.TestCaseMain.startTestSuite(TestCaseMain.java:157)
	at com.kms.katalon.core.main.TestCaseMain$startTestSuite$0.call(Unknown Source)
	at TempTestSuite1614149617286.run(TempTestSuite1614149617286.groovy:39)
Caused by: com.kms.katalon.core.webui.exception.WebElementNotFoundException: Web element with id: 'Object Repository/Used/zElement-Bluuu/svg_NextMonth' located by '(.//*[normalize-space(text()) and normalize-space(.)='ส'])[1]/following::*[name()='svg'][2]' not found
	at com.kms.katalon.core.webui.common.WebUiCommonHelper.findWebElement(WebUiCommonHelper.java:1368)
	at com.kms.katalon.core.webui.keyword.internal.WebUIAbstractKeyword.findWebElement(WebUIAbstractKeyword.groovy:27)
	at com.kms.katalon.core.webui.keyword.internal.WebUIAbstractKeyword.findWebElement(WebUIAbstractKeyword.groovy:26)
	at com.kms.katalon.core.webui.keyword.builtin.ClickKeyword$_click_closure1.doCall(ClickKeyword.groovy:66)
	at com.kms.katalon.core.webui.keyword.builtin.ClickKeyword$_click_closure1.call(ClickKeyword.groovy)
	at com.kms.katalon.core.webui.keyword.internal.WebUIKeywordMain.runKeyword(WebUIKeywordMain.groovy:20)
	at com.kms.katalon.core.webui.keyword.builtin.ClickKeyword.click(ClickKeyword.groovy:75)
	at com.kms.katalon.core.webui.keyword.builtin.ClickKeyword.execute(ClickKeyword.groovy:42)
	at com.kms.katalon.core.keyword.internal.KeywordExecutor.executeKeywordForPlatform(KeywordExecutor.groovy:73)
	at com.kms.katalon.core.webui.keyword.WebUiBuiltInKeywords.click(WebUiBuiltInKeywords.groovy:619)
	at com.kms.katalon.core.webui.keyword.WebUiBuiltInKeywords$click$2.call(Unknown Source)
	at Script1614020154123.run(Script1614020154123.groovy:83)
	... 13 more
)
[[ATTACHMENT|C:\\Users\\Katesopon\\git\\Katalon-GitTestRepo\\Reports\\20210224_135337\\OTM\\20210224_135337\\1614149754251.png]]]]></system-out>
         <system-err><![CDATA[2021-02-24 13:54:46 - [TEST_CASE][FAILED] - Test Cases/Login before use a service/12_OTM with Promotion (login before): Test Cases/Login before use a service/12_OTM with Promotion (login before) FAILED.
Reason:
com.kms.katalon.core.exception.StepFailedException: Unable to click on object 'Object Repository/Used/zElement-Bluuu/svg_NextMonth'
	at com.kms.katalon.core.webui.keyword.internal.WebUIKeywordMain.stepFailed(WebUIKeywordMain.groovy:64)
	at com.kms.katalon.core.webui.keyword.internal.WebUIKeywordMain.runKeyword(WebUIKeywordMain.groovy:26)
	at com.kms.katalon.core.webui.keyword.builtin.ClickKeyword.click(ClickKeyword.groovy:75)
	at com.kms.katalon.core.webui.keyword.builtin.ClickKeyword.execute(ClickKeyword.groovy:42)
	at com.kms.katalon.core.keyword.internal.KeywordExecutor.executeKeywordForPlatform(KeywordExecutor.groovy:73)
	at com.kms.katalon.core.webui.keyword.WebUiBuiltInKeywords.click(WebUiBuiltInKeywords.groovy:619)
	at com.kms.katalon.core.webui.keyword.WebUiBuiltInKeywords$click$2.call(Unknown Source)
	at 12_OTM with Promotion (login before).run(12_OTM with Promotion (login before):83)
	at com.kms.katalon.core.main.ScriptEngine.run(ScriptEngine.java:194)
	at com.kms.katalon.core.main.ScriptEngine.runScriptAsRawText(ScriptEngine.java:119)
	at com.kms.katalon.core.main.TestCaseExecutor.runScript(TestCaseExecutor.java:398)
	at com.kms.katalon.core.main.TestCaseExecutor.doExecute(TestCaseExecutor.java:389)
	at com.kms.katalon.core.main.TestCaseExecutor.processExecutionPhase(TestCaseExecutor.java:368)
	at com.kms.katalon.core.main.TestCaseExecutor.accessMainPhase(TestCaseExecutor.java:360)
	at com.kms.katalon.core.main.TestCaseExecutor.execute(TestCaseExecutor.java:255)
	at com.kms.katalon.core.main.TestSuiteExecutor.accessTestCaseMainPhase(TestSuiteExecutor.java:203)
	at com.kms.katalon.core.main.TestSuiteExecutor.accessTestSuiteMainPhase(TestSuiteExecutor.java:152)
	at com.kms.katalon.core.main.TestSuiteExecutor.execute(TestSuiteExecutor.java:95)
	at com.kms.katalon.core.main.TestCaseMain.startTestSuite(TestCaseMain.java:157)
	at com.kms.katalon.core.main.TestCaseMain$startTestSuite$0.call(Unknown Source)
	at TempTestSuite1614149617286.run(TempTestSuite1614149617286.groovy:39)
Caused by: com.kms.katalon.core.webui.exception.WebElementNotFoundException: Web element with id: 'Object Repository/Used/zElement-Bluuu/svg_NextMonth' located by '(.//*[normalize-space(text()) and normalize-space(.)='ส'])[1]/following::*[name()='svg'][2]' not found
	at com.kms.katalon.core.webui.common.WebUiCommonHelper.findWebElement(WebUiCommonHelper.java:1368)
	at com.kms.katalon.core.webui.keyword.internal.WebUIAbstractKeyword.findWebElement(WebUIAbstractKeyword.groovy:27)
	at com.kms.katalon.core.webui.keyword.internal.WebUIAbstractKeyword.findWebElement(WebUIAbstractKeyword.groovy:26)
	at com.kms.katalon.core.webui.keyword.builtin.ClickKeyword$_click_closure1.doCall(ClickKeyword.groovy:66)
	at com.kms.katalon.core.webui.keyword.builtin.ClickKeyword$_click_closure1.call(ClickKeyword.groovy)
	at com.kms.katalon.core.webui.keyword.internal.WebUIKeywordMain.runKeyword(WebUIKeywordMain.groovy:20)
	... 19 more]]></system-err>
      </testcase>
      <testcase name="Test Cases/Make a service in charge tab (We login after serviced confirming)/17_OTM with Promotion (login before)" time="64.661" classname="Test Cases/Make a service in charge tab (We login after serviced confirming)/17_OTM with Promotion (login before)" status="FAILED">
         <failure type="FAILED" message="Test Cases/Make a service in charge tab (We login after serviced confirming)/17_OTM with Promotion (login before) FAILED.
Reason:
com.kms.katalon.core.exception.StepFailedException: Unable to set text 'WELCOME30' of object 'Object Repository/By Case/17/Page_Bluuu/input____BVID__919'
	at com.kms.katalon.core.webui.keyword.internal.WebUIKeywordMain.stepFailed(WebUIKeywordMain.groovy:64)
	at com.kms.katalon.core.webui.keyword.internal.WebUIKeywordMain.runKeyword(WebUIKeywordMain.groovy:26)
	at com.kms.katalon.core.webui.keyword.builtin.SetTextKeyword.setText(SetTextKeyword.groovy:66)
	at com.kms.katalon.core.webui.keyword.builtin.SetTextKeyword.execute(SetTextKeyword.groovy:37)
	at com.kms.katalon.core.keyword.internal.KeywordExecutor.executeKeywordForPlatform(KeywordExecutor.groovy:73)
	at com.kms.katalon.core.webui.keyword.WebUiBuiltInKeywords.setText(WebUiBuiltInKeywords.groovy:979)
	at com.kms.katalon.core.webui.keyword.WebUiBuiltInKeywords$setText$4.call(Unknown Source)
	at 17_OTM with Promotion (login before).run(17_OTM with Promotion (login before):86)
	at com.kms.katalon.core.main.ScriptEngine.run(ScriptEngine.java:194)
	at com.kms.katalon.core.main.ScriptEngine.runScriptAsRawText(ScriptEngine.java:119)
	at com.kms.katalon.core.main.TestCaseExecutor.runScript(TestCaseExecutor.java:398)
	at com.kms.katalon.core.main.TestCaseExecutor.doExecute(TestCaseExecutor.java:389)
	at com.kms.katalon.core.main.TestCaseExecutor.processExecutionPhase(TestCaseExecutor.java:368)
	at com.kms.katalon.core.main.TestCaseExecutor.accessMainPhase(TestCaseExecutor.java:360)
	at com.kms.katalon.core.main.TestCaseExecutor.execute(TestCaseExecutor.java:255)
	at com.kms.katalon.core.main.TestSuiteExecutor.accessTestCaseMainPhase(TestSuiteExecutor.java:203)
	at com.kms.katalon.core.main.TestSuiteExecutor.accessTestSuiteMainPhase(TestSuiteExecutor.java:152)
	at com.kms.katalon.core.main.TestSuiteExecutor.execute(TestSuiteExecutor.java:95)
	at com.kms.katalon.core.main.TestCaseMain.startTestSuite(TestCaseMain.java:157)
	at com.kms.katalon.core.main.TestCaseMain$startTestSuite$0.call(Unknown Source)
	at TempTestSuite1614149617286.run(TempTestSuite1614149617286.groovy:39)
Caused by: org.openqa.selenium.InvalidElementStateException: invalid element state: Element is not currently interactable and may not be manipulated
  (Session info: chrome=88.0.4324.182)
Build info: version: '3.141.59', revision: 'e82be7d358', time: '2018-11-14T08:25:53'
System info: host: 'LAPTOP-PAE3MHPM', ip: '192.168.1.139', os.name: 'Windows 10', os.arch: 'amd64', os.version: '10.0', java.version: '1.8.0_181'
Driver info: com.kms.katalon.selenium.driver.CChromeDriver
Capabilities {acceptInsecureCerts: false, browserName: chrome, browserVersion: 88.0.4324.182, chrome: {chromedriverVersion: 88.0.4324.96 (68dba2d8a0b14..., userDataDir: C:\Users\KATESO~1\AppData\L...}, goog:chromeOptions: {debuggerAddress: localhost:51655}, javascriptEnabled: true, networkConnectionEnabled: false, pageLoadStrategy: normal, platform: WINDOWS, platformName: WINDOWS, proxy: Proxy(), setWindowRect: true, strictFileInteractability: false, timeouts: {implicit: 0, pageLoad: 300000, script: 30000}, unhandledPromptBehavior: dismiss and notify, webauthn:extension:largeBlob: true, webauthn:virtualAuthenticators: true}
Session ID: eee429b506ea67898ccedfd6e9184b16
	at org.openqa.selenium.remote.http.W3CHttpResponseCodec.createException(W3CHttpResponseCodec.java:187)
	at org.openqa.selenium.remote.http.W3CHttpResponseCodec.decode(W3CHttpResponseCodec.java:122)
	at org.openqa.selenium.remote.http.W3CHttpResponseCodec.decode(W3CHttpResponseCodec.java:49)
	at org.openqa.selenium.remote.HttpCommandExecutor.execute(HttpCommandExecutor.java:158)
	at org.openqa.selenium.remote.service.DriverCommandExecutor.execute(DriverCommandExecutor.java:83)
	at org.openqa.selenium.remote.RemoteWebDriver.execute(RemoteWebDriver.java:552)
	at com.kms.katalon.selenium.driver.CChromeDriver.execute(CChromeDriver.java:19)
	at org.openqa.selenium.remote.RemoteWebElement.execute(RemoteWebElement.java:285)
	at org.openqa.selenium.remote.RemoteWebElement.clear(RemoteWebElement.java:124)
	at org.openqa.selenium.support.events.EventFiringWebDriver$EventFiringWebElement.lambda$new$0(EventFiringWebDriver.java:404)
	at com.sun.proxy.$Proxy11.clear(Unknown Source)
	at org.openqa.selenium.support.events.EventFiringWebDriver$EventFiringWebElement.clear(EventFiringWebDriver.java:436)
	at com.kms.katalon.core.webui.keyword.builtin.SetTextKeyword$_setText_closure1.doCall(SetTextKeyword.groovy:53)
	at com.kms.katalon.core.webui.keyword.builtin.SetTextKeyword$_setText_closure1.call(SetTextKeyword.groovy)
	at com.kms.katalon.core.webui.keyword.internal.WebUIKeywordMain.runKeyword(WebUIKeywordMain.groovy:20)
	... 19 more
"/>
         <system-out><![CDATA[2021-02-24 13:55:54 - [TEST_CASE][FAILED] - Test Cases/Make a service in charge tab (We login after serviced confirming)/17_OTM with Promotion (login before): Test Cases/Make a service in charge tab (We login after serviced confirming)/17_OTM with Promotion (login before) FAILED.
Reason:
com.kms.katalon.core.exception.StepFailedException: Unable to set text 'WELCOME30' of object 'Object Repository/By Case/17/Page_Bluuu/input____BVID__919'
	at com.kms.katalon.core.webui.keyword.internal.WebUIKeywordMain.stepFailed(WebUIKeywordMain.groovy:64)
	at com.kms.katalon.core.webui.keyword.internal.WebUIKeywordMain.runKeyword(WebUIKeywordMain.groovy:26)
	at com.kms.katalon.core.webui.keyword.builtin.SetTextKeyword.setText(SetTextKeyword.groovy:66)
	at com.kms.katalon.core.webui.keyword.builtin.SetTextKeyword.execute(SetTextKeyword.groovy:37)
	at com.kms.katalon.core.keyword.internal.KeywordExecutor.executeKeywordForPlatform(KeywordExecutor.groovy:73)
	at com.kms.katalon.core.webui.keyword.WebUiBuiltInKeywords.setText(WebUiBuiltInKeywords.groovy:979)
	at com.kms.katalon.core.webui.keyword.WebUiBuiltInKeywords$setText$4.call(Unknown Source)
	at 17_OTM with Promotion (login before).run(17_OTM with Promotion (login before):86)
	at com.kms.katalon.core.main.ScriptEngine.run(ScriptEngine.java:194)
	at com.kms.katalon.core.main.ScriptEngine.runScriptAsRawText(ScriptEngine.java:119)
	at com.kms.katalon.core.main.TestCaseExecutor.runScript(TestCaseExecutor.java:398)
	at com.kms.katalon.core.main.TestCaseExecutor.doExecute(TestCaseExecutor.java:389)
	at com.kms.katalon.core.main.TestCaseExecutor.processExecutionPhase(TestCaseExecutor.java:368)
	at com.kms.katalon.core.main.TestCaseExecutor.accessMainPhase(TestCaseExecutor.java:360)
	at com.kms.katalon.core.main.TestCaseExecutor.execute(TestCaseExecutor.java:255)
	at com.kms.katalon.core.main.TestSuiteExecutor.accessTestCaseMainPhase(TestSuiteExecutor.java:203)
	at com.kms.katalon.core.main.TestSuiteExecutor.accessTestSuiteMainPhase(TestSuiteExecutor.java:152)
	at com.kms.katalon.core.main.TestSuiteExecutor.execute(TestSuiteExecutor.java:95)
	at com.kms.katalon.core.main.TestCaseMain.startTestSuite(TestCaseMain.java:157)
	at com.kms.katalon.core.main.TestCaseMain$startTestSuite$0.call(Unknown Source)
	at TempTestSuite1614149617286.run(TempTestSuite1614149617286.groovy:39)
Caused by: org.openqa.selenium.InvalidElementStateException: invalid element state: Element is not currently interactable and may not be manipulated
  (Session info: chrome=88.0.4324.182)
Build info: version: '3.141.59', revision: 'e82be7d358', time: '2018-11-14T08:25:53'
System info: host: 'LAPTOP-PAE3MHPM', ip: '192.168.1.139', os.name: 'Windows 10', os.arch: 'amd64', os.version: '10.0', java.version: '1.8.0_181'
Driver info: com.kms.katalon.selenium.driver.CChromeDriver
Capabilities {acceptInsecureCerts: false, browserName: chrome, browserVersion: 88.0.4324.182, chrome: {chromedriverVersion: 88.0.4324.96 (68dba2d8a0b14..., userDataDir: C:\Users\KATESO~1\AppData\L...}, goog:chromeOptions: {debuggerAddress: localhost:51655}, javascriptEnabled: true, networkConnectionEnabled: false, pageLoadStrategy: normal, platform: WINDOWS, platformName: WINDOWS, proxy: Proxy(), setWindowRect: true, strictFileInteractability: false, timeouts: {implicit: 0, pageLoad: 300000, script: 30000}, unhandledPromptBehavior: dismiss and notify, webauthn:extension:largeBlob: true, webauthn:virtualAuthenticators: true}
Session ID: eee429b506ea67898ccedfd6e9184b16
	at org.openqa.selenium.remote.http.W3CHttpResponseCodec.createException(W3CHttpResponseCodec.java:187)
	at org.openqa.selenium.remote.http.W3CHttpResponseCodec.decode(W3CHttpResponseCodec.java:122)
	at org.openqa.selenium.remote.http.W3CHttpResponseCodec.decode(W3CHttpResponseCodec.java:49)
	at org.openqa.selenium.remote.HttpCommandExecutor.execute(HttpCommandExecutor.java:158)
	at org.openqa.selenium.remote.service.DriverCommandExecutor.execute(DriverCommandExecutor.java:83)
	at org.openqa.selenium.remote.RemoteWebDriver.execute(RemoteWebDriver.java:552)
	at com.kms.katalon.selenium.driver.CChromeDriver.execute(CChromeDriver.java:19)
	at org.openqa.selenium.remote.RemoteWebElement.execute(RemoteWebElement.java:285)
	at org.openqa.selenium.remote.RemoteWebElement.clear(RemoteWebElement.java:124)
	at org.openqa.selenium.support.events.EventFiringWebDriver$EventFiringWebElement.lambda$new$0(EventFiringWebDriver.java:404)
	at com.sun.proxy.$Proxy11.clear(Unknown Source)
	at org.openqa.selenium.support.events.EventFiringWebDriver$EventFiringWebElement.clear(EventFiringWebDriver.java:436)
	at com.kms.katalon.core.webui.keyword.builtin.SetTextKeyword$_setText_closure1.doCall(SetTextKeyword.groovy:53)
	at com.kms.katalon.core.webui.keyword.builtin.SetTextKeyword$_setText_closure1.call(SetTextKeyword.groovy)
	at com.kms.katalon.core.webui.keyword.internal.WebUIKeywordMain.runKeyword(WebUIKeywordMain.groovy:20)
	... 19 more


2021-02-24 13:55:55 - [TEST_STEP][PASSED] - openBrowser(""): Browser is opened with url: ''

2021-02-24 13:55:55 - [MESSAGE][WARNING] - A browser is already opened. Closing browser and opening a new one

2021-02-24 13:55:55 - [MESSAGE][INFO] - Starting 'Chrome' driver

2021-02-24 13:55:55 - [MESSAGE][INFO] - Action delay is set to 0 milliseconds

2021-02-24 13:55:57 - [MESSAGE][PASSED] - Browser is opened with url: ''

2021-02-24 13:55:57 - [TEST_STEP][PASSED] - maximizeWindow(): Current window maximized

2021-02-24 13:55:57 - [MESSAGE][PASSED] - Current window maximized

2021-02-24 13:55:57 - [TEST_STEP][PASSED] - navigateToUrl("https://uat.bluuu.co/"): Navigate to 'https://uat.bluuu.co/' successfully

2021-02-24 13:56:01 - [MESSAGE][PASSED] - Navigate to 'https://uat.bluuu.co/' successfully

2021-02-24 13:56:01 - [TEST_STEP][PASSED] - click(findTestObject("Object Repository/By Case/17/Page_Bluuu -/img_TH_avatar order-3 order-xl-4 ml-4 mt-1")): Object: 'Object Repository/By Case/17/Page_Bluuu -/img_TH_avatar order-3 order-xl-4 ml-4 mt-1' is clicked on

2021-02-24 13:56:01 - [MESSAGE][PASSED] - Object: 'Object Repository/By Case/17/Page_Bluuu -/img_TH_avatar order-3 order-xl-4 ml-4 mt-1' is clicked on

2021-02-24 13:56:01 - [TEST_STEP][PASSED] - click(findTestObject("Object Repository/By Case/17/Page_Bluuu -/button_ Facebook")): Object: 'Object Repository/By Case/17/Page_Bluuu -/button_ Facebook' is clicked on

2021-02-24 13:56:02 - [MESSAGE][PASSED] - Object: 'Object Repository/By Case/17/Page_Bluuu -/button_ Facebook' is clicked on

2021-02-24 13:56:02 - [TEST_STEP][PASSED] - switchToWindowTitle("Facebook"): Switched to window with title: 'Facebook'

2021-02-24 13:56:04 - [MESSAGE][PASSED] - Switched to window with title: 'Facebook'

2021-02-24 13:56:04 - [TEST_STEP][PASSED] - setText(findTestObject("Object Repository/By Case/17/Page_Facebook/input__email"), "qmkecjunto_1612852822@tfbnw.net"): Text 'qmkecjunto_1612852822@tfbnw.net' is set on object 'Object Repository/By Case/17/Page_Facebook/input__email'

2021-02-24 13:56:05 - [MESSAGE][PASSED] - Text 'qmkecjunto_1612852822@tfbnw.net' is set on object 'Object Repository/By Case/17/Page_Facebook/input__email'

2021-02-24 13:56:05 - [TEST_STEP][PASSED] - setEncryptedText(findTestObject("Object Repository/By Case/17/Page_Facebook/input__pass"), "gOP7IdE590r7JITAEPMRJQ=="): Text ****** has been set on object 'Object Repository/By Case/17/Page_Facebook/input__pass'

2021-02-24 13:56:05 - [MESSAGE][PASSED] - Text ****** has been set on object 'Object Repository/By Case/17/Page_Facebook/input__pass'

2021-02-24 13:56:05 - [TEST_STEP][PASSED] - click(findTestObject("Object Repository/By Case/17/Page_Facebook/label__loginbutton")): Object: 'Object Repository/By Case/17/Page_Facebook/label__loginbutton' is clicked on

2021-02-24 13:56:06 - [MESSAGE][PASSED] - Object: 'Object Repository/By Case/17/Page_Facebook/label__loginbutton' is clicked on

2021-02-24 13:56:06 - [TEST_STEP][PASSED] - delay(7): Delayed 7 second(s)

2021-02-24 13:56:13 - [MESSAGE][PASSED] - Delayed 7 second(s)

2021-02-24 13:56:13 - [TEST_STEP][PASSED] - switchToWindowTitle("Bluuu - จ้างแม่บ้าน ผู้เชี่ยวชาญเรื่องบ้านที่คุณไว้วางใจได้มากที่สุด"): Switched to window with title: 'Bluuu - จ้างแม่บ้าน ผู้เชี่ยวชาญเรื่องบ้านที่คุณไว้วางใจได้มากที่สุด'

2021-02-24 13:56:13 - [MESSAGE][PASSED] - Switched to window with title: 'Bluuu - จ้างแม่บ้าน ผู้เชี่ยวชาญเรื่องบ้านที่คุณไว้วางใจได้มากที่สุด'

2021-02-24 13:56:13 - [TEST_STEP][PASSED] - click(findTestObject("Object Repository/By Case/17/Page_Bluuu -/a_")): Object: 'Object Repository/By Case/17/Page_Bluuu -/a_' is clicked on

2021-02-24 13:56:13 - [MESSAGE][PASSED] - Object: 'Object Repository/By Case/17/Page_Bluuu -/a_' is clicked on

2021-02-24 13:56:13 - [TEST_STEP][PASSED] - click(findTestObject("Object Repository/By Case/17/Page_  Bluuu -/a_")): Object: 'Object Repository/By Case/17/Page_  Bluuu -/a_' is clicked on

2021-02-24 13:56:14 - [MESSAGE][PASSED] - Object: 'Object Repository/By Case/17/Page_  Bluuu -/a_' is clicked on

2021-02-24 13:56:14 - [TEST_STEP][PASSED] - click(findTestObject("Object Repository/By Case/17/Page_Bluuu/div__arrow-down")): Object: 'Object Repository/By Case/17/Page_Bluuu/div__arrow-down' is clicked on

2021-02-24 13:56:17 - [MESSAGE][INFO] - Unable to find the element located by 'By.xpath: //fieldset[@id='__BVID__300']/div/div/button/div[2]'. Please recheck the objects properties to make sure the desired element is located. 

2021-02-24 13:56:17 - [MESSAGE][WARNING] - [SELF-HEALING] Failed to find element with id 'Object Repository/By Case/17/Page_Bluuu/div__arrow-down'. Try using Self-healing.

2021-02-24 13:56:17 - [MESSAGE][ERROR] - [SELF-HEALING] com.google.gson.stream.MalformedJsonException: Expected ':' at line 135 column 10 path $.brokenTestObjects[13].<<<<<<<

2021-02-24 13:56:17 - [MESSAGE][INFO] - [SELF-HEALING] Failed Locator: '//fieldset[@id='__BVID__300']/div/div/button/div[2]'.

2021-02-24 13:56:17 - [MESSAGE][INFO] - [SELF-HEALING] Working Locator: '//div[3]/div[2]/fieldset/div/div/button/div[2]'.

2021-02-24 13:56:18 - [MESSAGE][INFO] - [SELF-HEALING] Screenshot: C:/Users/Katesopon/git/Katalon-GitTestRepo/Reports/Self-healing/Object Repository/By Case/17/Page_Bluuu/div__arrow-down_position.png

2021-02-24 13:56:18 - [MESSAGE][ERROR] - [SELF-HEALING] com.google.gson.stream.MalformedJsonException: Expected ':' at line 135 column 10 path $.brokenTestObjects[13].<<<<<<<

2021-02-24 13:56:18 - [MESSAGE][ERROR] - [SELF-HEALING] C:\Users\Katesopon\git\Katalon-GitTestRepo\Reports\Self-healing\broken-test-objects.json does not exist or is provided by Self-healing Plugin!

2021-02-24 13:56:18 - [MESSAGE][WARNING] - [SELF-HEALING] The current locator of test object 'Object Repository/By Case/17/Page_Bluuu/div__arrow-down' was broken. Propose an alternative one: '//div[3]/div[2]/fieldset/div/div/button/div[2]'.

2021-02-24 13:56:18 - [MESSAGE][PASSED] - Object: 'Object Repository/By Case/17/Page_Bluuu/div__arrow-down' is clicked on

2021-02-24 13:56:18 - [TEST_STEP][PASSED] - click(findTestObject("Object Repository/By Case/17/Page_Bluuu/li_ 2")): Object: 'Object Repository/By Case/17/Page_Bluuu/li_ 2' is clicked on

2021-02-24 13:56:20 - [MESSAGE][INFO] - Unable to find the element located by 'By.xpath: //fieldset[@id='__BVID__300']/div/div/div/ul/li[3]'. Please recheck the objects properties to make sure the desired element is located. 

2021-02-24 13:56:20 - [MESSAGE][WARNING] - [SELF-HEALING] Failed to find element with id 'Object Repository/By Case/17/Page_Bluuu/li_ 2'. Try using Self-healing.

2021-02-24 13:56:20 - [MESSAGE][ERROR] - [SELF-HEALING] com.google.gson.stream.MalformedJsonException: Expected ':' at line 135 column 10 path $.brokenTestObjects[13].<<<<<<<

2021-02-24 13:56:20 - [MESSAGE][INFO] - [SELF-HEALING] Failed Locator: '//fieldset[@id='__BVID__300']/div/div/div/ul/li[3]'.

2021-02-24 13:56:20 - [MESSAGE][INFO] - [SELF-HEALING] Working Locator: '(.//*[normalize-space(text()) and normalize-space(.)='คอนโด 1 ห้องนอน'])[1]/following::li[1]'.

2021-02-24 13:56:21 - [MESSAGE][INFO] - [SELF-HEALING] Screenshot: C:/Users/Katesopon/git/Katalon-GitTestRepo/Reports/Self-healing/Object Repository/By Case/17/Page_Bluuu/li_ 2_neighbor.png

2021-02-24 13:56:21 - [MESSAGE][ERROR] - [SELF-HEALING] com.google.gson.stream.MalformedJsonException: Expected ':' at line 135 column 10 path $.brokenTestObjects[13].<<<<<<<

2021-02-24 13:56:21 - [MESSAGE][ERROR] - [SELF-HEALING] C:\Users\Katesopon\git\Katalon-GitTestRepo\Reports\Self-healing\broken-test-objects.json does not exist or is provided by Self-healing Plugin!

2021-02-24 13:56:21 - [MESSAGE][WARNING] - [SELF-HEALING] The current locator of test object 'Object Repository/By Case/17/Page_Bluuu/li_ 2' was broken. Propose an alternative one: '(.//*[normalize-space(text()) and normalize-space(.)='คอนโด 1 ห้องนอน'])[1]/following::li[1]'.

2021-02-24 13:56:21 - [MESSAGE][PASSED] - Object: 'Object Repository/By Case/17/Page_Bluuu/li_ 2' is clicked on

2021-02-24 13:56:21 - [TEST_STEP][PASSED] - click(findTestObject("Object Repository/By Case/17/Page_Bluuu/div__arrow-down_1")): Object: 'Object Repository/By Case/17/Page_Bluuu/div__arrow-down_1' is clicked on

2021-02-24 13:56:21 - [MESSAGE][PASSED] - Object: 'Object Repository/By Case/17/Page_Bluuu/div__arrow-down_1' is clicked on

2021-02-24 13:56:21 - [TEST_STEP][PASSED] - click(findTestObject("Object Repository/By Case/17/Page_Bluuu/li_")): Object: 'Object Repository/By Case/17/Page_Bluuu/li_' is clicked on

2021-02-24 13:56:22 - [MESSAGE][PASSED] - Object: 'Object Repository/By Case/17/Page_Bluuu/li_' is clicked on

2021-02-24 13:56:22 - [TEST_STEP][PASSED] - click(findTestObject("Object Repository/By Case/17/Page_Bluuu/div__arrow-down_1_2")): Object: 'Object Repository/By Case/17/Page_Bluuu/div__arrow-down_1_2' is clicked on

2021-02-24 13:56:23 - [MESSAGE][PASSED] - Object: 'Object Repository/By Case/17/Page_Bluuu/div__arrow-down_1_2' is clicked on

2021-02-24 13:56:23 - [TEST_STEP][PASSED] - click(findTestObject("Object Repository/By Case/17/Page_Bluuu/li_2")): Object: 'Object Repository/By Case/17/Page_Bluuu/li_2' is clicked on

2021-02-24 13:56:23 - [MESSAGE][PASSED] - Object: 'Object Repository/By Case/17/Page_Bluuu/li_2' is clicked on

2021-02-24 13:56:23 - [TEST_STEP][PASSED] - click(findTestObject("Object Repository/By Case/17/Page_Bluuu/a_")): Object: 'Object Repository/By Case/17/Page_Bluuu/a_' is clicked on

2021-02-24 13:56:25 - [MESSAGE][INFO] - Unable to find the element located by 'By.xpath: //a[@id='__BVID__223___BV_tab_button__']'. Please recheck the objects properties to make sure the desired element is located. 

2021-02-24 13:56:25 - [MESSAGE][WARNING] - [SELF-HEALING] Failed to find element with id 'Object Repository/By Case/17/Page_Bluuu/a_'. Try using Self-healing.

2021-02-24 13:56:25 - [MESSAGE][ERROR] - [SELF-HEALING] com.google.gson.stream.MalformedJsonException: Expected ':' at line 135 column 10 path $.brokenTestObjects[13].<<<<<<<

2021-02-24 13:56:25 - [MESSAGE][INFO] - [SELF-HEALING] Failed Locator: '//a[@id='__BVID__223___BV_tab_button__']'.

2021-02-24 13:56:26 - [MESSAGE][INFO] - [SELF-HEALING] Failed Locator: '//ul[@id='__BVID__220__BV_tab_controls_']/li[2]/a'.

2021-02-24 13:56:26 - [MESSAGE][INFO] - [SELF-HEALING] Working Locator: '//a[contains(text(),'เลือกแม่บ้านด้วยตนเอง')]'.

2021-02-24 13:56:26 - [MESSAGE][INFO] - [SELF-HEALING] Screenshot: C:/Users/Katesopon/git/Katalon-GitTestRepo/Reports/Self-healing/Object Repository/By Case/17/Page_Bluuu/a__link.png

2021-02-24 13:56:26 - [MESSAGE][ERROR] - [SELF-HEALING] com.google.gson.stream.MalformedJsonException: Expected ':' at line 135 column 10 path $.brokenTestObjects[13].<<<<<<<

2021-02-24 13:56:26 - [MESSAGE][ERROR] - [SELF-HEALING] C:\Users\Katesopon\git\Katalon-GitTestRepo\Reports\Self-healing\broken-test-objects.json does not exist or is provided by Self-healing Plugin!

2021-02-24 13:56:26 - [MESSAGE][WARNING] - [SELF-HEALING] The current locator of test object 'Object Repository/By Case/17/Page_Bluuu/a_' was broken. Propose an alternative one: '//a[contains(text(),'เลือกแม่บ้านด้วยตนเอง')]'.

2021-02-24 13:56:26 - [MESSAGE][PASSED] - Object: 'Object Repository/By Case/17/Page_Bluuu/a_' is clicked on

2021-02-24 13:56:26 - [TEST_STEP][PASSED] - click(findTestObject("Object Repository/By Case/17/Page_Bluuu/button_")): Object: 'Object Repository/By Case/17/Page_Bluuu/button_' is clicked on

2021-02-24 13:56:27 - [MESSAGE][PASSED] - Object: 'Object Repository/By Case/17/Page_Bluuu/button_' is clicked on

2021-02-24 13:56:27 - [TEST_STEP][PASSED] - click(findTestObject("Object Repository/By Case/17/Page_Bluuu/img__avatar md")): Object: 'Object Repository/By Case/17/Page_Bluuu/img__avatar md' is clicked on

2021-02-24 13:56:29 - [MESSAGE][PASSED] - Object: 'Object Repository/By Case/17/Page_Bluuu/img__avatar md' is clicked on

2021-02-24 13:56:29 - [TEST_STEP][PASSED] - waitForElementClickable(findTestObject("By Case/18/Page_Bluuu/img__mr-2"), 30): Object 'Object Repository/By Case/18/Page_Bluuu/img__mr-2' is clickable

2021-02-24 13:56:32 - [MESSAGE][PASSED] - Object 'Object Repository/By Case/18/Page_Bluuu/img__mr-2' is clickable

2021-02-24 13:56:32 - [TEST_STEP][PASSED] - click(findTestObject("Object Repository/By Case/18/Page_Bluuu/img__mr-2")): Object: 'Object Repository/By Case/18/Page_Bluuu/img__mr-2' is clicked on

2021-02-24 13:56:33 - [MESSAGE][PASSED] - Object: 'Object Repository/By Case/18/Page_Bluuu/img__mr-2' is clicked on

2021-02-24 13:56:33 - [TEST_STEP][PASSED] - click(findTestObject("Object Repository/By Case/18/Page_Bluuu/svg__vc-svg-icon")): Object: 'Object Repository/By Case/18/Page_Bluuu/svg__vc-svg-icon' is clicked on

2021-02-24 13:56:35 - [MESSAGE][PASSED] - Object: 'Object Repository/By Case/18/Page_Bluuu/svg__vc-svg-icon' is clicked on

2021-02-24 13:56:35 - [TEST_STEP][PASSED] - click(findTestObject("Object Repository/By Case/18/Page_Bluuu/svg__vc-svg-icon")): Object: 'Object Repository/By Case/18/Page_Bluuu/svg__vc-svg-icon' is clicked on

2021-02-24 13:56:35 - [MESSAGE][PASSED] - Object: 'Object Repository/By Case/18/Page_Bluuu/svg__vc-svg-icon' is clicked on

2021-02-24 13:56:35 - [TEST_STEP][PASSED] - click(findTestObject("By Case/Date/Page_Bluuu/span_M4D21")): Object: 'Object Repository/By Case/Date/Page_Bluuu/span_M4D21' is clicked on

2021-02-24 13:56:38 - [MESSAGE][INFO] - Unable to find the element located by 'By.xpath: //fieldset[@id='__BVID__175']/div/div/div/div/div/div/div[2]/div[32]/div/div/span'. Please recheck the objects properties to make sure the desired element is located. 

2021-02-24 13:56:38 - [MESSAGE][WARNING] - [SELF-HEALING] Failed to find element with id 'Object Repository/By Case/Date/Page_Bluuu/span_M4D21'. Try using Self-healing.

2021-02-24 13:56:38 - [MESSAGE][ERROR] - [SELF-HEALING] com.google.gson.stream.MalformedJsonException: Expected ':' at line 135 column 10 path $.brokenTestObjects[13].<<<<<<<

2021-02-24 13:56:38 - [MESSAGE][INFO] - [SELF-HEALING] Failed Locator: '//fieldset[@id='__BVID__175']/div/div/div/div/div/div/div[2]/div[32]/div/div/span'.

2021-02-24 13:56:38 - [MESSAGE][INFO] - [SELF-HEALING] Working Locator: '(.//*[normalize-space(text()) and normalize-space(.)='ส'])[1]/following::span[25]'.

2021-02-24 13:56:38 - [MESSAGE][INFO] - [SELF-HEALING] Screenshot: C:/Users/Katesopon/git/Katalon-GitTestRepo/Reports/Self-healing/Object Repository/By Case/Date/Page_Bluuu/span_M4D21_neighbor.png

2021-02-24 13:56:38 - [MESSAGE][ERROR] - [SELF-HEALING] com.google.gson.stream.MalformedJsonException: Expected ':' at line 135 column 10 path $.brokenTestObjects[13].<<<<<<<

2021-02-24 13:56:38 - [MESSAGE][ERROR] - [SELF-HEALING] C:\Users\Katesopon\git\Katalon-GitTestRepo\Reports\Self-healing\broken-test-objects.json does not exist or is provided by Self-healing Plugin!

2021-02-24 13:56:38 - [MESSAGE][WARNING] - [SELF-HEALING] The current locator of test object 'Object Repository/By Case/Date/Page_Bluuu/span_M4D21' was broken. Propose an alternative one: '(.//*[normalize-space(text()) and normalize-space(.)='ส'])[1]/following::span[25]'.

2021-02-24 13:56:39 - [MESSAGE][PASSED] - Object: 'Object Repository/By Case/Date/Page_Bluuu/span_M4D21' is clicked on

2021-02-24 13:56:39 - [TEST_STEP][PASSED] - click(findTestObject("Object Repository/By Case/17/Page_Bluuu/div__arrow-down_1_2_3")): Object: 'Object Repository/By Case/17/Page_Bluuu/div__arrow-down_1_2_3' is clicked on

2021-02-24 13:56:41 - [MESSAGE][INFO] - Unable to find the element located by 'By.xpath: //fieldset[@id='__BVID__500']/div/div[2]/button/div[2]'. Please recheck the objects properties to make sure the desired element is located. 

2021-02-24 13:56:41 - [MESSAGE][WARNING] - [SELF-HEALING] Failed to find element with id 'Object Repository/By Case/17/Page_Bluuu/div__arrow-down_1_2_3'. Try using Self-healing.

2021-02-24 13:56:41 - [MESSAGE][ERROR] - [SELF-HEALING] com.google.gson.stream.MalformedJsonException: Expected ':' at line 135 column 10 path $.brokenTestObjects[13].<<<<<<<

2021-02-24 13:56:41 - [MESSAGE][INFO] - [SELF-HEALING] Failed Locator: '//fieldset[@id='__BVID__500']/div/div[2]/button/div[2]'.

2021-02-24 13:56:41 - [MESSAGE][INFO] - [SELF-HEALING] Working Locator: '//button/div[2]'.

2021-02-24 13:56:41 - [MESSAGE][INFO] - [SELF-HEALING] Screenshot: C:/Users/Katesopon/git/Katalon-GitTestRepo/Reports/Self-healing/Object Repository/By Case/17/Page_Bluuu/div__arrow-down_1_2_3_position.png

2021-02-24 13:56:41 - [MESSAGE][ERROR] - [SELF-HEALING] com.google.gson.stream.MalformedJsonException: Expected ':' at line 135 column 10 path $.brokenTestObjects[13].<<<<<<<

2021-02-24 13:56:41 - [MESSAGE][ERROR] - [SELF-HEALING] C:\Users\Katesopon\git\Katalon-GitTestRepo\Reports\Self-healing\broken-test-objects.json does not exist or is provided by Self-healing Plugin!

2021-02-24 13:56:41 - [MESSAGE][WARNING] - [SELF-HEALING] The current locator of test object 'Object Repository/By Case/17/Page_Bluuu/div__arrow-down_1_2_3' was broken. Propose an alternative one: '//button/div[2]'.

2021-02-24 13:56:41 - [MESSAGE][PASSED] - Object: 'Object Repository/By Case/17/Page_Bluuu/div__arrow-down_1_2_3' is clicked on

2021-02-24 13:56:41 - [TEST_STEP][PASSED] - click(findTestObject("Object Repository/By Case/17/Page_Bluuu/li_0700")): Object: 'Object Repository/By Case/17/Page_Bluuu/li_0700' is clicked on

2021-02-24 13:56:44 - [MESSAGE][INFO] - Unable to find the element located by 'By.xpath: //fieldset[@id='__BVID__500']/div/div[2]/div/ul/li[4]'. Please recheck the objects properties to make sure the desired element is located. 

2021-02-24 13:56:44 - [MESSAGE][WARNING] - [SELF-HEALING] Failed to find element with id 'Object Repository/By Case/17/Page_Bluuu/li_0700'. Try using Self-healing.

2021-02-24 13:56:44 - [MESSAGE][ERROR] - [SELF-HEALING] com.google.gson.stream.MalformedJsonException: Expected ':' at line 135 column 10 path $.brokenTestObjects[13].<<<<<<<

2021-02-24 13:56:44 - [MESSAGE][INFO] - [SELF-HEALING] Failed Locator: '//fieldset[@id='__BVID__500']/div/div[2]/div/ul/li[4]'.

2021-02-24 13:56:44 - [MESSAGE][INFO] - [SELF-HEALING] Working Locator: '(.//*[normalize-space(text()) and normalize-space(.)=concat('No results matched ', '"', '', '"', '')])[1]/following::li[3]'.

2021-02-24 13:56:45 - [MESSAGE][INFO] - [SELF-HEALING] Screenshot: C:/Users/Katesopon/git/Katalon-GitTestRepo/Reports/Self-healing/Object Repository/By Case/17/Page_Bluuu/li_0700_neighbor.png

2021-02-24 13:56:45 - [MESSAGE][ERROR] - [SELF-HEALING] com.google.gson.stream.MalformedJsonException: Expected ':' at line 135 column 10 path $.brokenTestObjects[13].<<<<<<<

2021-02-24 13:56:45 - [MESSAGE][ERROR] - [SELF-HEALING] C:\Users\Katesopon\git\Katalon-GitTestRepo\Reports\Self-healing\broken-test-objects.json does not exist or is provided by Self-healing Plugin!

2021-02-24 13:56:45 - [MESSAGE][WARNING] - [SELF-HEALING] The current locator of test object 'Object Repository/By Case/17/Page_Bluuu/li_0700' was broken. Propose an alternative one: '(.//*[normalize-space(text()) and normalize-space(.)=concat('No results matched ', '"', '', '"', '')])[1]/following::li[3]'.

2021-02-24 13:56:45 - [MESSAGE][PASSED] - Object: 'Object Repository/By Case/17/Page_Bluuu/li_0700' is clicked on

2021-02-24 13:56:45 - [TEST_STEP][PASSED] - click(findTestObject("Object Repository/By Case/17/Page_Bluuu/span_")): Object: 'Object Repository/By Case/17/Page_Bluuu/span_' is clicked on

2021-02-24 13:56:45 - [MESSAGE][PASSED] - Object: 'Object Repository/By Case/17/Page_Bluuu/span_' is clicked on

2021-02-24 13:56:45 - [TEST_STEP][PASSED] - setText(findTestObject("Object Repository/By Case/17/Page_Bluuu/input____BVID__561"), "paragon"): Text 'paragon' is set on object 'Object Repository/By Case/17/Page_Bluuu/input____BVID__561'

2021-02-24 13:56:47 - [MESSAGE][INFO] - Unable to find the element located by 'By.xpath: //input[@id='__BVID__561']'. Please recheck the objects properties to make sure the desired element is located. 

2021-02-24 13:56:47 - [MESSAGE][WARNING] - [SELF-HEALING] Failed to find element with id 'Object Repository/By Case/17/Page_Bluuu/input____BVID__561'. Try using Self-healing.

2021-02-24 13:56:47 - [MESSAGE][ERROR] - [SELF-HEALING] com.google.gson.stream.MalformedJsonException: Expected ':' at line 135 column 10 path $.brokenTestObjects[13].<<<<<<<

2021-02-24 13:56:48 - [MESSAGE][INFO] - [SELF-HEALING] Failed Locator: '//input[@id='__BVID__561']'.

2021-02-24 13:56:48 - [MESSAGE][INFO] - [SELF-HEALING] Failed Locator: '//fieldset[@id='__BVID__560']/div/div/div/input'.

2021-02-24 13:56:48 - [MESSAGE][INFO] - [SELF-HEALING] Working Locator: '//fieldset/div/div/div/input'.

2021-02-24 13:56:48 - [MESSAGE][INFO] - [SELF-HEALING] Screenshot: C:/Users/Katesopon/git/Katalon-GitTestRepo/Reports/Self-healing/Object Repository/By Case/17/Page_Bluuu/input____BVID__561_position.png

2021-02-24 13:56:48 - [MESSAGE][ERROR] - [SELF-HEALING] com.google.gson.stream.MalformedJsonException: Expected ':' at line 135 column 10 path $.brokenTestObjects[13].<<<<<<<

2021-02-24 13:56:48 - [MESSAGE][ERROR] - [SELF-HEALING] C:\Users\Katesopon\git\Katalon-GitTestRepo\Reports\Self-healing\broken-test-objects.json does not exist or is provided by Self-healing Plugin!

2021-02-24 13:56:48 - [MESSAGE][WARNING] - [SELF-HEALING] The current locator of test object 'Object Repository/By Case/17/Page_Bluuu/input____BVID__561' was broken. Propose an alternative one: '//fieldset/div/div/div/input'.

2021-02-24 13:56:51 - [MESSAGE][INFO] - Unable to find the element located by 'By.xpath: //input[@id='__BVID__561']'. Please recheck the objects properties to make sure the desired element is located. 

2021-02-24 13:56:51 - [MESSAGE][WARNING] - [SELF-HEALING] Failed to find element with id 'Object Repository/By Case/17/Page_Bluuu/input____BVID__561'. Try using Self-healing.

2021-02-24 13:56:51 - [MESSAGE][ERROR] - [SELF-HEALING] com.google.gson.stream.MalformedJsonException: Expected ':' at line 135 column 10 path $.brokenTestObjects[13].<<<<<<<

2021-02-24 13:56:51 - [MESSAGE][INFO] - [SELF-HEALING] Failed Locator: '//input[@id='__BVID__561']'.

2021-02-24 13:56:51 - [MESSAGE][INFO] - [SELF-HEALING] Failed Locator: '//fieldset[@id='__BVID__560']/div/div/div/input'.

2021-02-24 13:56:51 - [MESSAGE][INFO] - [SELF-HEALING] Working Locator: '//fieldset/div/div/div/input'.

2021-02-24 13:56:52 - [MESSAGE][INFO] - [SELF-HEALING] Screenshot: C:/Users/Katesopon/git/Katalon-GitTestRepo/Reports/Self-healing/Object Repository/By Case/17/Page_Bluuu/input____BVID__561_position.png

2021-02-24 13:56:52 - [MESSAGE][ERROR] - [SELF-HEALING] com.google.gson.stream.MalformedJsonException: Expected ':' at line 135 column 10 path $.brokenTestObjects[13].<<<<<<<

2021-02-24 13:56:52 - [MESSAGE][ERROR] - [SELF-HEALING] C:\Users\Katesopon\git\Katalon-GitTestRepo\Reports\Self-healing\broken-test-objects.json does not exist or is provided by Self-healing Plugin!

2021-02-24 13:56:52 - [MESSAGE][WARNING] - [SELF-HEALING] The current locator of test object 'Object Repository/By Case/17/Page_Bluuu/input____BVID__561' was broken. Propose an alternative one: '//fieldset/div/div/div/input'.

2021-02-24 13:56:52 - [MESSAGE][PASSED] - Text 'paragon' is set on object 'Object Repository/By Case/17/Page_Bluuu/input____BVID__561'

2021-02-24 13:56:52 - [TEST_STEP][PASSED] - click(findTestObject("Object Repository/By Case/17/Page_Bluuu/div_Paragon Cineplex")): Object: 'Object Repository/By Case/17/Page_Bluuu/div_Paragon Cineplex' is clicked on

2021-02-24 13:56:54 - [MESSAGE][INFO] - Unable to find the element located by 'By.xpath: //fieldset[@id='__BVID__560']/div/div[2]/div/div/div'. Please recheck the objects properties to make sure the desired element is located. 

2021-02-24 13:56:54 - [MESSAGE][WARNING] - [SELF-HEALING] Failed to find element with id 'Object Repository/By Case/17/Page_Bluuu/div_Paragon Cineplex'. Try using Self-healing.

2021-02-24 13:56:54 - [MESSAGE][ERROR] - [SELF-HEALING] com.google.gson.stream.MalformedJsonException: Expected ':' at line 135 column 10 path $.brokenTestObjects[13].<<<<<<<

2021-02-24 13:56:54 - [MESSAGE][INFO] - [SELF-HEALING] Failed Locator: '//fieldset[@id='__BVID__560']/div/div[2]/div/div/div'.

2021-02-24 13:56:54 - [MESSAGE][INFO] - [SELF-HEALING] Working Locator: '(.//*[normalize-space(text()) and normalize-space(.)='ระบุสถานที่ทำงาน'])[1]/following::div[9]'.

2021-02-24 13:56:55 - [MESSAGE][INFO] - [SELF-HEALING] Screenshot: C:/Users/Katesopon/git/Katalon-GitTestRepo/Reports/Self-healing/Object Repository/By Case/17/Page_Bluuu/div_Paragon Cineplex_neighbor.png

2021-02-24 13:56:55 - [MESSAGE][ERROR] - [SELF-HEALING] com.google.gson.stream.MalformedJsonException: Expected ':' at line 135 column 10 path $.brokenTestObjects[13].<<<<<<<

2021-02-24 13:56:55 - [MESSAGE][ERROR] - [SELF-HEALING] C:\Users\Katesopon\git\Katalon-GitTestRepo\Reports\Self-healing\broken-test-objects.json does not exist or is provided by Self-healing Plugin!

2021-02-24 13:56:55 - [MESSAGE][WARNING] - [SELF-HEALING] The current locator of test object 'Object Repository/By Case/17/Page_Bluuu/div_Paragon Cineplex' was broken. Propose an alternative one: '(.//*[normalize-space(text()) and normalize-space(.)='ระบุสถานที่ทำงาน'])[1]/following::div[9]'.

2021-02-24 13:56:55 - [MESSAGE][PASSED] - Object: 'Object Repository/By Case/17/Page_Bluuu/div_Paragon Cineplex' is clicked on

2021-02-24 13:56:55 - [TEST_STEP][PASSED] - click(findTestObject("Object Repository/By Case/17/Page_Bluuu/button__1_2")): Object: 'Object Repository/By Case/17/Page_Bluuu/button__1_2' is clicked on

2021-02-24 13:56:55 - [MESSAGE][PASSED] - Object: 'Object Repository/By Case/17/Page_Bluuu/button__1_2' is clicked on

2021-02-24 13:56:55 - [TEST_STEP][FAILED] - setText(findTestObject("Object Repository/By Case/17/Page_Bluuu/input____BVID__919"), "WELCOME30"): Unable to set text 'WELCOME30' of object 'Object Repository/By Case/17/Page_Bluuu/input____BVID__919' (Root cause: com.kms.katalon.core.exception.StepFailedException: Unable to set text 'WELCOME30' of object 'Object Repository/By Case/17/Page_Bluuu/input____BVID__919'
	at com.kms.katalon.core.webui.keyword.internal.WebUIKeywordMain.stepFailed(WebUIKeywordMain.groovy:64)
	at com.kms.katalon.core.webui.keyword.internal.WebUIKeywordMain.runKeyword(WebUIKeywordMain.groovy:26)
	at com.kms.katalon.core.webui.keyword.builtin.SetTextKeyword.setText(SetTextKeyword.groovy:66)
	at com.kms.katalon.core.webui.keyword.builtin.SetTextKeyword.execute(SetTextKeyword.groovy:37)
	at com.kms.katalon.core.keyword.internal.KeywordExecutor.executeKeywordForPlatform(KeywordExecutor.groovy:73)
	at com.kms.katalon.core.webui.keyword.WebUiBuiltInKeywords.setText(WebUiBuiltInKeywords.groovy:979)
	at com.kms.katalon.core.webui.keyword.WebUiBuiltInKeywords$setText$4.call(Unknown Source)
	at 17_OTM with Promotion (login before).run(17_OTM with Promotion (login before):86)
	at com.kms.katalon.core.main.ScriptEngine.run(ScriptEngine.java:194)
	at com.kms.katalon.core.main.ScriptEngine.runScriptAsRawText(ScriptEngine.java:119)
	at com.kms.katalon.core.main.TestCaseExecutor.runScript(TestCaseExecutor.java:398)
	at com.kms.katalon.core.main.TestCaseExecutor.doExecute(TestCaseExecutor.java:389)
	at com.kms.katalon.core.main.TestCaseExecutor.processExecutionPhase(TestCaseExecutor.java:368)
	at com.kms.katalon.core.main.TestCaseExecutor.accessMainPhase(TestCaseExecutor.java:360)
	at com.kms.katalon.core.main.TestCaseExecutor.execute(TestCaseExecutor.java:255)
	at com.kms.katalon.core.main.TestSuiteExecutor.accessTestCaseMainPhase(TestSuiteExecutor.java:203)
	at com.kms.katalon.core.main.TestSuiteExecutor.accessTestSuiteMainPhase(TestSuiteExecutor.java:152)
	at com.kms.katalon.core.main.TestSuiteExecutor.execute(TestSuiteExecutor.java:95)
	at com.kms.katalon.core.main.TestCaseMain.startTestSuite(TestCaseMain.java:157)
	at com.kms.katalon.core.main.TestCaseMain$startTestSuite$0.call(Unknown Source)
	at TempTestSuite1614149617286.run(TempTestSuite1614149617286.groovy:39)
Caused by: org.openqa.selenium.InvalidElementStateException: invalid element state: Element is not currently interactable and may not be manipulated
  (Session info: chrome=88.0.4324.182)
Build info: version: '3.141.59', revision: 'e82be7d358', time: '2018-11-14T08:25:53'
System info: host: 'LAPTOP-PAE3MHPM', ip: '192.168.1.139', os.name: 'Windows 10', os.arch: 'amd64', os.version: '10.0', java.version: '1.8.0_181'
Driver info: com.kms.katalon.selenium.driver.CChromeDriver
Capabilities {acceptInsecureCerts: false, browserName: chrome, browserVersion: 88.0.4324.182, chrome: {chromedriverVersion: 88.0.4324.96 (68dba2d8a0b14..., userDataDir: C:\Users\KATESO~1\AppData\L...}, goog:chromeOptions: {debuggerAddress: localhost:51655}, javascriptEnabled: true, networkConnectionEnabled: false, pageLoadStrategy: normal, platform: WINDOWS, platformName: WINDOWS, proxy: Proxy(), setWindowRect: true, strictFileInteractability: false, timeouts: {implicit: 0, pageLoad: 300000, script: 30000}, unhandledPromptBehavior: dismiss and notify, webauthn:extension:largeBlob: true, webauthn:virtualAuthenticators: true}
Session ID: eee429b506ea67898ccedfd6e9184b16
	at org.openqa.selenium.remote.http.W3CHttpResponseCodec.createException(W3CHttpResponseCodec.java:187)
	at org.openqa.selenium.remote.http.W3CHttpResponseCodec.decode(W3CHttpResponseCodec.java:122)
	at org.openqa.selenium.remote.http.W3CHttpResponseCodec.decode(W3CHttpResponseCodec.java:49)
	at org.openqa.selenium.remote.HttpCommandExecutor.execute(HttpCommandExecutor.java:158)
	at org.openqa.selenium.remote.service.DriverCommandExecutor.execute(DriverCommandExecutor.java:83)
	at org.openqa.selenium.remote.RemoteWebDriver.execute(RemoteWebDriver.java:552)
	at com.kms.katalon.selenium.driver.CChromeDriver.execute(CChromeDriver.java:19)
	at org.openqa.selenium.remote.RemoteWebElement.execute(RemoteWebElement.java:285)
	at org.openqa.selenium.remote.RemoteWebElement.clear(RemoteWebElement.java:124)
	at org.openqa.selenium.support.events.EventFiringWebDriver$EventFiringWebElement.lambda$new$0(EventFiringWebDriver.java:404)
	at com.sun.proxy.$Proxy11.clear(Unknown Source)
	at org.openqa.selenium.support.events.EventFiringWebDriver$EventFiringWebElement.clear(EventFiringWebDriver.java:436)
	at com.kms.katalon.core.webui.keyword.builtin.SetTextKeyword$_setText_closure1.doCall(SetTextKeyword.groovy:53)
	at com.kms.katalon.core.webui.keyword.builtin.SetTextKeyword$_setText_closure1.call(SetTextKeyword.groovy)
	at com.kms.katalon.core.webui.keyword.internal.WebUIKeywordMain.runKeyword(WebUIKeywordMain.groovy:20)
	at com.kms.katalon.core.webui.keyword.builtin.SetTextKeyword.setText(SetTextKeyword.groovy:66)
	at com.kms.katalon.core.webui.keyword.builtin.SetTextKeyword.execute(SetTextKeyword.groovy:37)
	at com.kms.katalon.core.keyword.internal.KeywordExecutor.executeKeywordForPlatform(KeywordExecutor.groovy:73)
	at com.kms.katalon.core.webui.keyword.WebUiBuiltInKeywords.setText(WebUiBuiltInKeywords.groovy:979)
	at com.kms.katalon.core.webui.keyword.WebUiBuiltInKeywords$setText$4.call(Unknown Source)
	at Script1614062463217.run(Script1614062463217.groovy:86)
	... 13 more
)

2021-02-24 13:56:57 - [MESSAGE][INFO] - Unable to find the element located by 'By.xpath: //input[@id='__BVID__919']'. Please recheck the objects properties to make sure the desired element is located. 

2021-02-24 13:56:57 - [MESSAGE][WARNING] - [SELF-HEALING] Failed to find element with id 'Object Repository/By Case/17/Page_Bluuu/input____BVID__919'. Try using Self-healing.

2021-02-24 13:56:57 - [MESSAGE][ERROR] - [SELF-HEALING] com.google.gson.stream.MalformedJsonException: Expected ':' at line 135 column 10 path $.brokenTestObjects[13].<<<<<<<

2021-02-24 13:56:58 - [MESSAGE][INFO] - [SELF-HEALING] Failed Locator: '//input[@id='__BVID__919']'.

2021-02-24 13:56:58 - [MESSAGE][INFO] - [SELF-HEALING] Failed Locator: '//fieldset[@id='__BVID__918']/div/div/input'.

2021-02-24 13:56:58 - [MESSAGE][INFO] - [SELF-HEALING] Working Locator: '//input'.

2021-02-24 13:56:58 - [MESSAGE][INFO] - [SELF-HEALING] Screenshot: C:/Users/Katesopon/git/Katalon-GitTestRepo/Reports/Self-healing/Object Repository/By Case/17/Page_Bluuu/input____BVID__919_position.png

2021-02-24 13:56:58 - [MESSAGE][ERROR] - [SELF-HEALING] com.google.gson.stream.MalformedJsonException: Expected ':' at line 135 column 10 path $.brokenTestObjects[13].<<<<<<<

2021-02-24 13:56:58 - [MESSAGE][ERROR] - [SELF-HEALING] C:\Users\Katesopon\git\Katalon-GitTestRepo\Reports\Self-healing\broken-test-objects.json does not exist or is provided by Self-healing Plugin!

2021-02-24 13:56:58 - [MESSAGE][WARNING] - [SELF-HEALING] The current locator of test object 'Object Repository/By Case/17/Page_Bluuu/input____BVID__919' was broken. Propose an alternative one: '//input'.

2021-02-24 13:56:59 - [MESSAGE][FAILED] - Unable to set text 'WELCOME30' of object 'Object Repository/By Case/17/Page_Bluuu/input____BVID__919' (Root cause: com.kms.katalon.core.exception.StepFailedException: Unable to set text 'WELCOME30' of object 'Object Repository/By Case/17/Page_Bluuu/input____BVID__919'
	at com.kms.katalon.core.webui.keyword.internal.WebUIKeywordMain.stepFailed(WebUIKeywordMain.groovy:64)
	at com.kms.katalon.core.webui.keyword.internal.WebUIKeywordMain.runKeyword(WebUIKeywordMain.groovy:26)
	at com.kms.katalon.core.webui.keyword.builtin.SetTextKeyword.setText(SetTextKeyword.groovy:66)
	at com.kms.katalon.core.webui.keyword.builtin.SetTextKeyword.execute(SetTextKeyword.groovy:37)
	at com.kms.katalon.core.keyword.internal.KeywordExecutor.executeKeywordForPlatform(KeywordExecutor.groovy:73)
	at com.kms.katalon.core.webui.keyword.WebUiBuiltInKeywords.setText(WebUiBuiltInKeywords.groovy:979)
	at com.kms.katalon.core.webui.keyword.WebUiBuiltInKeywords$setText$4.call(Unknown Source)
	at 17_OTM with Promotion (login before).run(17_OTM with Promotion (login before):86)
	at com.kms.katalon.core.main.ScriptEngine.run(ScriptEngine.java:194)
	at com.kms.katalon.core.main.ScriptEngine.runScriptAsRawText(ScriptEngine.java:119)
	at com.kms.katalon.core.main.TestCaseExecutor.runScript(TestCaseExecutor.java:398)
	at com.kms.katalon.core.main.TestCaseExecutor.doExecute(TestCaseExecutor.java:389)
	at com.kms.katalon.core.main.TestCaseExecutor.processExecutionPhase(TestCaseExecutor.java:368)
	at com.kms.katalon.core.main.TestCaseExecutor.accessMainPhase(TestCaseExecutor.java:360)
	at com.kms.katalon.core.main.TestCaseExecutor.execute(TestCaseExecutor.java:255)
	at com.kms.katalon.core.main.TestSuiteExecutor.accessTestCaseMainPhase(TestSuiteExecutor.java:203)
	at com.kms.katalon.core.main.TestSuiteExecutor.accessTestSuiteMainPhase(TestSuiteExecutor.java:152)
	at com.kms.katalon.core.main.TestSuiteExecutor.execute(TestSuiteExecutor.java:95)
	at com.kms.katalon.core.main.TestCaseMain.startTestSuite(TestCaseMain.java:157)
	at com.kms.katalon.core.main.TestCaseMain$startTestSuite$0.call(Unknown Source)
	at TempTestSuite1614149617286.run(TempTestSuite1614149617286.groovy:39)
Caused by: org.openqa.selenium.InvalidElementStateException: invalid element state: Element is not currently interactable and may not be manipulated
  (Session info: chrome=88.0.4324.182)
Build info: version: '3.141.59', revision: 'e82be7d358', time: '2018-11-14T08:25:53'
System info: host: 'LAPTOP-PAE3MHPM', ip: '192.168.1.139', os.name: 'Windows 10', os.arch: 'amd64', os.version: '10.0', java.version: '1.8.0_181'
Driver info: com.kms.katalon.selenium.driver.CChromeDriver
Capabilities {acceptInsecureCerts: false, browserName: chrome, browserVersion: 88.0.4324.182, chrome: {chromedriverVersion: 88.0.4324.96 (68dba2d8a0b14..., userDataDir: C:\Users\KATESO~1\AppData\L...}, goog:chromeOptions: {debuggerAddress: localhost:51655}, javascriptEnabled: true, networkConnectionEnabled: false, pageLoadStrategy: normal, platform: WINDOWS, platformName: WINDOWS, proxy: Proxy(), setWindowRect: true, strictFileInteractability: false, timeouts: {implicit: 0, pageLoad: 300000, script: 30000}, unhandledPromptBehavior: dismiss and notify, webauthn:extension:largeBlob: true, webauthn:virtualAuthenticators: true}
Session ID: eee429b506ea67898ccedfd6e9184b16
	at org.openqa.selenium.remote.http.W3CHttpResponseCodec.createException(W3CHttpResponseCodec.java:187)
	at org.openqa.selenium.remote.http.W3CHttpResponseCodec.decode(W3CHttpResponseCodec.java:122)
	at org.openqa.selenium.remote.http.W3CHttpResponseCodec.decode(W3CHttpResponseCodec.java:49)
	at org.openqa.selenium.remote.HttpCommandExecutor.execute(HttpCommandExecutor.java:158)
	at org.openqa.selenium.remote.service.DriverCommandExecutor.execute(DriverCommandExecutor.java:83)
	at org.openqa.selenium.remote.RemoteWebDriver.execute(RemoteWebDriver.java:552)
	at com.kms.katalon.selenium.driver.CChromeDriver.execute(CChromeDriver.java:19)
	at org.openqa.selenium.remote.RemoteWebElement.execute(RemoteWebElement.java:285)
	at org.openqa.selenium.remote.RemoteWebElement.clear(RemoteWebElement.java:124)
	at org.openqa.selenium.support.events.EventFiringWebDriver$EventFiringWebElement.lambda$new$0(EventFiringWebDriver.java:404)
	at com.sun.proxy.$Proxy11.clear(Unknown Source)
	at org.openqa.selenium.support.events.EventFiringWebDriver$EventFiringWebElement.clear(EventFiringWebDriver.java:436)
	at com.kms.katalon.core.webui.keyword.builtin.SetTextKeyword$_setText_closure1.doCall(SetTextKeyword.groovy:53)
	at com.kms.katalon.core.webui.keyword.builtin.SetTextKeyword$_setText_closure1.call(SetTextKeyword.groovy)
	at com.kms.katalon.core.webui.keyword.internal.WebUIKeywordMain.runKeyword(WebUIKeywordMain.groovy:20)
	at com.kms.katalon.core.webui.keyword.builtin.SetTextKeyword.setText(SetTextKeyword.groovy:66)
	at com.kms.katalon.core.webui.keyword.builtin.SetTextKeyword.execute(SetTextKeyword.groovy:37)
	at com.kms.katalon.core.keyword.internal.KeywordExecutor.executeKeywordForPlatform(KeywordExecutor.groovy:73)
	at com.kms.katalon.core.webui.keyword.WebUiBuiltInKeywords.setText(WebUiBuiltInKeywords.groovy:979)
	at com.kms.katalon.core.webui.keyword.WebUiBuiltInKeywords$setText$4.call(Unknown Source)
	at Script1614062463217.run(Script1614062463217.groovy:86)
	... 13 more
)
[[ATTACHMENT|C:\\Users\\Katesopon\\git\\Katalon-GitTestRepo\\Reports\\20210224_135337\\OTM\\20210224_135337\\1614149819031.png]]]]></system-out>
         <system-err><![CDATA[2021-02-24 13:55:54 - [TEST_CASE][FAILED] - Test Cases/Make a service in charge tab (We login after serviced confirming)/17_OTM with Promotion (login before): Test Cases/Make a service in charge tab (We login after serviced confirming)/17_OTM with Promotion (login before) FAILED.
Reason:
com.kms.katalon.core.exception.StepFailedException: Unable to set text 'WELCOME30' of object 'Object Repository/By Case/17/Page_Bluuu/input____BVID__919'
	at com.kms.katalon.core.webui.keyword.internal.WebUIKeywordMain.stepFailed(WebUIKeywordMain.groovy:64)
	at com.kms.katalon.core.webui.keyword.internal.WebUIKeywordMain.runKeyword(WebUIKeywordMain.groovy:26)
	at com.kms.katalon.core.webui.keyword.builtin.SetTextKeyword.setText(SetTextKeyword.groovy:66)
	at com.kms.katalon.core.webui.keyword.builtin.SetTextKeyword.execute(SetTextKeyword.groovy:37)
	at com.kms.katalon.core.keyword.internal.KeywordExecutor.executeKeywordForPlatform(KeywordExecutor.groovy:73)
	at com.kms.katalon.core.webui.keyword.WebUiBuiltInKeywords.setText(WebUiBuiltInKeywords.groovy:979)
	at com.kms.katalon.core.webui.keyword.WebUiBuiltInKeywords$setText$4.call(Unknown Source)
	at 17_OTM with Promotion (login before).run(17_OTM with Promotion (login before):86)
	at com.kms.katalon.core.main.ScriptEngine.run(ScriptEngine.java:194)
	at com.kms.katalon.core.main.ScriptEngine.runScriptAsRawText(ScriptEngine.java:119)
	at com.kms.katalon.core.main.TestCaseExecutor.runScript(TestCaseExecutor.java:398)
	at com.kms.katalon.core.main.TestCaseExecutor.doExecute(TestCaseExecutor.java:389)
	at com.kms.katalon.core.main.TestCaseExecutor.processExecutionPhase(TestCaseExecutor.java:368)
	at com.kms.katalon.core.main.TestCaseExecutor.accessMainPhase(TestCaseExecutor.java:360)
	at com.kms.katalon.core.main.TestCaseExecutor.execute(TestCaseExecutor.java:255)
	at com.kms.katalon.core.main.TestSuiteExecutor.accessTestCaseMainPhase(TestSuiteExecutor.java:203)
	at com.kms.katalon.core.main.TestSuiteExecutor.accessTestSuiteMainPhase(TestSuiteExecutor.java:152)
	at com.kms.katalon.core.main.TestSuiteExecutor.execute(TestSuiteExecutor.java:95)
	at com.kms.katalon.core.main.TestCaseMain.startTestSuite(TestCaseMain.java:157)
	at com.kms.katalon.core.main.TestCaseMain$startTestSuite$0.call(Unknown Source)
	at TempTestSuite1614149617286.run(TempTestSuite1614149617286.groovy:39)
Caused by: org.openqa.selenium.InvalidElementStateException: invalid element state: Element is not currently interactable and may not be manipulated
  (Session info: chrome=88.0.4324.182)
Build info: version: '3.141.59', revision: 'e82be7d358', time: '2018-11-14T08:25:53'
System info: host: 'LAPTOP-PAE3MHPM', ip: '192.168.1.139', os.name: 'Windows 10', os.arch: 'amd64', os.version: '10.0', java.version: '1.8.0_181'
Driver info: com.kms.katalon.selenium.driver.CChromeDriver
Capabilities {acceptInsecureCerts: false, browserName: chrome, browserVersion: 88.0.4324.182, chrome: {chromedriverVersion: 88.0.4324.96 (68dba2d8a0b14..., userDataDir: C:\Users\KATESO~1\AppData\L...}, goog:chromeOptions: {debuggerAddress: localhost:51655}, javascriptEnabled: true, networkConnectionEnabled: false, pageLoadStrategy: normal, platform: WINDOWS, platformName: WINDOWS, proxy: Proxy(), setWindowRect: true, strictFileInteractability: false, timeouts: {implicit: 0, pageLoad: 300000, script: 30000}, unhandledPromptBehavior: dismiss and notify, webauthn:extension:largeBlob: true, webauthn:virtualAuthenticators: true}
Session ID: eee429b506ea67898ccedfd6e9184b16
	at org.openqa.selenium.remote.http.W3CHttpResponseCodec.createException(W3CHttpResponseCodec.java:187)
	at org.openqa.selenium.remote.http.W3CHttpResponseCodec.decode(W3CHttpResponseCodec.java:122)
	at org.openqa.selenium.remote.http.W3CHttpResponseCodec.decode(W3CHttpResponseCodec.java:49)
	at org.openqa.selenium.remote.HttpCommandExecutor.execute(HttpCommandExecutor.java:158)
	at org.openqa.selenium.remote.service.DriverCommandExecutor.execute(DriverCommandExecutor.java:83)
	at org.openqa.selenium.remote.RemoteWebDriver.execute(RemoteWebDriver.java:552)
	at com.kms.katalon.selenium.driver.CChromeDriver.execute(CChromeDriver.java:19)
	at org.openqa.selenium.remote.RemoteWebElement.execute(RemoteWebElement.java:285)
	at org.openqa.selenium.remote.RemoteWebElement.clear(RemoteWebElement.java:124)
	at org.openqa.selenium.support.events.EventFiringWebDriver$EventFiringWebElement.lambda$new$0(EventFiringWebDriver.java:404)
	at com.sun.proxy.$Proxy11.clear(Unknown Source)
	at org.openqa.selenium.support.events.EventFiringWebDriver$EventFiringWebElement.clear(EventFiringWebDriver.java:436)
	at com.kms.katalon.core.webui.keyword.builtin.SetTextKeyword$_setText_closure1.doCall(SetTextKeyword.groovy:53)
	at com.kms.katalon.core.webui.keyword.builtin.SetTextKeyword$_setText_closure1.call(SetTextKeyword.groovy)
	at com.kms.katalon.core.webui.keyword.internal.WebUIKeywordMain.runKeyword(WebUIKeywordMain.groovy:20)
	... 19 more]]></system-err>
      </testcase>
      <testcase name="Test Cases/Make a service in charge tab (We login after serviced confirming)/18_Normal OTM (login before)" time="71.475" classname="Test Cases/Make a service in charge tab (We login after serviced confirming)/18_Normal OTM (login before)" status="FAILED">
         <failure type="FAILED" message="Test Cases/Make a service in charge tab (We login after serviced confirming)/18_Normal OTM (login before) FAILED.
Reason:
com.kms.katalon.core.exception.StepFailedException: Unable to click on object 'Object Repository/By Case/15/Page_/a_'
	at com.kms.katalon.core.webui.keyword.internal.WebUIKeywordMain.stepFailed(WebUIKeywordMain.groovy:64)
	at com.kms.katalon.core.webui.keyword.internal.WebUIKeywordMain.runKeyword(WebUIKeywordMain.groovy:26)
	at com.kms.katalon.core.webui.keyword.builtin.ClickKeyword.click(ClickKeyword.groovy:75)
	at com.kms.katalon.core.webui.keyword.builtin.ClickKeyword.execute(ClickKeyword.groovy:42)
	at com.kms.katalon.core.keyword.internal.KeywordExecutor.executeKeywordForPlatform(KeywordExecutor.groovy:73)
	at com.kms.katalon.core.webui.keyword.WebUiBuiltInKeywords.click(WebUiBuiltInKeywords.groovy:619)
	at com.kms.katalon.core.webui.keyword.WebUiBuiltInKeywords$click$2.call(Unknown Source)
	at 18_Normal OTM (login before).run(18_Normal OTM (login before):88)
	at com.kms.katalon.core.main.ScriptEngine.run(ScriptEngine.java:194)
	at com.kms.katalon.core.main.ScriptEngine.runScriptAsRawText(ScriptEngine.java:119)
	at com.kms.katalon.core.main.TestCaseExecutor.runScript(TestCaseExecutor.java:398)
	at com.kms.katalon.core.main.TestCaseExecutor.doExecute(TestCaseExecutor.java:389)
	at com.kms.katalon.core.main.TestCaseExecutor.processExecutionPhase(TestCaseExecutor.java:368)
	at com.kms.katalon.core.main.TestCaseExecutor.accessMainPhase(TestCaseExecutor.java:360)
	at com.kms.katalon.core.main.TestCaseExecutor.execute(TestCaseExecutor.java:255)
	at com.kms.katalon.core.main.TestSuiteExecutor.accessTestCaseMainPhase(TestSuiteExecutor.java:203)
	at com.kms.katalon.core.main.TestSuiteExecutor.accessTestSuiteMainPhase(TestSuiteExecutor.java:152)
	at com.kms.katalon.core.main.TestSuiteExecutor.execute(TestSuiteExecutor.java:95)
	at com.kms.katalon.core.main.TestCaseMain.startTestSuite(TestCaseMain.java:157)
	at com.kms.katalon.core.main.TestCaseMain$startTestSuite$0.call(Unknown Source)
	at TempTestSuite1614149617286.run(TempTestSuite1614149617286.groovy:39)
Caused by: com.kms.katalon.core.webui.exception.WebElementNotFoundException: Web element with id: 'Object Repository/By Case/15/Page_/a_' located by '//a[@id='LiPromptPay_Scrollbar']' not found
	at com.kms.katalon.core.webui.common.WebUiCommonHelper.findWebElement(WebUiCommonHelper.java:1368)
	at com.kms.katalon.core.webui.keyword.internal.WebUIAbstractKeyword.findWebElement(WebUIAbstractKeyword.groovy:27)
	at com.kms.katalon.core.webui.keyword.internal.WebUIAbstractKeyword.findWebElement(WebUIAbstractKeyword.groovy:26)
	at com.kms.katalon.core.webui.keyword.builtin.ClickKeyword$_click_closure1.doCall(ClickKeyword.groovy:66)
	at com.kms.katalon.core.webui.keyword.builtin.ClickKeyword$_click_closure1.call(ClickKeyword.groovy)
	at com.kms.katalon.core.webui.keyword.internal.WebUIKeywordMain.runKeyword(WebUIKeywordMain.groovy:20)
	... 19 more
"/>
         <system-out><![CDATA[2021-02-24 13:56:59 - [TEST_CASE][FAILED] - Test Cases/Make a service in charge tab (We login after serviced confirming)/18_Normal OTM (login before): Test Cases/Make a service in charge tab (We login after serviced confirming)/18_Normal OTM (login before) FAILED.
Reason:
com.kms.katalon.core.exception.StepFailedException: Unable to click on object 'Object Repository/By Case/15/Page_/a_'
	at com.kms.katalon.core.webui.keyword.internal.WebUIKeywordMain.stepFailed(WebUIKeywordMain.groovy:64)
	at com.kms.katalon.core.webui.keyword.internal.WebUIKeywordMain.runKeyword(WebUIKeywordMain.groovy:26)
	at com.kms.katalon.core.webui.keyword.builtin.ClickKeyword.click(ClickKeyword.groovy:75)
	at com.kms.katalon.core.webui.keyword.builtin.ClickKeyword.execute(ClickKeyword.groovy:42)
	at com.kms.katalon.core.keyword.internal.KeywordExecutor.executeKeywordForPlatform(KeywordExecutor.groovy:73)
	at com.kms.katalon.core.webui.keyword.WebUiBuiltInKeywords.click(WebUiBuiltInKeywords.groovy:619)
	at com.kms.katalon.core.webui.keyword.WebUiBuiltInKeywords$click$2.call(Unknown Source)
	at 18_Normal OTM (login before).run(18_Normal OTM (login before):88)
	at com.kms.katalon.core.main.ScriptEngine.run(ScriptEngine.java:194)
	at com.kms.katalon.core.main.ScriptEngine.runScriptAsRawText(ScriptEngine.java:119)
	at com.kms.katalon.core.main.TestCaseExecutor.runScript(TestCaseExecutor.java:398)
	at com.kms.katalon.core.main.TestCaseExecutor.doExecute(TestCaseExecutor.java:389)
	at com.kms.katalon.core.main.TestCaseExecutor.processExecutionPhase(TestCaseExecutor.java:368)
	at com.kms.katalon.core.main.TestCaseExecutor.accessMainPhase(TestCaseExecutor.java:360)
	at com.kms.katalon.core.main.TestCaseExecutor.execute(TestCaseExecutor.java:255)
	at com.kms.katalon.core.main.TestSuiteExecutor.accessTestCaseMainPhase(TestSuiteExecutor.java:203)
	at com.kms.katalon.core.main.TestSuiteExecutor.accessTestSuiteMainPhase(TestSuiteExecutor.java:152)
	at com.kms.katalon.core.main.TestSuiteExecutor.execute(TestSuiteExecutor.java:95)
	at com.kms.katalon.core.main.TestCaseMain.startTestSuite(TestCaseMain.java:157)
	at com.kms.katalon.core.main.TestCaseMain$startTestSuite$0.call(Unknown Source)
	at TempTestSuite1614149617286.run(TempTestSuite1614149617286.groovy:39)
Caused by: com.kms.katalon.core.webui.exception.WebElementNotFoundException: Web element with id: 'Object Repository/By Case/15/Page_/a_' located by '//a[@id='LiPromptPay_Scrollbar']' not found
	at com.kms.katalon.core.webui.common.WebUiCommonHelper.findWebElement(WebUiCommonHelper.java:1368)
	at com.kms.katalon.core.webui.keyword.internal.WebUIAbstractKeyword.findWebElement(WebUIAbstractKeyword.groovy:27)
	at com.kms.katalon.core.webui.keyword.internal.WebUIAbstractKeyword.findWebElement(WebUIAbstractKeyword.groovy:26)
	at com.kms.katalon.core.webui.keyword.builtin.ClickKeyword$_click_closure1.doCall(ClickKeyword.groovy:66)
	at com.kms.katalon.core.webui.keyword.builtin.ClickKeyword$_click_closure1.call(ClickKeyword.groovy)
	at com.kms.katalon.core.webui.keyword.internal.WebUIKeywordMain.runKeyword(WebUIKeywordMain.groovy:20)
	... 19 more


2021-02-24 13:56:59 - [TEST_STEP][PASSED] - openBrowser(""): Browser is opened with url: ''

2021-02-24 13:56:59 - [MESSAGE][WARNING] - A browser is already opened. Closing browser and opening a new one

2021-02-24 13:57:00 - [MESSAGE][INFO] - Starting 'Chrome' driver

2021-02-24 13:57:00 - [MESSAGE][INFO] - Action delay is set to 0 milliseconds

2021-02-24 13:57:01 - [MESSAGE][PASSED] - Browser is opened with url: ''

2021-02-24 13:57:01 - [TEST_STEP][PASSED] - maximizeWindow(): Current window maximized

2021-02-24 13:57:01 - [MESSAGE][PASSED] - Current window maximized

2021-02-24 13:57:01 - [TEST_STEP][PASSED] - navigateToUrl("https://uat.bluuu.co/"): Navigate to 'https://uat.bluuu.co/' successfully

2021-02-24 13:57:09 - [MESSAGE][PASSED] - Navigate to 'https://uat.bluuu.co/' successfully

2021-02-24 13:57:09 - [TEST_STEP][PASSED] - click(findTestObject("Object Repository/By Case/18/Page_Bluuu -/img_TH_avatar order-3 order-xl-4 ml-4 mt-1")): Object: 'Object Repository/By Case/18/Page_Bluuu -/img_TH_avatar order-3 order-xl-4 ml-4 mt-1' is clicked on

2021-02-24 13:57:09 - [MESSAGE][PASSED] - Object: 'Object Repository/By Case/18/Page_Bluuu -/img_TH_avatar order-3 order-xl-4 ml-4 mt-1' is clicked on

2021-02-24 13:57:09 - [TEST_STEP][PASSED] - click(findTestObject("Object Repository/By Case/18/Page_Bluuu -/button_ Facebook")): Object: 'Object Repository/By Case/18/Page_Bluuu -/button_ Facebook' is clicked on

2021-02-24 13:57:10 - [MESSAGE][PASSED] - Object: 'Object Repository/By Case/18/Page_Bluuu -/button_ Facebook' is clicked on

2021-02-24 13:57:10 - [TEST_STEP][PASSED] - switchToWindowTitle("Facebook"): Switched to window with title: 'Facebook'

2021-02-24 13:57:12 - [MESSAGE][PASSED] - Switched to window with title: 'Facebook'

2021-02-24 13:57:12 - [TEST_STEP][PASSED] - setText(findTestObject("Object Repository/By Case/18/Page_Facebook/input__email"), "qmkecjunto_1612852822@tfbnw.net"): Text 'qmkecjunto_1612852822@tfbnw.net' is set on object 'Object Repository/By Case/18/Page_Facebook/input__email'

2021-02-24 13:57:13 - [MESSAGE][PASSED] - Text 'qmkecjunto_1612852822@tfbnw.net' is set on object 'Object Repository/By Case/18/Page_Facebook/input__email'

2021-02-24 13:57:13 - [TEST_STEP][PASSED] - setEncryptedText(findTestObject("Object Repository/By Case/18/Page_Facebook/input__pass"), "gOP7IdE590r7JITAEPMRJQ=="): Text ****** has been set on object 'Object Repository/By Case/18/Page_Facebook/input__pass'

2021-02-24 13:57:13 - [MESSAGE][PASSED] - Text ****** has been set on object 'Object Repository/By Case/18/Page_Facebook/input__pass'

2021-02-24 13:57:13 - [TEST_STEP][PASSED] - click(findTestObject("Object Repository/By Case/18/Page_Facebook/label__loginbutton")): Object: 'Object Repository/By Case/18/Page_Facebook/label__loginbutton' is clicked on

2021-02-24 13:57:13 - [MESSAGE][PASSED] - Object: 'Object Repository/By Case/18/Page_Facebook/label__loginbutton' is clicked on

2021-02-24 13:57:13 - [TEST_STEP][PASSED] - delay(7): Delayed 7 second(s)

2021-02-24 13:57:20 - [MESSAGE][PASSED] - Delayed 7 second(s)

2021-02-24 13:57:20 - [TEST_STEP][PASSED] - switchToWindowTitle("Bluuu - จ้างแม่บ้าน ผู้เชี่ยวชาญเรื่องบ้านที่คุณไว้วางใจได้มากที่สุด"): Switched to window with title: 'Bluuu - จ้างแม่บ้าน ผู้เชี่ยวชาญเรื่องบ้านที่คุณไว้วางใจได้มากที่สุด'

2021-02-24 13:57:21 - [MESSAGE][PASSED] - Switched to window with title: 'Bluuu - จ้างแม่บ้าน ผู้เชี่ยวชาญเรื่องบ้านที่คุณไว้วางใจได้มากที่สุด'

2021-02-24 13:57:21 - [TEST_STEP][PASSED] - click(findTestObject("Object Repository/By Case/18/Page_Bluuu -/a_")): Object: 'Object Repository/By Case/18/Page_Bluuu -/a_' is clicked on

2021-02-24 13:57:21 - [MESSAGE][PASSED] - Object: 'Object Repository/By Case/18/Page_Bluuu -/a_' is clicked on

2021-02-24 13:57:21 - [TEST_STEP][PASSED] - click(findTestObject("Object Repository/By Case/18/Page_  Bluuu -/a_")): Object: 'Object Repository/By Case/18/Page_  Bluuu -/a_' is clicked on

2021-02-24 13:57:22 - [MESSAGE][PASSED] - Object: 'Object Repository/By Case/18/Page_  Bluuu -/a_' is clicked on

2021-02-24 13:57:22 - [TEST_STEP][PASSED] - click(findTestObject("Object Repository/By Case/18/Page_Bluuu/div__arrow-down")): Object: 'Object Repository/By Case/18/Page_Bluuu/div__arrow-down' is clicked on

2021-02-24 13:57:25 - [MESSAGE][INFO] - Unable to find the element located by 'By.xpath: //fieldset[@id='__BVID__300']/div/div/button/div[2]'. Please recheck the objects properties to make sure the desired element is located. 

2021-02-24 13:57:25 - [MESSAGE][WARNING] - [SELF-HEALING] Failed to find element with id 'Object Repository/By Case/18/Page_Bluuu/div__arrow-down'. Try using Self-healing.

2021-02-24 13:57:25 - [MESSAGE][ERROR] - [SELF-HEALING] com.google.gson.stream.MalformedJsonException: Expected ':' at line 135 column 10 path $.brokenTestObjects[13].<<<<<<<

2021-02-24 13:57:25 - [MESSAGE][INFO] - [SELF-HEALING] Failed Locator: '//fieldset[@id='__BVID__300']/div/div/button/div[2]'.

2021-02-24 13:57:26 - [MESSAGE][INFO] - [SELF-HEALING] Working Locator: '//div[3]/div[2]/fieldset/div/div/button/div[2]'.

2021-02-24 13:57:26 - [MESSAGE][INFO] - [SELF-HEALING] Screenshot: C:/Users/Katesopon/git/Katalon-GitTestRepo/Reports/Self-healing/Object Repository/By Case/18/Page_Bluuu/div__arrow-down_position.png

2021-02-24 13:57:26 - [MESSAGE][ERROR] - [SELF-HEALING] com.google.gson.stream.MalformedJsonException: Expected ':' at line 135 column 10 path $.brokenTestObjects[13].<<<<<<<

2021-02-24 13:57:26 - [MESSAGE][ERROR] - [SELF-HEALING] C:\Users\Katesopon\git\Katalon-GitTestRepo\Reports\Self-healing\broken-test-objects.json does not exist or is provided by Self-healing Plugin!

2021-02-24 13:57:26 - [MESSAGE][WARNING] - [SELF-HEALING] The current locator of test object 'Object Repository/By Case/18/Page_Bluuu/div__arrow-down' was broken. Propose an alternative one: '//div[3]/div[2]/fieldset/div/div/button/div[2]'.

2021-02-24 13:57:26 - [MESSAGE][PASSED] - Object: 'Object Repository/By Case/18/Page_Bluuu/div__arrow-down' is clicked on

2021-02-24 13:57:26 - [TEST_STEP][PASSED] - click(findTestObject("Object Repository/By Case/18/Page_Bluuu/li_ 1")): Object: 'Object Repository/By Case/18/Page_Bluuu/li_ 1' is clicked on

2021-02-24 13:57:28 - [MESSAGE][INFO] - Unable to find the element located by 'By.xpath: //fieldset[@id='__BVID__300']/div/div/div/ul/li[2]'. Please recheck the objects properties to make sure the desired element is located. 

2021-02-24 13:57:28 - [MESSAGE][WARNING] - [SELF-HEALING] Failed to find element with id 'Object Repository/By Case/18/Page_Bluuu/li_ 1'. Try using Self-healing.

2021-02-24 13:57:28 - [MESSAGE][ERROR] - [SELF-HEALING] com.google.gson.stream.MalformedJsonException: Expected ':' at line 135 column 10 path $.brokenTestObjects[13].<<<<<<<

2021-02-24 13:57:28 - [MESSAGE][INFO] - [SELF-HEALING] Failed Locator: '//fieldset[@id='__BVID__300']/div/div/div/ul/li[2]'.

2021-02-24 13:57:29 - [MESSAGE][INFO] - [SELF-HEALING] Working Locator: '(.//*[normalize-space(text()) and normalize-space(.)=concat('No results matched ', '"', '', '"', '')])[2]/following::li[1]'.

2021-02-24 13:57:29 - [MESSAGE][INFO] - [SELF-HEALING] Screenshot: C:/Users/Katesopon/git/Katalon-GitTestRepo/Reports/Self-healing/Object Repository/By Case/18/Page_Bluuu/li_ 1_neighbor.png

2021-02-24 13:57:29 - [MESSAGE][ERROR] - [SELF-HEALING] com.google.gson.stream.MalformedJsonException: Expected ':' at line 135 column 10 path $.brokenTestObjects[13].<<<<<<<

2021-02-24 13:57:29 - [MESSAGE][ERROR] - [SELF-HEALING] C:\Users\Katesopon\git\Katalon-GitTestRepo\Reports\Self-healing\broken-test-objects.json does not exist or is provided by Self-healing Plugin!

2021-02-24 13:57:29 - [MESSAGE][WARNING] - [SELF-HEALING] The current locator of test object 'Object Repository/By Case/18/Page_Bluuu/li_ 1' was broken. Propose an alternative one: '(.//*[normalize-space(text()) and normalize-space(.)=concat('No results matched ', '"', '', '"', '')])[2]/following::li[1]'.

2021-02-24 13:57:29 - [MESSAGE][PASSED] - Object: 'Object Repository/By Case/18/Page_Bluuu/li_ 1' is clicked on

2021-02-24 13:57:29 - [TEST_STEP][PASSED] - click(findTestObject("Object Repository/By Case/18/Page_Bluuu/div__arrow-down_1")): Object: 'Object Repository/By Case/18/Page_Bluuu/div__arrow-down_1' is clicked on

2021-02-24 13:57:30 - [MESSAGE][PASSED] - Object: 'Object Repository/By Case/18/Page_Bluuu/div__arrow-down_1' is clicked on

2021-02-24 13:57:30 - [TEST_STEP][PASSED] - click(findTestObject("Object Repository/By Case/18/Page_Bluuu/li_")): Object: 'Object Repository/By Case/18/Page_Bluuu/li_' is clicked on

2021-02-24 13:57:30 - [MESSAGE][PASSED] - Object: 'Object Repository/By Case/18/Page_Bluuu/li_' is clicked on

2021-02-24 13:57:30 - [TEST_STEP][PASSED] - click(findTestObject("Object Repository/By Case/18/Page_Bluuu/div__arrow-down_1_2")): Object: 'Object Repository/By Case/18/Page_Bluuu/div__arrow-down_1_2' is clicked on

2021-02-24 13:57:31 - [MESSAGE][PASSED] - Object: 'Object Repository/By Case/18/Page_Bluuu/div__arrow-down_1_2' is clicked on

2021-02-24 13:57:31 - [TEST_STEP][PASSED] - click(findTestObject("Object Repository/By Case/18/Page_Bluuu/li_3")): Object: 'Object Repository/By Case/18/Page_Bluuu/li_3' is clicked on

2021-02-24 13:57:32 - [MESSAGE][PASSED] - Object: 'Object Repository/By Case/18/Page_Bluuu/li_3' is clicked on

2021-02-24 13:57:32 - [TEST_STEP][PASSED] - setText(findTestObject("Object Repository/By Case/18/Page_Bluuu/input____BVID__288"), "paragon"): Text 'paragon' is set on object 'Object Repository/By Case/18/Page_Bluuu/input____BVID__288'

2021-02-24 13:57:34 - [MESSAGE][INFO] - Unable to find the element located by 'By.xpath: //input[@id='__BVID__288']'. Please recheck the objects properties to make sure the desired element is located. 

2021-02-24 13:57:34 - [MESSAGE][WARNING] - [SELF-HEALING] Failed to find element with id 'Object Repository/By Case/18/Page_Bluuu/input____BVID__288'. Try using Self-healing.

2021-02-24 13:57:34 - [MESSAGE][ERROR] - [SELF-HEALING] com.google.gson.stream.MalformedJsonException: Expected ':' at line 135 column 10 path $.brokenTestObjects[13].<<<<<<<

2021-02-24 13:57:34 - [MESSAGE][INFO] - [SELF-HEALING] Failed Locator: '//input[@id='__BVID__288']'.

2021-02-24 13:57:35 - [MESSAGE][INFO] - [SELF-HEALING] Failed Locator: '//fieldset[@id='__BVID__287']/div/div/div/input'.

2021-02-24 13:57:35 - [MESSAGE][INFO] - [SELF-HEALING] Working Locator: '//fieldset/div/div/div/input'.

2021-02-24 13:57:35 - [MESSAGE][INFO] - [SELF-HEALING] Screenshot: C:/Users/Katesopon/git/Katalon-GitTestRepo/Reports/Self-healing/Object Repository/By Case/18/Page_Bluuu/input____BVID__288_position.png

2021-02-24 13:57:35 - [MESSAGE][ERROR] - [SELF-HEALING] com.google.gson.stream.MalformedJsonException: Expected ':' at line 135 column 10 path $.brokenTestObjects[13].<<<<<<<

2021-02-24 13:57:35 - [MESSAGE][ERROR] - [SELF-HEALING] C:\Users\Katesopon\git\Katalon-GitTestRepo\Reports\Self-healing\broken-test-objects.json does not exist or is provided by Self-healing Plugin!

2021-02-24 13:57:35 - [MESSAGE][WARNING] - [SELF-HEALING] The current locator of test object 'Object Repository/By Case/18/Page_Bluuu/input____BVID__288' was broken. Propose an alternative one: '//fieldset/div/div/div/input'.

2021-02-24 13:57:37 - [MESSAGE][INFO] - Unable to find the element located by 'By.xpath: //input[@id='__BVID__288']'. Please recheck the objects properties to make sure the desired element is located. 

2021-02-24 13:57:37 - [MESSAGE][WARNING] - [SELF-HEALING] Failed to find element with id 'Object Repository/By Case/18/Page_Bluuu/input____BVID__288'. Try using Self-healing.

2021-02-24 13:57:37 - [MESSAGE][ERROR] - [SELF-HEALING] com.google.gson.stream.MalformedJsonException: Expected ':' at line 135 column 10 path $.brokenTestObjects[13].<<<<<<<

2021-02-24 13:57:38 - [MESSAGE][INFO] - [SELF-HEALING] Failed Locator: '//input[@id='__BVID__288']'.

2021-02-24 13:57:38 - [MESSAGE][INFO] - [SELF-HEALING] Failed Locator: '//fieldset[@id='__BVID__287']/div/div/div/input'.

2021-02-24 13:57:38 - [MESSAGE][INFO] - [SELF-HEALING] Working Locator: '//fieldset/div/div/div/input'.

2021-02-24 13:57:38 - [MESSAGE][INFO] - [SELF-HEALING] Screenshot: C:/Users/Katesopon/git/Katalon-GitTestRepo/Reports/Self-healing/Object Repository/By Case/18/Page_Bluuu/input____BVID__288_position.png

2021-02-24 13:57:38 - [MESSAGE][ERROR] - [SELF-HEALING] com.google.gson.stream.MalformedJsonException: Expected ':' at line 135 column 10 path $.brokenTestObjects[13].<<<<<<<

2021-02-24 13:57:38 - [MESSAGE][ERROR] - [SELF-HEALING] C:\Users\Katesopon\git\Katalon-GitTestRepo\Reports\Self-healing\broken-test-objects.json does not exist or is provided by Self-healing Plugin!

2021-02-24 13:57:38 - [MESSAGE][WARNING] - [SELF-HEALING] The current locator of test object 'Object Repository/By Case/18/Page_Bluuu/input____BVID__288' was broken. Propose an alternative one: '//fieldset/div/div/div/input'.

2021-02-24 13:57:38 - [MESSAGE][PASSED] - Text 'paragon' is set on object 'Object Repository/By Case/18/Page_Bluuu/input____BVID__288'

2021-02-24 13:57:38 - [TEST_STEP][PASSED] - click(findTestObject("Object Repository/By Case/18/Page_Bluuu/div_Paragon Cineplex")): Object: 'Object Repository/By Case/18/Page_Bluuu/div_Paragon Cineplex' is clicked on

2021-02-24 13:57:41 - [MESSAGE][INFO] - Unable to find the element located by 'By.xpath: //fieldset[@id='__BVID__287']/div/div[2]/div/div/div'. Please recheck the objects properties to make sure the desired element is located. 

2021-02-24 13:57:41 - [MESSAGE][WARNING] - [SELF-HEALING] Failed to find element with id 'Object Repository/By Case/18/Page_Bluuu/div_Paragon Cineplex'. Try using Self-healing.

2021-02-24 13:57:41 - [MESSAGE][ERROR] - [SELF-HEALING] com.google.gson.stream.MalformedJsonException: Expected ':' at line 135 column 10 path $.brokenTestObjects[13].<<<<<<<

2021-02-24 13:57:41 - [MESSAGE][INFO] - [SELF-HEALING] Failed Locator: '//fieldset[@id='__BVID__287']/div/div[2]/div/div/div'.

2021-02-24 13:57:41 - [MESSAGE][INFO] - [SELF-HEALING] Working Locator: '(.//*[normalize-space(text()) and normalize-space(.)='ระบุสถานที่ทำงาน'])[1]/following::div[9]'.

2021-02-24 13:57:41 - [MESSAGE][INFO] - [SELF-HEALING] Screenshot: C:/Users/Katesopon/git/Katalon-GitTestRepo/Reports/Self-healing/Object Repository/By Case/18/Page_Bluuu/div_Paragon Cineplex_neighbor.png

2021-02-24 13:57:41 - [MESSAGE][ERROR] - [SELF-HEALING] com.google.gson.stream.MalformedJsonException: Expected ':' at line 135 column 10 path $.brokenTestObjects[13].<<<<<<<

2021-02-24 13:57:41 - [MESSAGE][ERROR] - [SELF-HEALING] C:\Users\Katesopon\git\Katalon-GitTestRepo\Reports\Self-healing\broken-test-objects.json does not exist or is provided by Self-healing Plugin!

2021-02-24 13:57:42 - [MESSAGE][WARNING] - [SELF-HEALING] The current locator of test object 'Object Repository/By Case/18/Page_Bluuu/div_Paragon Cineplex' was broken. Propose an alternative one: '(.//*[normalize-space(text()) and normalize-space(.)='ระบุสถานที่ทำงาน'])[1]/following::div[9]'.

2021-02-24 13:57:42 - [MESSAGE][PASSED] - Object: 'Object Repository/By Case/18/Page_Bluuu/div_Paragon Cineplex' is clicked on

2021-02-24 13:57:42 - [TEST_STEP][PASSED] - click(findTestObject("Object Repository/By Case/18/Page_Bluuu/a_")): Object: 'Object Repository/By Case/18/Page_Bluuu/a_' is clicked on

2021-02-24 13:57:44 - [MESSAGE][INFO] - Unable to find the element located by 'By.xpath: //a[@id='__BVID__223___BV_tab_button__']'. Please recheck the objects properties to make sure the desired element is located. 

2021-02-24 13:57:44 - [MESSAGE][WARNING] - [SELF-HEALING] Failed to find element with id 'Object Repository/By Case/18/Page_Bluuu/a_'. Try using Self-healing.

2021-02-24 13:57:44 - [MESSAGE][ERROR] - [SELF-HEALING] com.google.gson.stream.MalformedJsonException: Expected ':' at line 135 column 10 path $.brokenTestObjects[13].<<<<<<<

2021-02-24 13:57:44 - [MESSAGE][INFO] - [SELF-HEALING] Failed Locator: '//a[@id='__BVID__223___BV_tab_button__']'.

2021-02-24 13:57:44 - [MESSAGE][INFO] - [SELF-HEALING] Failed Locator: '//ul[@id='__BVID__220__BV_tab_controls_']/li[2]/a'.

2021-02-24 13:57:44 - [MESSAGE][INFO] - [SELF-HEALING] Working Locator: '//a[contains(text(),'เลือกแม่บ้านด้วยตนเอง')]'.

2021-02-24 13:57:45 - [MESSAGE][INFO] - [SELF-HEALING] Screenshot: C:/Users/Katesopon/git/Katalon-GitTestRepo/Reports/Self-healing/Object Repository/By Case/18/Page_Bluuu/a__link.png

2021-02-24 13:57:45 - [MESSAGE][ERROR] - [SELF-HEALING] com.google.gson.stream.MalformedJsonException: Expected ':' at line 135 column 10 path $.brokenTestObjects[13].<<<<<<<

2021-02-24 13:57:45 - [MESSAGE][ERROR] - [SELF-HEALING] C:\Users\Katesopon\git\Katalon-GitTestRepo\Reports\Self-healing\broken-test-objects.json does not exist or is provided by Self-healing Plugin!

2021-02-24 13:57:45 - [MESSAGE][WARNING] - [SELF-HEALING] The current locator of test object 'Object Repository/By Case/18/Page_Bluuu/a_' was broken. Propose an alternative one: '//a[contains(text(),'เลือกแม่บ้านด้วยตนเอง')]'.

2021-02-24 13:57:45 - [MESSAGE][PASSED] - Object: 'Object Repository/By Case/18/Page_Bluuu/a_' is clicked on

2021-02-24 13:57:45 - [TEST_STEP][PASSED] - click(findTestObject("Object Repository/By Case/18/Page_Bluuu/button_")): Object: 'Object Repository/By Case/18/Page_Bluuu/button_' is clicked on

2021-02-24 13:57:45 - [MESSAGE][PASSED] - Object: 'Object Repository/By Case/18/Page_Bluuu/button_' is clicked on

2021-02-24 13:57:45 - [TEST_STEP][PASSED] - click(findTestObject("Object Repository/By Case/18/Page_Bluuu/img__avatar md")): Object: 'Object Repository/By Case/18/Page_Bluuu/img__avatar md' is clicked on

2021-02-24 13:57:47 - [MESSAGE][PASSED] - Object: 'Object Repository/By Case/18/Page_Bluuu/img__avatar md' is clicked on

2021-02-24 13:57:47 - [TEST_STEP][PASSED] - waitForElementClickable(findTestObject("By Case/18/Page_Bluuu/img__mr-2"), 30): Object 'Object Repository/By Case/18/Page_Bluuu/img__mr-2' is clickable

2021-02-24 13:57:50 - [MESSAGE][PASSED] - Object 'Object Repository/By Case/18/Page_Bluuu/img__mr-2' is clickable

2021-02-24 13:57:50 - [TEST_STEP][PASSED] - click(findTestObject("Object Repository/By Case/18/Page_Bluuu/img__mr-2")): Object: 'Object Repository/By Case/18/Page_Bluuu/img__mr-2' is clicked on

2021-02-24 13:57:51 - [MESSAGE][PASSED] - Object: 'Object Repository/By Case/18/Page_Bluuu/img__mr-2' is clicked on

2021-02-24 13:57:51 - [TEST_STEP][PASSED] - click(findTestObject("Object Repository/By Case/18/Page_Bluuu/svg__vc-svg-icon")): Object: 'Object Repository/By Case/18/Page_Bluuu/svg__vc-svg-icon' is clicked on

2021-02-24 13:57:52 - [MESSAGE][PASSED] - Object: 'Object Repository/By Case/18/Page_Bluuu/svg__vc-svg-icon' is clicked on

2021-02-24 13:57:52 - [TEST_STEP][PASSED] - click(findTestObject("Object Repository/By Case/18/Page_Bluuu/svg__vc-svg-icon")): Object: 'Object Repository/By Case/18/Page_Bluuu/svg__vc-svg-icon' is clicked on

2021-02-24 13:57:53 - [MESSAGE][PASSED] - Object: 'Object Repository/By Case/18/Page_Bluuu/svg__vc-svg-icon' is clicked on

2021-02-24 13:57:53 - [TEST_STEP][PASSED] - click(findTestObject("By Case/Date/Page_Bluuu/span_M4D22")): Object: 'Object Repository/By Case/Date/Page_Bluuu/span_M4D22' is clicked on

2021-02-24 13:57:56 - [MESSAGE][INFO] - Unable to find the element located by 'By.xpath: //fieldset[@id='__BVID__175']/div/div/div/div/div/div/div[2]/div[33]/div/div/span'. Please recheck the objects properties to make sure the desired element is located. 

2021-02-24 13:57:56 - [MESSAGE][WARNING] - [SELF-HEALING] Failed to find element with id 'Object Repository/By Case/Date/Page_Bluuu/span_M4D22'. Try using Self-healing.

2021-02-24 13:57:56 - [MESSAGE][ERROR] - [SELF-HEALING] com.google.gson.stream.MalformedJsonException: Expected ':' at line 135 column 10 path $.brokenTestObjects[13].<<<<<<<

2021-02-24 13:57:56 - [MESSAGE][INFO] - [SELF-HEALING] Failed Locator: '//fieldset[@id='__BVID__175']/div/div/div/div/div/div/div[2]/div[33]/div/div/span'.

2021-02-24 13:57:56 - [MESSAGE][INFO] - [SELF-HEALING] Working Locator: '(.//*[normalize-space(text()) and normalize-space(.)='ส'])[1]/following::span[26]'.

2021-02-24 13:57:56 - [MESSAGE][INFO] - [SELF-HEALING] Screenshot: C:/Users/Katesopon/git/Katalon-GitTestRepo/Reports/Self-healing/Object Repository/By Case/Date/Page_Bluuu/span_M4D22_neighbor.png

2021-02-24 13:57:56 - [MESSAGE][ERROR] - [SELF-HEALING] com.google.gson.stream.MalformedJsonException: Expected ':' at line 135 column 10 path $.brokenTestObjects[13].<<<<<<<

2021-02-24 13:57:56 - [MESSAGE][ERROR] - [SELF-HEALING] C:\Users\Katesopon\git\Katalon-GitTestRepo\Reports\Self-healing\broken-test-objects.json does not exist or is provided by Self-healing Plugin!

2021-02-24 13:57:56 - [MESSAGE][WARNING] - [SELF-HEALING] The current locator of test object 'Object Repository/By Case/Date/Page_Bluuu/span_M4D22' was broken. Propose an alternative one: '(.//*[normalize-space(text()) and normalize-space(.)='ส'])[1]/following::span[26]'.

2021-02-24 13:57:56 - [MESSAGE][PASSED] - Object: 'Object Repository/By Case/Date/Page_Bluuu/span_M4D22' is clicked on

2021-02-24 13:57:56 - [TEST_STEP][PASSED] - click(findTestObject("Object Repository/By Case/18/Page_Bluuu/div__arrow-down_1_2_3")): Object: 'Object Repository/By Case/18/Page_Bluuu/div__arrow-down_1_2_3' is clicked on

2021-02-24 13:57:59 - [MESSAGE][INFO] - Unable to find the element located by 'By.xpath: //fieldset[@id='__BVID__507']/div/div[2]/button/div[2]'. Please recheck the objects properties to make sure the desired element is located. 

2021-02-24 13:57:59 - [MESSAGE][WARNING] - [SELF-HEALING] Failed to find element with id 'Object Repository/By Case/18/Page_Bluuu/div__arrow-down_1_2_3'. Try using Self-healing.

2021-02-24 13:57:59 - [MESSAGE][ERROR] - [SELF-HEALING] com.google.gson.stream.MalformedJsonException: Expected ':' at line 135 column 10 path $.brokenTestObjects[13].<<<<<<<

2021-02-24 13:57:59 - [MESSAGE][INFO] - [SELF-HEALING] Failed Locator: '//fieldset[@id='__BVID__507']/div/div[2]/button/div[2]'.

2021-02-24 13:57:59 - [MESSAGE][INFO] - [SELF-HEALING] Working Locator: '//button/div[2]'.

2021-02-24 13:58:00 - [MESSAGE][INFO] - [SELF-HEALING] Screenshot: C:/Users/Katesopon/git/Katalon-GitTestRepo/Reports/Self-healing/Object Repository/By Case/18/Page_Bluuu/div__arrow-down_1_2_3_position.png

2021-02-24 13:58:00 - [MESSAGE][ERROR] - [SELF-HEALING] com.google.gson.stream.MalformedJsonException: Expected ':' at line 135 column 10 path $.brokenTestObjects[13].<<<<<<<

2021-02-24 13:58:00 - [MESSAGE][ERROR] - [SELF-HEALING] C:\Users\Katesopon\git\Katalon-GitTestRepo\Reports\Self-healing\broken-test-objects.json does not exist or is provided by Self-healing Plugin!

2021-02-24 13:58:00 - [MESSAGE][WARNING] - [SELF-HEALING] The current locator of test object 'Object Repository/By Case/18/Page_Bluuu/div__arrow-down_1_2_3' was broken. Propose an alternative one: '//button/div[2]'.

2021-02-24 13:58:00 - [MESSAGE][PASSED] - Object: 'Object Repository/By Case/18/Page_Bluuu/div__arrow-down_1_2_3' is clicked on

2021-02-24 13:58:00 - [TEST_STEP][PASSED] - click(findTestObject("Object Repository/By Case/18/Page_Bluuu/li_0700")): Object: 'Object Repository/By Case/18/Page_Bluuu/li_0700' is clicked on

2021-02-24 13:58:02 - [MESSAGE][INFO] - Unable to find the element located by 'By.xpath: //fieldset[@id='__BVID__507']/div/div[2]/div/ul/li[4]'. Please recheck the objects properties to make sure the desired element is located. 

2021-02-24 13:58:02 - [MESSAGE][WARNING] - [SELF-HEALING] Failed to find element with id 'Object Repository/By Case/18/Page_Bluuu/li_0700'. Try using Self-healing.

2021-02-24 13:58:02 - [MESSAGE][ERROR] - [SELF-HEALING] com.google.gson.stream.MalformedJsonException: Expected ':' at line 135 column 10 path $.brokenTestObjects[13].<<<<<<<

2021-02-24 13:58:02 - [MESSAGE][INFO] - [SELF-HEALING] Failed Locator: '//fieldset[@id='__BVID__507']/div/div[2]/div/ul/li[4]'.

2021-02-24 13:58:02 - [MESSAGE][INFO] - [SELF-HEALING] Working Locator: '(.//*[normalize-space(text()) and normalize-space(.)=concat('No results matched ', '"', '', '"', '')])[1]/following::li[3]'.

2021-02-24 13:58:03 - [MESSAGE][INFO] - [SELF-HEALING] Screenshot: C:/Users/Katesopon/git/Katalon-GitTestRepo/Reports/Self-healing/Object Repository/By Case/18/Page_Bluuu/li_0700_neighbor.png

2021-02-24 13:58:03 - [MESSAGE][ERROR] - [SELF-HEALING] com.google.gson.stream.MalformedJsonException: Expected ':' at line 135 column 10 path $.brokenTestObjects[13].<<<<<<<

2021-02-24 13:58:03 - [MESSAGE][ERROR] - [SELF-HEALING] C:\Users\Katesopon\git\Katalon-GitTestRepo\Reports\Self-healing\broken-test-objects.json does not exist or is provided by Self-healing Plugin!

2021-02-24 13:58:03 - [MESSAGE][WARNING] - [SELF-HEALING] The current locator of test object 'Object Repository/By Case/18/Page_Bluuu/li_0700' was broken. Propose an alternative one: '(.//*[normalize-space(text()) and normalize-space(.)=concat('No results matched ', '"', '', '"', '')])[1]/following::li[3]'.

2021-02-24 13:58:03 - [MESSAGE][PASSED] - Object: 'Object Repository/By Case/18/Page_Bluuu/li_0700' is clicked on

2021-02-24 13:58:03 - [TEST_STEP][PASSED] - click(findTestObject("Object Repository/By Case/18/Page_Bluuu/span_")): Object: 'Object Repository/By Case/18/Page_Bluuu/span_' is clicked on

2021-02-24 13:58:03 - [MESSAGE][PASSED] - Object: 'Object Repository/By Case/18/Page_Bluuu/span_' is clicked on

2021-02-24 13:58:03 - [TEST_STEP][PASSED] - click(findTestObject("Object Repository/By Case/18/Page_Bluuu/button__1")): Object: 'Object Repository/By Case/18/Page_Bluuu/button__1' is clicked on

2021-02-24 13:58:03 - [MESSAGE][PASSED] - Object: 'Object Repository/By Case/18/Page_Bluuu/button__1' is clicked on

2021-02-24 13:58:03 - [TEST_STEP][PASSED] - click(findTestObject("Object Repository/By Case/18/Page_Bluuu/button__1_2")): Object: 'Object Repository/By Case/18/Page_Bluuu/button__1_2' is clicked on

2021-02-24 13:58:04 - [MESSAGE][PASSED] - Object: 'Object Repository/By Case/18/Page_Bluuu/button__1_2' is clicked on

2021-02-24 13:58:04 - [TEST_STEP][FAILED] - click(findTestObject("Object Repository/By Case/15/Page_/a_")): Unable to click on object 'Object Repository/By Case/15/Page_/a_' (Root cause: com.kms.katalon.core.exception.StepFailedException: Unable to click on object 'Object Repository/By Case/15/Page_/a_'
	at com.kms.katalon.core.webui.keyword.internal.WebUIKeywordMain.stepFailed(WebUIKeywordMain.groovy:64)
	at com.kms.katalon.core.webui.keyword.internal.WebUIKeywordMain.runKeyword(WebUIKeywordMain.groovy:26)
	at com.kms.katalon.core.webui.keyword.builtin.ClickKeyword.click(ClickKeyword.groovy:75)
	at com.kms.katalon.core.webui.keyword.builtin.ClickKeyword.execute(ClickKeyword.groovy:42)
	at com.kms.katalon.core.keyword.internal.KeywordExecutor.executeKeywordForPlatform(KeywordExecutor.groovy:73)
	at com.kms.katalon.core.webui.keyword.WebUiBuiltInKeywords.click(WebUiBuiltInKeywords.groovy:619)
	at com.kms.katalon.core.webui.keyword.WebUiBuiltInKeywords$click$2.call(Unknown Source)
	at 18_Normal OTM (login before).run(18_Normal OTM (login before):88)
	at com.kms.katalon.core.main.ScriptEngine.run(ScriptEngine.java:194)
	at com.kms.katalon.core.main.ScriptEngine.runScriptAsRawText(ScriptEngine.java:119)
	at com.kms.katalon.core.main.TestCaseExecutor.runScript(TestCaseExecutor.java:398)
	at com.kms.katalon.core.main.TestCaseExecutor.doExecute(TestCaseExecutor.java:389)
	at com.kms.katalon.core.main.TestCaseExecutor.processExecutionPhase(TestCaseExecutor.java:368)
	at com.kms.katalon.core.main.TestCaseExecutor.accessMainPhase(TestCaseExecutor.java:360)
	at com.kms.katalon.core.main.TestCaseExecutor.execute(TestCaseExecutor.java:255)
	at com.kms.katalon.core.main.TestSuiteExecutor.accessTestCaseMainPhase(TestSuiteExecutor.java:203)
	at com.kms.katalon.core.main.TestSuiteExecutor.accessTestSuiteMainPhase(TestSuiteExecutor.java:152)
	at com.kms.katalon.core.main.TestSuiteExecutor.execute(TestSuiteExecutor.java:95)
	at com.kms.katalon.core.main.TestCaseMain.startTestSuite(TestCaseMain.java:157)
	at com.kms.katalon.core.main.TestCaseMain$startTestSuite$0.call(Unknown Source)
	at TempTestSuite1614149617286.run(TempTestSuite1614149617286.groovy:39)
Caused by: com.kms.katalon.core.webui.exception.WebElementNotFoundException: Web element with id: 'Object Repository/By Case/15/Page_/a_' located by '//a[@id='LiPromptPay_Scrollbar']' not found
	at com.kms.katalon.core.webui.common.WebUiCommonHelper.findWebElement(WebUiCommonHelper.java:1368)
	at com.kms.katalon.core.webui.keyword.internal.WebUIAbstractKeyword.findWebElement(WebUIAbstractKeyword.groovy:27)
	at com.kms.katalon.core.webui.keyword.internal.WebUIAbstractKeyword.findWebElement(WebUIAbstractKeyword.groovy:26)
	at com.kms.katalon.core.webui.keyword.builtin.ClickKeyword$_click_closure1.doCall(ClickKeyword.groovy:66)
	at com.kms.katalon.core.webui.keyword.builtin.ClickKeyword$_click_closure1.call(ClickKeyword.groovy)
	at com.kms.katalon.core.webui.keyword.internal.WebUIKeywordMain.runKeyword(WebUIKeywordMain.groovy:20)
	at com.kms.katalon.core.webui.keyword.builtin.ClickKeyword.click(ClickKeyword.groovy:75)
	at com.kms.katalon.core.webui.keyword.builtin.ClickKeyword.execute(ClickKeyword.groovy:42)
	at com.kms.katalon.core.keyword.internal.KeywordExecutor.executeKeywordForPlatform(KeywordExecutor.groovy:73)
	at com.kms.katalon.core.webui.keyword.WebUiBuiltInKeywords.click(WebUiBuiltInKeywords.groovy:619)
	at com.kms.katalon.core.webui.keyword.WebUiBuiltInKeywords$click$2.call(Unknown Source)
	at Script1614062479413.run(Script1614062479413.groovy:88)
	... 13 more
)

2021-02-24 13:58:06 - [MESSAGE][INFO] - Unable to find the element located by 'By.xpath: //a[@id='LiPromptPay_Scrollbar']'. Please recheck the objects properties to make sure the desired element is located. 

2021-02-24 13:58:06 - [MESSAGE][WARNING] - [SELF-HEALING] Failed to find element with id 'Object Repository/By Case/15/Page_/a_'. Try using Self-healing.

2021-02-24 13:58:06 - [MESSAGE][ERROR] - [SELF-HEALING] com.google.gson.stream.MalformedJsonException: Expected ':' at line 135 column 10 path $.brokenTestObjects[13].<<<<<<<

2021-02-24 13:58:06 - [MESSAGE][INFO] - [SELF-HEALING] Failed Locator: '//a[@id='LiPromptPay_Scrollbar']'.

2021-02-24 13:58:07 - [MESSAGE][INFO] - [SELF-HEALING] Failed Locator: '//li[@id='ctl00_main_LiPromptPay']/a'.

2021-02-24 13:58:07 - [MESSAGE][INFO] - [SELF-HEALING] Failed Locator: '(.//*[normalize-space(text()) and normalize-space(.)='บัตรเครดิต - บัตรเดบิต (ATM)'])[1]/following::a[1]'.

2021-02-24 13:58:07 - [MESSAGE][INFO] - [SELF-HEALING] Failed Locator: '(.//*[normalize-space(text()) and normalize-space(.)='จ่ายเต็มจำนวน'])[1]/following::a[1]'.

2021-02-24 13:58:07 - [MESSAGE][INFO] - [SELF-HEALING] Failed Locator: '(.//*[normalize-space(text()) and normalize-space(.)='บัตรเครดิต - บัตรเดบิต (ATM)'])[2]/preceding::a[1]'.

2021-02-24 13:58:07 - [MESSAGE][INFO] - [SELF-HEALING] Failed Locator: '//a[contains(@href, '#promtpay')]'.

2021-02-24 13:58:08 - [MESSAGE][INFO] - [SELF-HEALING] Working Locator: '//li[2]/a'.

2021-02-24 13:58:08 - [MESSAGE][ERROR] - [SELF-HEALING] Cannot save screenshot to: C:\Users\Katesopon\git\Katalon-GitTestRepo\Reports\Self-healing, reason: unknown error: unhandled inspector error: {"code":-32000,"message":"Cannot take screenshot with 0 width."}
  (Session info: chrome=88.0.4324.182)
Build info: version: '3.141.59', revision: 'e82be7d358', time: '2018-11-14T08:25:53'
System info: host: 'LAPTOP-PAE3MHPM', ip: '192.168.1.139', os.name: 'Windows 10', os.arch: 'amd64', os.version: '10.0', java.version: '1.8.0_181'
Driver info: com.kms.katalon.selenium.driver.CChromeDriver
Capabilities {acceptInsecureCerts: false, browserName: chrome, browserVersion: 88.0.4324.182, chrome: {chromedriverVersion: 88.0.4324.96 (68dba2d8a0b14..., userDataDir: C:\Users\KATESO~1\AppData\L...}, goog:chromeOptions: {debuggerAddress: localhost:51809}, javascriptEnabled: true, networkConnectionEnabled: false, pageLoadStrategy: normal, platform: WINDOWS, platformName: WINDOWS, proxy: Proxy(), setWindowRect: true, strictFileInteractability: false, timeouts: {implicit: 0, pageLoad: 300000, script: 30000}, unhandledPromptBehavior: dismiss and notify, webauthn:extension:largeBlob: true, webauthn:virtualAuthenticators: true}
Session ID: 8c1c5886490b45d9afbcd6dc62aaa78f.

2021-02-24 13:58:08 - [MESSAGE][ERROR] - [SELF-HEALING] Cannot save screenshot to: C:\Users\Katesopon\git\Katalon-GitTestRepo\Reports\Self-healing, reason: unknown error: unhandled inspector error: {"code":-32000,"message":"Cannot take screenshot with 0 width."}
  (Session info: chrome=88.0.4324.182)
Build info: version: '3.141.59', revision: 'e82be7d358', time: '2018-11-14T08:25:53'
System info: host: 'LAPTOP-PAE3MHPM', ip: '192.168.1.139', os.name: 'Windows 10', os.arch: 'amd64', os.version: '10.0', java.version: '1.8.0_181'
Driver info: com.kms.katalon.selenium.driver.CChromeDriver
Capabilities {acceptInsecureCerts: false, browserName: chrome, browserVersion: 88.0.4324.182, chrome: {chromedriverVersion: 88.0.4324.96 (68dba2d8a0b14..., userDataDir: C:\Users\KATESO~1\AppData\L...}, goog:chromeOptions: {debuggerAddress: localhost:51809}, javascriptEnabled: true, networkConnectionEnabled: false, pageLoadStrategy: normal, platform: WINDOWS, platformName: WINDOWS, proxy: Proxy(), setWindowRect: true, strictFileInteractability: false, timeouts: {implicit: 0, pageLoad: 300000, script: 30000}, unhandledPromptBehavior: dismiss and notify, webauthn:extension:largeBlob: true, webauthn:virtualAuthenticators: true}
Session ID: 8c1c5886490b45d9afbcd6dc62aaa78f.

2021-02-24 13:58:08 - [MESSAGE][WARNING] - [SELF-HEALING] 'other' is different type of Path

2021-02-24 13:58:09 - [MESSAGE][INFO] - Unable to find the element located by 'By.xpath: //*[@id = 'LiPromptPay_Scrollbar' and @href = '#promtpay' and (text() = '
                                                                
                                                                    
                                                                        
                                                                    
                                                                    
                                                                        พร้อมเพย์
                                                                    
                                                                
                                                            ' or . = '
                                                                
                                                                    
                                                                        
                                                                    
                                                                    
                                                                        พร้อมเพย์
                                                                    
                                                                
                                                            ')]'. Please recheck the objects properties to make sure the desired element is located. 

2021-02-24 13:58:10 - [MESSAGE][INFO] - Unable to find the element located by 'By.cssSelector: #LiPromptPay_Scrollbar'. Please recheck the objects properties to make sure the desired element is located. 

2021-02-24 13:58:10 - [MESSAGE][FAILED] - Unable to click on object 'Object Repository/By Case/15/Page_/a_' (Root cause: com.kms.katalon.core.exception.StepFailedException: Unable to click on object 'Object Repository/By Case/15/Page_/a_'
	at com.kms.katalon.core.webui.keyword.internal.WebUIKeywordMain.stepFailed(WebUIKeywordMain.groovy:64)
	at com.kms.katalon.core.webui.keyword.internal.WebUIKeywordMain.runKeyword(WebUIKeywordMain.groovy:26)
	at com.kms.katalon.core.webui.keyword.builtin.ClickKeyword.click(ClickKeyword.groovy:75)
	at com.kms.katalon.core.webui.keyword.builtin.ClickKeyword.execute(ClickKeyword.groovy:42)
	at com.kms.katalon.core.keyword.internal.KeywordExecutor.executeKeywordForPlatform(KeywordExecutor.groovy:73)
	at com.kms.katalon.core.webui.keyword.WebUiBuiltInKeywords.click(WebUiBuiltInKeywords.groovy:619)
	at com.kms.katalon.core.webui.keyword.WebUiBuiltInKeywords$click$2.call(Unknown Source)
	at 18_Normal OTM (login before).run(18_Normal OTM (login before):88)
	at com.kms.katalon.core.main.ScriptEngine.run(ScriptEngine.java:194)
	at com.kms.katalon.core.main.ScriptEngine.runScriptAsRawText(ScriptEngine.java:119)
	at com.kms.katalon.core.main.TestCaseExecutor.runScript(TestCaseExecutor.java:398)
	at com.kms.katalon.core.main.TestCaseExecutor.doExecute(TestCaseExecutor.java:389)
	at com.kms.katalon.core.main.TestCaseExecutor.processExecutionPhase(TestCaseExecutor.java:368)
	at com.kms.katalon.core.main.TestCaseExecutor.accessMainPhase(TestCaseExecutor.java:360)
	at com.kms.katalon.core.main.TestCaseExecutor.execute(TestCaseExecutor.java:255)
	at com.kms.katalon.core.main.TestSuiteExecutor.accessTestCaseMainPhase(TestSuiteExecutor.java:203)
	at com.kms.katalon.core.main.TestSuiteExecutor.accessTestSuiteMainPhase(TestSuiteExecutor.java:152)
	at com.kms.katalon.core.main.TestSuiteExecutor.execute(TestSuiteExecutor.java:95)
	at com.kms.katalon.core.main.TestCaseMain.startTestSuite(TestCaseMain.java:157)
	at com.kms.katalon.core.main.TestCaseMain$startTestSuite$0.call(Unknown Source)
	at TempTestSuite1614149617286.run(TempTestSuite1614149617286.groovy:39)
Caused by: com.kms.katalon.core.webui.exception.WebElementNotFoundException: Web element with id: 'Object Repository/By Case/15/Page_/a_' located by '//a[@id='LiPromptPay_Scrollbar']' not found
	at com.kms.katalon.core.webui.common.WebUiCommonHelper.findWebElement(WebUiCommonHelper.java:1368)
	at com.kms.katalon.core.webui.keyword.internal.WebUIAbstractKeyword.findWebElement(WebUIAbstractKeyword.groovy:27)
	at com.kms.katalon.core.webui.keyword.internal.WebUIAbstractKeyword.findWebElement(WebUIAbstractKeyword.groovy:26)
	at com.kms.katalon.core.webui.keyword.builtin.ClickKeyword$_click_closure1.doCall(ClickKeyword.groovy:66)
	at com.kms.katalon.core.webui.keyword.builtin.ClickKeyword$_click_closure1.call(ClickKeyword.groovy)
	at com.kms.katalon.core.webui.keyword.internal.WebUIKeywordMain.runKeyword(WebUIKeywordMain.groovy:20)
	at com.kms.katalon.core.webui.keyword.builtin.ClickKeyword.click(ClickKeyword.groovy:75)
	at com.kms.katalon.core.webui.keyword.builtin.ClickKeyword.execute(ClickKeyword.groovy:42)
	at com.kms.katalon.core.keyword.internal.KeywordExecutor.executeKeywordForPlatform(KeywordExecutor.groovy:73)
	at com.kms.katalon.core.webui.keyword.WebUiBuiltInKeywords.click(WebUiBuiltInKeywords.groovy:619)
	at com.kms.katalon.core.webui.keyword.WebUiBuiltInKeywords$click$2.call(Unknown Source)
	at Script1614062479413.run(Script1614062479413.groovy:88)
	... 13 more
)
[[ATTACHMENT|C:\\Users\\Katesopon\\git\\Katalon-GitTestRepo\\Reports\\20210224_135337\\OTM\\20210224_135337\\1614149890513.png]]]]></system-out>
         <system-err><![CDATA[2021-02-24 13:56:59 - [TEST_CASE][FAILED] - Test Cases/Make a service in charge tab (We login after serviced confirming)/18_Normal OTM (login before): Test Cases/Make a service in charge tab (We login after serviced confirming)/18_Normal OTM (login before) FAILED.
Reason:
com.kms.katalon.core.exception.StepFailedException: Unable to click on object 'Object Repository/By Case/15/Page_/a_'
	at com.kms.katalon.core.webui.keyword.internal.WebUIKeywordMain.stepFailed(WebUIKeywordMain.groovy:64)
	at com.kms.katalon.core.webui.keyword.internal.WebUIKeywordMain.runKeyword(WebUIKeywordMain.groovy:26)
	at com.kms.katalon.core.webui.keyword.builtin.ClickKeyword.click(ClickKeyword.groovy:75)
	at com.kms.katalon.core.webui.keyword.builtin.ClickKeyword.execute(ClickKeyword.groovy:42)
	at com.kms.katalon.core.keyword.internal.KeywordExecutor.executeKeywordForPlatform(KeywordExecutor.groovy:73)
	at com.kms.katalon.core.webui.keyword.WebUiBuiltInKeywords.click(WebUiBuiltInKeywords.groovy:619)
	at com.kms.katalon.core.webui.keyword.WebUiBuiltInKeywords$click$2.call(Unknown Source)
	at 18_Normal OTM (login before).run(18_Normal OTM (login before):88)
	at com.kms.katalon.core.main.ScriptEngine.run(ScriptEngine.java:194)
	at com.kms.katalon.core.main.ScriptEngine.runScriptAsRawText(ScriptEngine.java:119)
	at com.kms.katalon.core.main.TestCaseExecutor.runScript(TestCaseExecutor.java:398)
	at com.kms.katalon.core.main.TestCaseExecutor.doExecute(TestCaseExecutor.java:389)
	at com.kms.katalon.core.main.TestCaseExecutor.processExecutionPhase(TestCaseExecutor.java:368)
	at com.kms.katalon.core.main.TestCaseExecutor.accessMainPhase(TestCaseExecutor.java:360)
	at com.kms.katalon.core.main.TestCaseExecutor.execute(TestCaseExecutor.java:255)
	at com.kms.katalon.core.main.TestSuiteExecutor.accessTestCaseMainPhase(TestSuiteExecutor.java:203)
	at com.kms.katalon.core.main.TestSuiteExecutor.accessTestSuiteMainPhase(TestSuiteExecutor.java:152)
	at com.kms.katalon.core.main.TestSuiteExecutor.execute(TestSuiteExecutor.java:95)
	at com.kms.katalon.core.main.TestCaseMain.startTestSuite(TestCaseMain.java:157)
	at com.kms.katalon.core.main.TestCaseMain$startTestSuite$0.call(Unknown Source)
	at TempTestSuite1614149617286.run(TempTestSuite1614149617286.groovy:39)
Caused by: com.kms.katalon.core.webui.exception.WebElementNotFoundException: Web element with id: 'Object Repository/By Case/15/Page_/a_' located by '//a[@id='LiPromptPay_Scrollbar']' not found
	at com.kms.katalon.core.webui.common.WebUiCommonHelper.findWebElement(WebUiCommonHelper.java:1368)
	at com.kms.katalon.core.webui.keyword.internal.WebUIAbstractKeyword.findWebElement(WebUIAbstractKeyword.groovy:27)
	at com.kms.katalon.core.webui.keyword.internal.WebUIAbstractKeyword.findWebElement(WebUIAbstractKeyword.groovy:26)
	at com.kms.katalon.core.webui.keyword.builtin.ClickKeyword$_click_closure1.doCall(ClickKeyword.groovy:66)
	at com.kms.katalon.core.webui.keyword.builtin.ClickKeyword$_click_closure1.call(ClickKeyword.groovy)
	at com.kms.katalon.core.webui.keyword.internal.WebUIKeywordMain.runKeyword(WebUIKeywordMain.groovy:20)
	... 19 more]]></system-err>
      </testcase>
      <system-out><![CDATA[2021-02-24 13:53:40 - [TEST_SUITE][FAILED] - OTM: Test Cases/Login before use a service/11_Normal OTM (login before) FAILED.
Reason:
com.kms.katalon.core.exception.StepFailedException: Unable to click on object 'Object Repository/Used/zElement-Bluuu/svg_NextMonth'
	at com.kms.katalon.core.webui.keyword.internal.WebUIKeywordMain.stepFailed(WebUIKeywordMain.groovy:64)
	at com.kms.katalon.core.webui.keyword.internal.WebUIKeywordMain.runKeyword(WebUIKeywordMain.groovy:26)
	at com.kms.katalon.core.webui.keyword.builtin.ClickKeyword.click(ClickKeyword.groovy:75)
	at com.kms.katalon.core.webui.keyword.builtin.ClickKeyword.execute(ClickKeyword.groovy:42)
	at com.kms.katalon.core.keyword.internal.KeywordExecutor.executeKeywordForPlatform(KeywordExecutor.groovy:73)
	at com.kms.katalon.core.webui.keyword.WebUiBuiltInKeywords.click(WebUiBuiltInKeywords.groovy:619)
	at com.kms.katalon.core.webui.keyword.WebUiBuiltInKeywords$click$2.call(Unknown Source)
	at 11_Normal OTM (login before).run(11_Normal OTM (login before):83)
	at com.kms.katalon.core.main.ScriptEngine.run(ScriptEngine.java:194)
	at com.kms.katalon.core.main.ScriptEngine.runScriptAsRawText(ScriptEngine.java:119)
	at com.kms.katalon.core.main.TestCaseExecutor.runScript(TestCaseExecutor.java:398)
	at com.kms.katalon.core.main.TestCaseExecutor.doExecute(TestCaseExecutor.java:389)
	at com.kms.katalon.core.main.TestCaseExecutor.processExecutionPhase(TestCaseExecutor.java:368)
	at com.kms.katalon.core.main.TestCaseExecutor.accessMainPhase(TestCaseExecutor.java:360)
	at com.kms.katalon.core.main.TestCaseExecutor.execute(TestCaseExecutor.java:255)
	at com.kms.katalon.core.main.TestSuiteExecutor.accessTestCaseMainPhase(TestSuiteExecutor.java:203)
	at com.kms.katalon.core.main.TestSuiteExecutor.accessTestSuiteMainPhase(TestSuiteExecutor.java:152)
	at com.kms.katalon.core.main.TestSuiteExecutor.execute(TestSuiteExecutor.java:95)
	at com.kms.katalon.core.main.TestCaseMain.startTestSuite(TestCaseMain.java:157)
	at com.kms.katalon.core.main.TestCaseMain$startTestSuite$0.call(Unknown Source)
	at TempTestSuite1614149617286.run(TempTestSuite1614149617286.groovy:39)
Caused by: com.kms.katalon.core.webui.exception.WebElementNotFoundException: Web element with id: 'Object Repository/Used/zElement-Bluuu/svg_NextMonth' located by '(.//*[normalize-space(text()) and normalize-space(.)='ส'])[1]/following::*[name()='svg'][2]' not found
	at com.kms.katalon.core.webui.common.WebUiCommonHelper.findWebElement(WebUiCommonHelper.java:1368)
	at com.kms.katalon.core.webui.keyword.internal.WebUIAbstractKeyword.findWebElement(WebUIAbstractKeyword.groovy:27)
	at com.kms.katalon.core.webui.keyword.internal.WebUIAbstractKeyword.findWebElement(WebUIAbstractKeyword.groovy:26)
	at com.kms.katalon.core.webui.keyword.builtin.ClickKeyword$_click_closure1.doCall(ClickKeyword.groovy:66)
	at com.kms.katalon.core.webui.keyword.builtin.ClickKeyword$_click_closure1.call(ClickKeyword.groovy)
	at com.kms.katalon.core.webui.keyword.internal.WebUIKeywordMain.runKeyword(WebUIKeywordMain.groovy:20)
	... 19 more]]></system-out>
      <system-err><![CDATA[2021-02-24 13:53:40 - [TEST_SUITE][FAILED] - OTM: Test Cases/Login before use a service/11_Normal OTM (login before) FAILED.
Reason:
com.kms.katalon.core.exception.StepFailedException: Unable to click on object 'Object Repository/Used/zElement-Bluuu/svg_NextMonth'
	at com.kms.katalon.core.webui.keyword.internal.WebUIKeywordMain.stepFailed(WebUIKeywordMain.groovy:64)
	at com.kms.katalon.core.webui.keyword.internal.WebUIKeywordMain.runKeyword(WebUIKeywordMain.groovy:26)
	at com.kms.katalon.core.webui.keyword.builtin.ClickKeyword.click(ClickKeyword.groovy:75)
	at com.kms.katalon.core.webui.keyword.builtin.ClickKeyword.execute(ClickKeyword.groovy:42)
	at com.kms.katalon.core.keyword.internal.KeywordExecutor.executeKeywordForPlatform(KeywordExecutor.groovy:73)
	at com.kms.katalon.core.webui.keyword.WebUiBuiltInKeywords.click(WebUiBuiltInKeywords.groovy:619)
	at com.kms.katalon.core.webui.keyword.WebUiBuiltInKeywords$click$2.call(Unknown Source)
	at 11_Normal OTM (login before).run(11_Normal OTM (login before):83)
	at com.kms.katalon.core.main.ScriptEngine.run(ScriptEngine.java:194)
	at com.kms.katalon.core.main.ScriptEngine.runScriptAsRawText(ScriptEngine.java:119)
	at com.kms.katalon.core.main.TestCaseExecutor.runScript(TestCaseExecutor.java:398)
	at com.kms.katalon.core.main.TestCaseExecutor.doExecute(TestCaseExecutor.java:389)
	at com.kms.katalon.core.main.TestCaseExecutor.processExecutionPhase(TestCaseExecutor.java:368)
	at com.kms.katalon.core.main.TestCaseExecutor.accessMainPhase(TestCaseExecutor.java:360)
	at com.kms.katalon.core.main.TestCaseExecutor.execute(TestCaseExecutor.java:255)
	at com.kms.katalon.core.main.TestSuiteExecutor.accessTestCaseMainPhase(TestSuiteExecutor.java:203)
	at com.kms.katalon.core.main.TestSuiteExecutor.accessTestSuiteMainPhase(TestSuiteExecutor.java:152)
	at com.kms.katalon.core.main.TestSuiteExecutor.execute(TestSuiteExecutor.java:95)
	at com.kms.katalon.core.main.TestCaseMain.startTestSuite(TestCaseMain.java:157)
	at com.kms.katalon.core.main.TestCaseMain$startTestSuite$0.call(Unknown Source)
	at TempTestSuite1614149617286.run(TempTestSuite1614149617286.groovy:39)
Caused by: com.kms.katalon.core.webui.exception.WebElementNotFoundException: Web element with id: 'Object Repository/Used/zElement-Bluuu/svg_NextMonth' located by '(.//*[normalize-space(text()) and normalize-space(.)='ส'])[1]/following::*[name()='svg'][2]' not found
	at com.kms.katalon.core.webui.common.WebUiCommonHelper.findWebElement(WebUiCommonHelper.java:1368)
	at com.kms.katalon.core.webui.keyword.internal.WebUIAbstractKeyword.findWebElement(WebUIAbstractKeyword.groovy:27)
	at com.kms.katalon.core.webui.keyword.internal.WebUIAbstractKeyword.findWebElement(WebUIAbstractKeyword.groovy:26)
	at com.kms.katalon.core.webui.keyword.builtin.ClickKeyword$_click_closure1.doCall(ClickKeyword.groovy:66)
	at com.kms.katalon.core.webui.keyword.builtin.ClickKeyword$_click_closure1.call(ClickKeyword.groovy)
	at com.kms.katalon.core.webui.keyword.internal.WebUIKeywordMain.runKeyword(WebUIKeywordMain.groovy:20)
	... 19 more]]></system-err>
   </testsuite>
</testsuites>
