<?xml version="1.0" encoding="UTF-8"?>
<testsuites name="Login Case" time="39.156" tests="2" failures="0" skips="0" errors="0">
   <testsuite name="Login Case" tests="2" failures="0" errors="0" time="39.156" skips="0" timestamp="2021-02-24 14:04:53" hostname="Katesopon - LAPTOP-PAE3MHPM" id="Test Suites/Login Case">
      <properties>
         <property name="deviceName" value=""/>
         <property name="devicePlatform" value=""/>
         <property name="logFolder" value="C:\\Users\\Katesopon\\git\\Katalon-GitTestRepo\\Reports\\20210224_140448\\Login Case\\20210224_140449"/>
         <property name="logFiles" value="C:\\Users\\Katesopon\\git\\Katalon-GitTestRepo\\Reports\\20210224_140448\\Login Case\\20210224_140449\\execution0.log"/>
         <property name="attachments" value=""/>
         <property name="hostName" value="Katesopon - LAPTOP-PAE3MHPM"/>
         <property name="os" value="Windows 10 64bit"/>
         <property name="katalonVersion" value="7.9.1.208"/>
         <property name="browser" value="Chrome 88.0.4324.182"/>
         <property name="hostAddress" value="192.168.1.139"/>
         <property name="sessionId" value="c7c6b4a48e0d7bd7b0a847b8d15f14c4"/>
         <property name="seleniumVersion" value="3.141.59"/>
         <property name="proxyInformation" value="ProxyInformation { proxyOption=NO_PROXY, proxyServerType=HTTP, username=, password=********, proxyServerAddress=, proxyServerPort=0, executionList=&quot;&quot;, isApplyToDesiredCapabilities=true }"/>
         <property name="platform" value="Windows 10"/>
      </properties>
      <testcase name="Test Cases/Basic Scenario/01_Check Login" time="19.929" classname="Test Cases/Basic Scenario/01_Check Login" status="PASSED">
         <system-out><![CDATA[2021-02-24 14:04:54 - [TEST_CASE][PASSED] - Test Cases/Basic Scenario/01_Check Login: Test Cases/Basic Scenario/01_Check Login

2021-02-24 14:04:55 - [TEST_STEP][PASSED] - openBrowser(""): Browser is opened with url: ''

2021-02-24 14:04:55 - [MESSAGE][INFO] - Starting 'Chrome' driver

2021-02-24 14:04:55 - [MESSAGE][INFO] - Action delay is set to 0 milliseconds

2021-02-24 14:04:57 - [MESSAGE][PASSED] - Browser is opened with url: ''

2021-02-24 14:04:57 - [TEST_STEP][PASSED] - navigateToUrl("https://uat.bluuu.co/"): Navigate to 'https://uat.bluuu.co/' successfully

2021-02-24 14:05:01 - [MESSAGE][PASSED] - Navigate to 'https://uat.bluuu.co/' successfully

2021-02-24 14:05:01 - [TEST_STEP][PASSED] - maximizeWindow(): Current window maximized

2021-02-24 14:05:01 - [MESSAGE][PASSED] - Current window maximized

2021-02-24 14:05:01 - [TEST_STEP][PASSED] - click(findTestObject("Used/zElement-Bluuu/img_TH_avatar_Not-Login")): Object: 'Object Repository/Used/zElement-Bluuu/img_TH_avatar_Not-Login' is clicked on

2021-02-24 14:05:02 - [MESSAGE][PASSED] - Object: 'Object Repository/Used/zElement-Bluuu/img_TH_avatar_Not-Login' is clicked on

2021-02-24 14:05:02 - [TEST_STEP][PASSED] - click(findTestObject("Used/zElement-Bluuu/button_ Facebook_Login")): Object: 'Object Repository/Used/zElement-Bluuu/button_ Facebook_Login' is clicked on

2021-02-24 14:05:03 - [MESSAGE][PASSED] - Object: 'Object Repository/Used/zElement-Bluuu/button_ Facebook_Login' is clicked on

2021-02-24 14:05:03 - [TEST_STEP][PASSED] - switchToWindowTitle("Facebook"): Switched to window with title: 'Facebook'

2021-02-24 14:05:04 - [MESSAGE][PASSED] - Switched to window with title: 'Facebook'

2021-02-24 14:05:04 - [TEST_STEP][PASSED] - setText(findTestObject("Used/Page-Facebook/input__email"), "qmkecjunto_1612852822@tfbnw.net"): Text 'qmkecjunto_1612852822@tfbnw.net' is set on object 'Object Repository/Used/Page-Facebook/input__email'

2021-02-24 14:05:05 - [MESSAGE][PASSED] - Text 'qmkecjunto_1612852822@tfbnw.net' is set on object 'Object Repository/Used/Page-Facebook/input__email'

2021-02-24 14:05:05 - [TEST_STEP][PASSED] - setEncryptedText(findTestObject("Used/Page-Facebook/input__pass"), "gOP7IdE590r7JITAEPMRJQ=="): Text ****** has been set on object 'Object Repository/Used/Page-Facebook/input__pass'

2021-02-24 14:05:06 - [MESSAGE][PASSED] - Text ****** has been set on object 'Object Repository/Used/Page-Facebook/input__pass'

2021-02-24 14:05:06 - [TEST_STEP][PASSED] - click(findTestObject("Used/Page-Facebook/label__loginbutton")): Object: 'Object Repository/Used/Page-Facebook/label__loginbutton' is clicked on

2021-02-24 14:05:06 - [MESSAGE][PASSED] - Object: 'Object Repository/Used/Page-Facebook/label__loginbutton' is clicked on

2021-02-24 14:05:06 - [TEST_STEP][PASSED] - switchToWindowTitle("Bluuu - จ้างแม่บ้าน ผู้เชี่ยวชาญเรื่องบ้านที่คุณไว้วางใจได้มากที่สุด"): Switched to window with title: 'Bluuu - จ้างแม่บ้าน ผู้เชี่ยวชาญเรื่องบ้านที่คุณไว้วางใจได้มากที่สุด'

2021-02-24 14:05:06 - [MESSAGE][PASSED] - Switched to window with title: 'Bluuu - จ้างแม่บ้าน ผู้เชี่ยวชาญเรื่องบ้านที่คุณไว้วางใจได้มากที่สุด'

2021-02-24 14:05:06 - [TEST_STEP][PASSED] - click(findTestObject("Used/zElement-Bluuu/img_TH_avatar_Login")): Object: 'Object Repository/Used/zElement-Bluuu/img_TH_avatar_Login' is clicked on

2021-02-24 14:05:08 - [MESSAGE][INFO] - Unable to find the element located by 'By.xpath: //button[@id='__BVID__141__BV_toggle_']/img'. Please recheck the objects properties to make sure the desired element is located. 

2021-02-24 14:05:08 - [MESSAGE][WARNING] - [SELF-HEALING] Failed to find element with id 'Object Repository/Used/zElement-Bluuu/img_TH_avatar_Login'. Try using Self-healing.

2021-02-24 14:05:08 - [MESSAGE][ERROR] - [SELF-HEALING] com.google.gson.stream.MalformedJsonException: Expected ':' at line 135 column 10 path $.brokenTestObjects[13].<<<<<<<

2021-02-24 14:05:11 - [MESSAGE][INFO] - [SELF-HEALING] Working Locator: '//button[@id='__BVID__141__BV_toggle_']/img'.

2021-02-24 14:05:11 - [MESSAGE][INFO] - [SELF-HEALING] Screenshot: C:/Users/Katesopon/git/Katalon-GitTestRepo/Reports/Self-healing/Object Repository/Used/zElement-Bluuu/img_TH_avatar_Login_idRelative.png

2021-02-24 14:05:11 - [MESSAGE][ERROR] - [SELF-HEALING] com.google.gson.stream.MalformedJsonException: Expected ':' at line 135 column 10 path $.brokenTestObjects[13].<<<<<<<

2021-02-24 14:05:11 - [MESSAGE][ERROR] - [SELF-HEALING] C:\Users\Katesopon\git\Katalon-GitTestRepo\Reports\Self-healing\broken-test-objects.json does not exist or is provided by Self-healing Plugin!

2021-02-24 14:05:11 - [MESSAGE][WARNING] - [SELF-HEALING] The current locator of test object 'Object Repository/Used/zElement-Bluuu/img_TH_avatar_Login' was broken. Propose an alternative one: '//button[@id='__BVID__141__BV_toggle_']/img'.

2021-02-24 14:05:11 - [MESSAGE][PASSED] - Object: 'Object Repository/Used/zElement-Bluuu/img_TH_avatar_Login' is clicked on

2021-02-24 14:05:11 - [TEST_STEP][PASSED] - click(findTestObject("Used/zElement-Bluuu/a_myprofile")): Object: 'Object Repository/Used/zElement-Bluuu/a_myprofile' is clicked on

2021-02-24 14:05:12 - [MESSAGE][PASSED] - Object: 'Object Repository/Used/zElement-Bluuu/a_myprofile' is clicked on

2021-02-24 14:05:12 - [TEST_STEP][PASSED] - email = getAttribute(findTestObject("Used/Page_Bluuu/input_myprofile_emailbox"), "value"): Attribute 'value' of object 'Object Repository/Used/Page_Bluuu/input_myprofile_emailbox' is: 'qmkecjunto_1612852822@tfbnw.net'

2021-02-24 14:05:13 - [MESSAGE][PASSED] - Attribute 'value' of object 'Object Repository/Used/Page_Bluuu/input_myprofile_emailbox' is: 'qmkecjunto_1612852822@tfbnw.net'

2021-02-24 14:05:13 - [TEST_STEP][PASSED] - if (email == "qmkecjunto_1612852822@tfbnw.net"): Browser is closed

2021-02-24 14:05:13 - [TEST_STEP][PASSED] - closeBrowser(): Browser is closed

2021-02-24 14:05:14 - [MESSAGE][PASSED] - Browser is closed]]></system-out>
         <system-err><![CDATA[]]></system-err>
      </testcase>
      <testcase name="Test Cases/Basic Scenario/02_Check Logout" time="17.566" classname="Test Cases/Basic Scenario/02_Check Logout" status="PASSED">
         <system-out><![CDATA[2021-02-24 14:05:14 - [TEST_CASE][PASSED] - Test Cases/Basic Scenario/02_Check Logout: Test Cases/Basic Scenario/02_Check Logout

2021-02-24 14:05:14 - [TEST_STEP][PASSED] - openBrowser(""): Browser is opened with url: ''

2021-02-24 14:05:14 - [MESSAGE][INFO] - Starting 'Chrome' driver

2021-02-24 14:05:14 - [MESSAGE][INFO] - Action delay is set to 0 milliseconds

2021-02-24 14:05:16 - [MESSAGE][PASSED] - Browser is opened with url: ''

2021-02-24 14:05:16 - [TEST_STEP][PASSED] - maximizeWindow(): Current window maximized

2021-02-24 14:05:16 - [MESSAGE][PASSED] - Current window maximized

2021-02-24 14:05:16 - [TEST_STEP][PASSED] - navigateToUrl("https://uat.bluuu.co/"): Navigate to 'https://uat.bluuu.co/' successfully

2021-02-24 14:05:18 - [MESSAGE][PASSED] - Navigate to 'https://uat.bluuu.co/' successfully

2021-02-24 14:05:18 - [TEST_STEP][PASSED] - click(findTestObject("Used/zElement-Bluuu/img_TH_avatar_Not-Login")): Object: 'Object Repository/Used/zElement-Bluuu/img_TH_avatar_Not-Login' is clicked on

2021-02-24 14:05:19 - [MESSAGE][PASSED] - Object: 'Object Repository/Used/zElement-Bluuu/img_TH_avatar_Not-Login' is clicked on

2021-02-24 14:05:19 - [TEST_STEP][PASSED] - click(findTestObject("Used/zElement-Bluuu/button_ Facebook_Login")): Object: 'Object Repository/Used/zElement-Bluuu/button_ Facebook_Login' is clicked on

2021-02-24 14:05:20 - [MESSAGE][PASSED] - Object: 'Object Repository/Used/zElement-Bluuu/button_ Facebook_Login' is clicked on

2021-02-24 14:05:20 - [TEST_STEP][PASSED] - switchToWindowTitle("Facebook"): Switched to window with title: 'Facebook'

2021-02-24 14:05:22 - [MESSAGE][PASSED] - Switched to window with title: 'Facebook'

2021-02-24 14:05:22 - [TEST_STEP][PASSED] - setText(findTestObject("Used/Page-Facebook/input__email"), "qmkecjunto_1612852822@tfbnw.net"): Text 'qmkecjunto_1612852822@tfbnw.net' is set on object 'Object Repository/Used/Page-Facebook/input__email'

2021-02-24 14:05:23 - [MESSAGE][PASSED] - Text 'qmkecjunto_1612852822@tfbnw.net' is set on object 'Object Repository/Used/Page-Facebook/input__email'

2021-02-24 14:05:23 - [TEST_STEP][PASSED] - setEncryptedText(findTestObject("Used/Page-Facebook/input__pass"), "gOP7IdE590r7JITAEPMRJQ=="): Text ****** has been set on object 'Object Repository/Used/Page-Facebook/input__pass'

2021-02-24 14:05:24 - [MESSAGE][PASSED] - Text ****** has been set on object 'Object Repository/Used/Page-Facebook/input__pass'

2021-02-24 14:05:24 - [TEST_STEP][PASSED] - click(findTestObject("Temp/Page_Facebook/label__loginbutton")): Object: 'Object Repository/Temp/Page_Facebook/label__loginbutton' is clicked on

2021-02-24 14:05:24 - [MESSAGE][PASSED] - Object: 'Object Repository/Temp/Page_Facebook/label__loginbutton' is clicked on

2021-02-24 14:05:24 - [TEST_STEP][PASSED] - switchToWindowTitle("Bluuu - จ้างแม่บ้าน ผู้เชี่ยวชาญเรื่องบ้านที่คุณไว้วางใจได้มากที่สุด"): Switched to window with title: 'Bluuu - จ้างแม่บ้าน ผู้เชี่ยวชาญเรื่องบ้านที่คุณไว้วางใจได้มากที่สุด'

2021-02-24 14:05:24 - [MESSAGE][PASSED] - Switched to window with title: 'Bluuu - จ้างแม่บ้าน ผู้เชี่ยวชาญเรื่องบ้านที่คุณไว้วางใจได้มากที่สุด'

2021-02-24 14:05:24 - [TEST_STEP][PASSED] - click(findTestObject("Used/zElement-Bluuu/img_TH_avatar_Login")): Object: 'Object Repository/Used/zElement-Bluuu/img_TH_avatar_Login' is clicked on

2021-02-24 14:05:26 - [MESSAGE][INFO] - Unable to find the element located by 'By.xpath: //button[@id='__BVID__141__BV_toggle_']/img'. Please recheck the objects properties to make sure the desired element is located. 

2021-02-24 14:05:26 - [MESSAGE][WARNING] - [SELF-HEALING] Failed to find element with id 'Object Repository/Used/zElement-Bluuu/img_TH_avatar_Login'. Try using Self-healing.

2021-02-24 14:05:26 - [MESSAGE][ERROR] - [SELF-HEALING] com.google.gson.stream.MalformedJsonException: Expected ':' at line 135 column 10 path $.brokenTestObjects[13].<<<<<<<

2021-02-24 14:05:27 - [MESSAGE][INFO] - [SELF-HEALING] Failed Locator: '//button[@id='__BVID__141__BV_toggle_']/img'.

2021-02-24 14:05:27 - [MESSAGE][INFO] - [SELF-HEALING] Failed Locator: '//img[contains(@src,'https://storage.googleapis.com/bluuu-uat-profile-images/100554548743665.jpg')]'.

2021-02-24 14:05:27 - [MESSAGE][INFO] - [SELF-HEALING] Failed Locator: '//button/img'.

2021-02-24 14:05:28 - [MESSAGE][INFO] - [SELF-HEALING] Working Locator: '//button[@id='__BVID__141__BV_toggle_']/img'.

2021-02-24 14:05:29 - [MESSAGE][INFO] - [SELF-HEALING] Screenshot: C:/Users/Katesopon/git/Katalon-GitTestRepo/Reports/Self-healing/Object Repository/Used/zElement-Bluuu/img_TH_avatar_Login_idRelative.png

2021-02-24 14:05:29 - [MESSAGE][ERROR] - [SELF-HEALING] com.google.gson.stream.MalformedJsonException: Expected ':' at line 135 column 10 path $.brokenTestObjects[13].<<<<<<<

2021-02-24 14:05:29 - [MESSAGE][ERROR] - [SELF-HEALING] C:\Users\Katesopon\git\Katalon-GitTestRepo\Reports\Self-healing\broken-test-objects.json does not exist or is provided by Self-healing Plugin!

2021-02-24 14:05:29 - [MESSAGE][WARNING] - [SELF-HEALING] The current locator of test object 'Object Repository/Used/zElement-Bluuu/img_TH_avatar_Login' was broken. Propose an alternative one: '//button[@id='__BVID__141__BV_toggle_']/img'.

2021-02-24 14:05:29 - [MESSAGE][PASSED] - Object: 'Object Repository/Used/zElement-Bluuu/img_TH_avatar_Login' is clicked on

2021-02-24 14:05:29 - [TEST_STEP][PASSED] - click(findTestObject("Used/zElement-Bluuu/a_logout")): Object: 'Object Repository/Used/zElement-Bluuu/a_logout' is clicked on

2021-02-24 14:05:30 - [MESSAGE][PASSED] - Object: 'Object Repository/Used/zElement-Bluuu/a_logout' is clicked on

2021-02-24 14:05:30 - [TEST_STEP][PASSED] - click(findTestObject("Used/zElement-Bluuu/img_TH_avatar_Not-Login")): Object: 'Object Repository/Used/zElement-Bluuu/img_TH_avatar_Not-Login' is clicked on

2021-02-24 14:05:30 - [MESSAGE][PASSED] - Object: 'Object Repository/Used/zElement-Bluuu/img_TH_avatar_Not-Login' is clicked on

2021-02-24 14:05:30 - [TEST_STEP][PASSED] - log = getText(findTestObject("Used/zElement-Bluuu/Page_Bluuu/Page_Bluuu -/h4_")): Text of object 'Object Repository/Used/zElement-Bluuu/Page_Bluuu/Page_Bluuu -/h4_' is: 'เข้าสู่ระบบ'

2021-02-24 14:05:31 - [MESSAGE][PASSED] - Text of object 'Object Repository/Used/zElement-Bluuu/Page_Bluuu/Page_Bluuu -/h4_' is: 'เข้าสู่ระบบ'

2021-02-24 14:05:31 - [TEST_STEP][PASSED] - if (log == "เข้าสู่ระบบ"): Browser is closed

2021-02-24 14:05:31 - [TEST_STEP][PASSED] - closeBrowser(): Browser is closed

2021-02-24 14:05:32 - [MESSAGE][PASSED] - Browser is closed]]></system-out>
         <system-err><![CDATA[]]></system-err>
      </testcase>
      <system-out><![CDATA[2021-02-24 14:04:53 - [TEST_SUITE][PASSED] - Login Case: Test Cases/Basic Scenario/02_Check Logout]]></system-out>
      <system-err><![CDATA[]]></system-err>
   </testsuite>
</testsuites>
